[0.417s] Invoking command in '/home/tardle/ntriptest/src/ntrip_client': PYTHONPATH=/home/tardle/ntriptest/build/ntrip_client/prefix_override:/usr/lib/python3/dist-packages/colcon_core/task/python/colcon_distutils_commands:/home/tardle/ntriptest/install/ntrip_client/lib/python3.10/site-packages:${PYTHONPATH} /usr/bin/python3 -W ignore:setup.py install is deprecated -W ignore:easy_install command is deprecated setup.py egg_info --egg-base ../../build/ntrip_client build --build-base /home/tardle/ntriptest/build/ntrip_client/build install --record /home/tardle/ntriptest/build/ntrip_client/install.log --single-version-externally-managed install_data
[0.483s] /home/tardle/.local/lib/python3.10/site-packages/setuptools/_distutils/dist.py:289: UserWarning: Unknown distribution option: 'tests_require'
[0.483s]   warnings.warn(msg)
[0.495s] /home/tardle/.local/lib/python3.10/site-packages/setuptools/dist.py:759: SetuptoolsDeprecationWarning: License classifiers are deprecated.
[0.495s] !!
[0.495s] 
[0.495s]         ********************************************************************************
[0.495s]         Please consider removing the following classifiers in favor of a SPDX license expression:
[0.495s] 
[0.495s]         License :: OSI Approved :: MIT Software License
[0.495s] 
[0.495s]         See https://packaging.python.org/en/latest/guides/writing-pyproject-toml/#license for details.
[0.495s]         ********************************************************************************
[0.495s] 
[0.495s] !!
[0.495s]   self._finalize_license_expression()
[0.520s] running egg_info
[0.526s] writing ../../build/ntrip_client/ntrip_client.egg-info/PKG-INFO
[0.527s] writing dependency_links to ../../build/ntrip_client/ntrip_client.egg-info/dependency_links.txt
[0.527s] writing requirements to ../../build/ntrip_client/ntrip_client.egg-info/requires.txt
[0.527s] writing top-level names to ../../build/ntrip_client/ntrip_client.egg-info/top_level.txt
[0.545s] reading manifest file '../../build/ntrip_client/ntrip_client.egg-info/SOURCES.txt'
[0.546s] adding license file 'LICENSE'
[0.546s] writing manifest file '../../build/ntrip_client/ntrip_client.egg-info/SOURCES.txt'
[0.547s] running build
[0.547s] running build_py
[0.547s] copying src/ntrip_client/rtcm_parser.py -> /home/tardle/ntriptest/build/ntrip_client/build/lib/ntrip_client
[0.547s] copying src/ntrip_client/ntrip_base.py -> /home/tardle/ntriptest/build/ntrip_client/build/lib/ntrip_client
[0.547s] copying src/ntrip_client/ntrip_serial_device.py -> /home/tardle/ntriptest/build/ntrip_client/build/lib/ntrip_client
[0.547s] copying src/ntrip_client/nmea_parser.py -> /home/tardle/ntriptest/build/ntrip_client/build/lib/ntrip_client
[0.547s] copying src/ntrip_client/ntrip_client.py -> /home/tardle/ntriptest/build/ntrip_client/build/lib/ntrip_client
[0.547s] copying src/ntrip_client/__init__.py -> /home/tardle/ntriptest/build/ntrip_client/build/lib/ntrip_client
[0.548s] running build_scripts
[0.548s] running install
[0.549s] running install_lib
[0.556s] running install_data
[0.556s] copying resource/ntrip_client -> /home/tardle/ntriptest/install/ntrip_client/share/ament_index/resource_index/packages
[0.556s] copying package.xml -> /home/tardle/ntriptest/install/ntrip_client/share/ntrip_client
[0.556s] copying launch/ntrip_serial_device_launch.py -> /home/tardle/ntriptest/install/ntrip_client/share/ntrip_client
[0.556s] running install_egg_info
[0.563s] removing '/home/tardle/ntriptest/install/ntrip_client/lib/python3.10/site-packages/ntrip_client-1.4.0-py3.10.egg-info' (and everything under it)
[0.563s] Copying ../../build/ntrip_client/ntrip_client.egg-info to /home/tardle/ntriptest/install/ntrip_client/lib/python3.10/site-packages/ntrip_client-1.4.0-py3.10.egg-info
[0.563s] running install_scripts
[0.570s] copying /home/tardle/ntriptest/build/ntrip_client/build/scripts-3.10/ntrip_ros.py -> /home/tardle/ntriptest/install/ntrip_client/lib/ntrip_client
[0.570s] copying /home/tardle/ntriptest/build/ntrip_client/build/scripts-3.10/ntrip_serial_device_ros.py -> /home/tardle/ntriptest/install/ntrip_client/lib/ntrip_client
[0.570s] copying /home/tardle/ntriptest/build/ntrip_client/build/scripts-3.10/ntrip_ros_base.py -> /home/tardle/ntriptest/install/ntrip_client/lib/ntrip_client
[0.570s] changing mode of /home/tardle/ntriptest/install/ntrip_client/lib/ntrip_client/ntrip_ros.py to 755
[0.570s] changing mode of /home/tardle/ntriptest/install/ntrip_client/lib/ntrip_client/ntrip_serial_device_ros.py to 755
[0.570s] changing mode of /home/tardle/ntriptest/install/ntrip_client/lib/ntrip_client/ntrip_ros_base.py to 755
[0.570s] writing list of installed files to '/home/tardle/ntriptest/build/ntrip_client/install.log'
[0.582s] Invoked command in '/home/tardle/ntriptest/src/ntrip_client' returned '0': PYTHONPATH=/home/tardle/ntriptest/build/ntrip_client/prefix_override:/usr/lib/python3/dist-packages/colcon_core/task/python/colcon_distutils_commands:/home/tardle/ntriptest/install/ntrip_client/lib/python3.10/site-packages:${PYTHONPATH} /usr/bin/python3 -W ignore:setup.py install is deprecated -W ignore:easy_install command is deprecated setup.py egg_info --egg-base ../../build/ntrip_client build --build-base /home/tardle/ntriptest/build/ntrip_client/build install --record /home/tardle/ntriptest/build/ntrip_client/install.log --single-version-externally-managed install_data
