[0.121s] Invoking command in '/home/tardle/ntriptest/build/mavros': CMAKE_PREFIX_PATH=/home/tardle/ntriptest/install/mavros_msgs:/home/tardle/ntriptest/install/libmavconn:/home/tardle/ntriptest/install/mavros_extras:/home/tardle/ntriptest/install/mavros:/home/tardle/ntriptest/install/ntrip_utils:/home/tardle/ntriptest/install/ntrip_client:/opt/ros/humble LD_LIBRARY_PATH=/home/tardle/ntriptest/install/mavros_msgs/lib:/home/tardle/ntriptest/install/libmavconn/lib:/home/tardle/ntriptest/install/mavros_extras/lib:/home/tardle/ntriptest/install/mavros/lib:/opt/ros/humble/opt/rviz_ogre_vendor/lib:/opt/ros/humble/lib/x86_64-linux-gnu:/opt/ros/humble/lib /usr/bin/cmake --build /home/tardle/ntriptest/build/mavros -- -j32 -l32
[0.154s] [  3%] Built target gtest_main
[0.157s] [  3%] Built target ament_cmake_python_copy_mavros_setup
[0.157s] [  6%] Built target gtest
[0.157s] [ 11%] Built target gmock
[0.158s] [ 14%] Built target gmock_main
[0.164s] [ 14%] Built target ament_cmake_python_copy_mavros
[0.177s] [ 37%] Built target mavros
[0.197s] [ 40%] Built target libmavros-quaternion-utils-test
[0.197s] [ 43%] Built target libmavros-frame-conversions-test
[0.198s] [ 46%] Built target mavros-router-test
[0.199s] [ 50%] Built target mavros-uas-test
[0.200s] [ 53%] Built target mavros_node
[0.202s] [ 56%] Built target libmavros-sensor-orientation-test
[0.241s] [100%] Built target mavros_plugins
[0.271s] running egg_info
[0.279s] writing mavros.egg-info/PKG-INFO
[0.280s] writing dependency_links to mavros.egg-info/dependency_links.txt
[0.280s] writing entry points to mavros.egg-info/entry_points.txt
[0.280s] writing top-level names to mavros.egg-info/top_level.txt
[0.300s] reading manifest file 'mavros.egg-info/SOURCES.txt'
[0.301s] writing manifest file 'mavros.egg-info/SOURCES.txt'
[0.315s] [100%] Built target ament_cmake_python_build_mavros_egg
[0.321s] Invoked command in '/home/tardle/ntriptest/build/mavros' returned '0': CMAKE_PREFIX_PATH=/home/tardle/ntriptest/install/mavros_msgs:/home/tardle/ntriptest/install/libmavconn:/home/tardle/ntriptest/install/mavros_extras:/home/tardle/ntriptest/install/mavros:/home/tardle/ntriptest/install/ntrip_utils:/home/tardle/ntriptest/install/ntrip_client:/opt/ros/humble LD_LIBRARY_PATH=/home/tardle/ntriptest/install/mavros_msgs/lib:/home/tardle/ntriptest/install/libmavconn/lib:/home/tardle/ntriptest/install/mavros_extras/lib:/home/tardle/ntriptest/install/mavros/lib:/opt/ros/humble/opt/rviz_ogre_vendor/lib:/opt/ros/humble/lib/x86_64-linux-gnu:/opt/ros/humble/lib /usr/bin/cmake --build /home/tardle/ntriptest/build/mavros -- -j32 -l32
[0.323s] Invoking command in '/home/tardle/ntriptest/build/mavros': CMAKE_PREFIX_PATH=/home/tardle/ntriptest/install/mavros_msgs:/home/tardle/ntriptest/install/libmavconn:/home/tardle/ntriptest/install/mavros_extras:/home/tardle/ntriptest/install/mavros:/home/tardle/ntriptest/install/ntrip_utils:/home/tardle/ntriptest/install/ntrip_client:/opt/ros/humble LD_LIBRARY_PATH=/home/tardle/ntriptest/install/mavros_msgs/lib:/home/tardle/ntriptest/install/libmavconn/lib:/home/tardle/ntriptest/install/mavros_extras/lib:/home/tardle/ntriptest/install/mavros/lib:/opt/ros/humble/opt/rviz_ogre_vendor/lib:/opt/ros/humble/lib/x86_64-linux-gnu:/opt/ros/humble/lib /usr/bin/cmake --install /home/tardle/ntriptest/build/mavros
[0.326s] -- Install configuration: ""
[0.326s] -- Up-to-date: /home/tardle/ntriptest/install/mavros/share/mavros/mavros_plugins.xml
[0.326s] -- Up-to-date: /home/tardle/ntriptest/install/mavros/share/mavros/environment/pythonpath.sh
[0.327s] -- Up-to-date: /home/tardle/ntriptest/install/mavros/share/mavros/environment/pythonpath.dsv
[0.327s] -- Up-to-date: /home/tardle/ntriptest/install/mavros/local/lib/python3.10/dist-packages/mavros-2.10.1-py3.10.egg-info
[0.327s] -- Installing: /home/tardle/ntriptest/install/mavros/local/lib/python3.10/dist-packages/mavros-2.10.1-py3.10.egg-info/top_level.txt
[0.327s] -- Installing: /home/tardle/ntriptest/install/mavros/local/lib/python3.10/dist-packages/mavros-2.10.1-py3.10.egg-info/dependency_links.txt
[0.327s] -- Installing: /home/tardle/ntriptest/install/mavros/local/lib/python3.10/dist-packages/mavros-2.10.1-py3.10.egg-info/PKG-INFO
[0.327s] -- Installing: /home/tardle/ntriptest/install/mavros/local/lib/python3.10/dist-packages/mavros-2.10.1-py3.10.egg-info/entry_points.txt
[0.327s] -- Installing: /home/tardle/ntriptest/install/mavros/local/lib/python3.10/dist-packages/mavros-2.10.1-py3.10.egg-info/SOURCES.txt
[0.327s] -- Up-to-date: /home/tardle/ntriptest/install/mavros/local/lib/python3.10/dist-packages/mavros
[0.327s] -- Up-to-date: /home/tardle/ntriptest/install/mavros/local/lib/python3.10/dist-packages/mavros/mission.py
[0.327s] -- Up-to-date: /home/tardle/ntriptest/install/mavros/local/lib/python3.10/dist-packages/mavros/ftp.py
[0.327s] -- Up-to-date: /home/tardle/ntriptest/install/mavros/local/lib/python3.10/dist-packages/mavros/setpoint.py
[0.327s] -- Up-to-date: /home/tardle/ntriptest/install/mavros/local/lib/python3.10/dist-packages/mavros/local_position.py
[0.327s] -- Up-to-date: /home/tardle/ntriptest/install/mavros/local/lib/python3.10/dist-packages/mavros/system.py
[0.327s] -- Up-to-date: /home/tardle/ntriptest/install/mavros/local/lib/python3.10/dist-packages/mavros/command.py
[0.327s] -- Up-to-date: /home/tardle/ntriptest/install/mavros/local/lib/python3.10/dist-packages/mavros/cmd
[0.327s] -- Up-to-date: /home/tardle/ntriptest/install/mavros/local/lib/python3.10/dist-packages/mavros/cmd/checkid.py
[0.327s] -- Up-to-date: /home/tardle/ntriptest/install/mavros/local/lib/python3.10/dist-packages/mavros/cmd/__main__.py
[0.327s] -- Up-to-date: /home/tardle/ntriptest/install/mavros/local/lib/python3.10/dist-packages/mavros/cmd/mission.py
[0.327s] -- Up-to-date: /home/tardle/ntriptest/install/mavros/local/lib/python3.10/dist-packages/mavros/cmd/ftp.py
[0.327s] -- Up-to-date: /home/tardle/ntriptest/install/mavros/local/lib/python3.10/dist-packages/mavros/cmd/system.py
[0.327s] -- Up-to-date: /home/tardle/ntriptest/install/mavros/local/lib/python3.10/dist-packages/mavros/cmd/safety.py
[0.327s] -- Up-to-date: /home/tardle/ntriptest/install/mavros/local/lib/python3.10/dist-packages/mavros/cmd/utils.py
[0.327s] -- Up-to-date: /home/tardle/ntriptest/install/mavros/local/lib/python3.10/dist-packages/mavros/cmd/cmd.py
[0.327s] -- Up-to-date: /home/tardle/ntriptest/install/mavros/local/lib/python3.10/dist-packages/mavros/cmd/param.py
[0.327s] -- Up-to-date: /home/tardle/ntriptest/install/mavros/local/lib/python3.10/dist-packages/mavros/cmd/__init__.py
[0.327s] -- Up-to-date: /home/tardle/ntriptest/install/mavros/local/lib/python3.10/dist-packages/mavros/base.py
[0.327s] -- Up-to-date: /home/tardle/ntriptest/install/mavros/local/lib/python3.10/dist-packages/mavros/utils.py
[0.327s] -- Up-to-date: /home/tardle/ntriptest/install/mavros/local/lib/python3.10/dist-packages/mavros/mavlink.py
[0.327s] -- Up-to-date: /home/tardle/ntriptest/install/mavros/local/lib/python3.10/dist-packages/mavros/global_position.py
[0.327s] -- Up-to-date: /home/tardle/ntriptest/install/mavros/local/lib/python3.10/dist-packages/mavros/param.py
[0.328s] -- Up-to-date: /home/tardle/ntriptest/install/mavros/local/lib/python3.10/dist-packages/mavros/nuttx_crc32.py
[0.328s] -- Up-to-date: /home/tardle/ntriptest/install/mavros/local/lib/python3.10/dist-packages/mavros/__init__.py
[0.348s] Listing '/home/tardle/ntriptest/install/mavros/local/lib/python3.10/dist-packages/mavros'...
[0.348s] Listing '/home/tardle/ntriptest/install/mavros/local/lib/python3.10/dist-packages/mavros/cmd'...
[0.350s] -- Up-to-date: /home/tardle/ntriptest/install/mavros/lib/mavros/mav
[0.350s] -- Up-to-date: /home/tardle/ntriptest/install/mavros/lib/libmavros.so
[0.351s] -- Up-to-date: /home/tardle/ntriptest/install/mavros/lib/mavros/mavros_node
[0.351s] -- Up-to-date: /home/tardle/ntriptest/install/mavros/lib/libmavros_plugins.so
[0.351s] -- Up-to-date: /home/tardle/ntriptest/install/mavros/lib/mavros/install_geographiclib_datasets.sh
[0.351s] -- Up-to-date: /home/tardle/ntriptest/install/mavros/include
[0.351s] -- Up-to-date: /home/tardle/ntriptest/install/mavros/include/mavros
[0.352s] -- Up-to-date: /home/tardle/ntriptest/install/mavros/include/mavros/px4_custom_mode.hpp
[0.352s] -- Up-to-date: /home/tardle/ntriptest/install/mavros/include/mavros/mavros_router.hpp
[0.352s] -- Up-to-date: /home/tardle/ntriptest/install/mavros/include/mavros/mission_protocol_base.hpp
[0.352s] -- Up-to-date: /home/tardle/ntriptest/install/mavros/include/mavros/plugin.hpp
[0.352s] -- Up-to-date: /home/tardle/ntriptest/install/mavros/include/mavros/utils.hpp
[0.352s] -- Up-to-date: /home/tardle/ntriptest/install/mavros/include/mavros/mavros_uas.hpp
[0.352s] -- Up-to-date: /home/tardle/ntriptest/install/mavros/include/mavros/uas_executor.hpp
[0.352s] -- Up-to-date: /home/tardle/ntriptest/install/mavros/include/mavros/setpoint_mixin.hpp
[0.352s] -- Up-to-date: /home/tardle/ntriptest/install/mavros/include/mavros/frame_tf.hpp
[0.352s] -- Up-to-date: /home/tardle/ntriptest/install/mavros/include/mavros/plugin_filter.hpp
[0.352s] -- Up-to-date: /home/tardle/ntriptest/install/mavros/include/mavros/mavros_plugin_register_macro.hpp
[0.353s] -- Up-to-date: /home/tardle/ntriptest/install/mavros/share/mavros/launch
[0.353s] -- Up-to-date: /home/tardle/ntriptest/install/mavros/share/mavros/launch/px4_config.yaml
[0.353s] -- Up-to-date: /home/tardle/ntriptest/install/mavros/share/mavros/launch/apm_pluginlists.yaml
[0.353s] -- Up-to-date: /home/tardle/ntriptest/install/mavros/share/mavros/launch/apm_config.yaml
[0.353s] -- Up-to-date: /home/tardle/ntriptest/install/mavros/share/mavros/launch/multi_uas.launch
[0.353s] -- Up-to-date: /home/tardle/ntriptest/install/mavros/share/mavros/launch/px4_pluginlists.yaml
[0.353s] -- Up-to-date: /home/tardle/ntriptest/install/mavros/share/mavros/launch/node.launch
[0.353s] -- Up-to-date: /home/tardle/ntriptest/install/mavros/share/mavros/launch/px4.launch
[0.353s] -- Up-to-date: /home/tardle/ntriptest/install/mavros/share/mavros/launch/apm.launch
[0.353s] -- Up-to-date: /home/tardle/ntriptest/install/mavros/share/mavros/environment/library_path.sh
[0.353s] -- Up-to-date: /home/tardle/ntriptest/install/mavros/share/mavros/environment/library_path.dsv
[0.353s] -- Up-to-date: /home/tardle/ntriptest/install/mavros/share/ament_index/resource_index/package_run_dependencies/mavros
[0.353s] -- Up-to-date: /home/tardle/ntriptest/install/mavros/share/ament_index/resource_index/parent_prefix_path/mavros
[0.353s] -- Up-to-date: /home/tardle/ntriptest/install/mavros/share/mavros/environment/ament_prefix_path.sh
[0.353s] -- Up-to-date: /home/tardle/ntriptest/install/mavros/share/mavros/environment/ament_prefix_path.dsv
[0.353s] -- Up-to-date: /home/tardle/ntriptest/install/mavros/share/mavros/environment/path.sh
[0.353s] -- Up-to-date: /home/tardle/ntriptest/install/mavros/share/mavros/environment/path.dsv
[0.353s] -- Up-to-date: /home/tardle/ntriptest/install/mavros/share/mavros/local_setup.bash
[0.353s] -- Up-to-date: /home/tardle/ntriptest/install/mavros/share/mavros/local_setup.sh
[0.353s] -- Up-to-date: /home/tardle/ntriptest/install/mavros/share/mavros/local_setup.zsh
[0.353s] -- Up-to-date: /home/tardle/ntriptest/install/mavros/share/mavros/local_setup.dsv
[0.353s] -- Installing: /home/tardle/ntriptest/install/mavros/share/mavros/package.dsv
[0.353s] -- Up-to-date: /home/tardle/ntriptest/install/mavros/share/ament_index/resource_index/packages/mavros
[0.353s] -- Up-to-date: /home/tardle/ntriptest/install/mavros/share/ament_index/resource_index/mavros__pluginlib__plugin/mavros
[0.353s] -- Up-to-date: /home/tardle/ntriptest/install/mavros/share/ament_index/resource_index/rclcpp_components/mavros
[0.353s] -- Up-to-date: /home/tardle/ntriptest/install/mavros/share/mavros/cmake/ament_cmake_export_include_directories-extras.cmake
[0.353s] -- Up-to-date: /home/tardle/ntriptest/install/mavros/share/mavros/cmake/ament_cmake_export_libraries-extras.cmake
[0.353s] -- Up-to-date: /home/tardle/ntriptest/install/mavros/share/mavros/cmake/ament_cmake_export_dependencies-extras.cmake
[0.353s] -- Up-to-date: /home/tardle/ntriptest/install/mavros/share/mavros/cmake/mavrosConfig.cmake
[0.353s] -- Up-to-date: /home/tardle/ntriptest/install/mavros/share/mavros/cmake/mavrosConfig-version.cmake
[0.353s] -- Up-to-date: /home/tardle/ntriptest/install/mavros/share/mavros/package.xml
[0.355s] Invoked command in '/home/tardle/ntriptest/build/mavros' returned '0': CMAKE_PREFIX_PATH=/home/tardle/ntriptest/install/mavros_msgs:/home/tardle/ntriptest/install/libmavconn:/home/tardle/ntriptest/install/mavros_extras:/home/tardle/ntriptest/install/mavros:/home/tardle/ntriptest/install/ntrip_utils:/home/tardle/ntriptest/install/ntrip_client:/opt/ros/humble LD_LIBRARY_PATH=/home/tardle/ntriptest/install/mavros_msgs/lib:/home/tardle/ntriptest/install/libmavconn/lib:/home/tardle/ntriptest/install/mavros_extras/lib:/home/tardle/ntriptest/install/mavros/lib:/opt/ros/humble/opt/rviz_ogre_vendor/lib:/opt/ros/humble/lib/x86_64-linux-gnu:/opt/ros/humble/lib /usr/bin/cmake --install /home/tardle/ntriptest/build/mavros
