running egg_info
writing ../build/ntrip_utils/ntrip_utils.egg-info/PKG-INFO
writing dependency_links to ../build/ntrip_utils/ntrip_utils.egg-info/dependency_links.txt
writing entry points to ../build/ntrip_utils/ntrip_utils.egg-info/entry_points.txt
writing requirements to ../build/ntrip_utils/ntrip_utils.egg-info/requires.txt
writing top-level names to ../build/ntrip_utils/ntrip_utils.egg-info/top_level.txt
reading manifest file '../build/ntrip_utils/ntrip_utils.egg-info/SOURCES.txt'
writing manifest file '../build/ntrip_utils/ntrip_utils.egg-info/SOURCES.txt'
running build
running build_py
copying ntrip_utils/gga_publisher.py -> /home/tardle/ntriptest/src/build/ntrip_utils/build/lib/ntrip_utils
copying ntrip_utils/__init__.py -> /home/tardle/ntriptest/src/build/ntrip_utils/build/lib/ntrip_utils
running install
running install_lib
copying /home/tardle/ntriptest/src/build/ntrip_utils/build/lib/ntrip_utils/gga_publisher.py -> /home/tardle/ntriptest/src/install/ntrip_utils/lib/python3.10/site-packages/ntrip_utils
byte-compiling /home/tardle/ntriptest/src/install/ntrip_utils/lib/python3.10/site-packages/ntrip_utils/gga_publisher.py to gga_publisher.cpython-310.pyc
running install_data
copying resource/ntrip_utils -> /home/tardle/ntriptest/src/install/ntrip_utils/share/ament_index/resource_index/packages
copying package.xml -> /home/tardle/ntriptest/src/install/ntrip_utils/share/ntrip_utils
running install_egg_info
removing '/home/tardle/ntriptest/src/install/ntrip_utils/lib/python3.10/site-packages/ntrip_utils-0.0.0-py3.10.egg-info' (and everything under it)
Copying ../build/ntrip_utils/ntrip_utils.egg-info to /home/tardle/ntriptest/src/install/ntrip_utils/lib/python3.10/site-packages/ntrip_utils-0.0.0-py3.10.egg-info
running install_scripts
Installing gga_publisher script to /home/tardle/ntriptest/src/install/ntrip_utils/lib/ntrip_utils
writing list of installed files to '/home/tardle/ntriptest/src/build/ntrip_utils/install.log'
