[0.276s] Invoking command in '/home/tardle/ntriptest/src/ntrip_utils': PYTHONPATH=/home/tardle/ntriptest/src/build/ntrip_utils/prefix_override:/usr/lib/python3/dist-packages/colcon_core/task/python/colcon_distutils_commands:/home/tardle/ntriptest/src/install/ntrip_utils/lib/python3.10/site-packages:${PYTHONPATH} /usr/bin/python3 -W ignore:setup.py install is deprecated -W ignore:easy_install command is deprecated setup.py egg_info --egg-base ../build/ntrip_utils build --build-base /home/tardle/ntriptest/src/build/ntrip_utils/build install --record /home/tardle/ntriptest/src/build/ntrip_utils/install.log --single-version-externally-managed install_data
[0.338s] /home/tardle/.local/lib/python3.10/site-packages/setuptools/_distutils/dist.py:289: UserWarning: Unknown distribution option: 'tests_require'
[0.338s]   warnings.warn(msg)
[0.376s] running egg_info
[0.382s] writing ../build/ntrip_utils/ntrip_utils.egg-info/PKG-INFO
[0.383s] writing dependency_links to ../build/ntrip_utils/ntrip_utils.egg-info/dependency_links.txt
[0.383s] writing entry points to ../build/ntrip_utils/ntrip_utils.egg-info/entry_points.txt
[0.383s] writing requirements to ../build/ntrip_utils/ntrip_utils.egg-info/requires.txt
[0.383s] writing top-level names to ../build/ntrip_utils/ntrip_utils.egg-info/top_level.txt
[0.395s] reading manifest file '../build/ntrip_utils/ntrip_utils.egg-info/SOURCES.txt'
[0.396s] writing manifest file '../build/ntrip_utils/ntrip_utils.egg-info/SOURCES.txt'
[0.396s] running build
[0.396s] running build_py
[0.396s] copying ntrip_utils/gga_publisher.py -> /home/tardle/ntriptest/src/build/ntrip_utils/build/lib/ntrip_utils
[0.396s] copying ntrip_utils/__init__.py -> /home/tardle/ntriptest/src/build/ntrip_utils/build/lib/ntrip_utils
[0.396s] running install
[0.398s] running install_lib
[0.404s] copying /home/tardle/ntriptest/src/build/ntrip_utils/build/lib/ntrip_utils/gga_publisher.py -> /home/tardle/ntriptest/src/install/ntrip_utils/lib/python3.10/site-packages/ntrip_utils
[0.405s] byte-compiling /home/tardle/ntriptest/src/install/ntrip_utils/lib/python3.10/site-packages/ntrip_utils/gga_publisher.py to gga_publisher.cpython-310.pyc
[0.405s] running install_data
[0.405s] copying resource/ntrip_utils -> /home/tardle/ntriptest/src/install/ntrip_utils/share/ament_index/resource_index/packages
[0.405s] copying package.xml -> /home/tardle/ntriptest/src/install/ntrip_utils/share/ntrip_utils
[0.405s] running install_egg_info
[0.412s] removing '/home/tardle/ntriptest/src/install/ntrip_utils/lib/python3.10/site-packages/ntrip_utils-0.0.0-py3.10.egg-info' (and everything under it)
[0.412s] Copying ../build/ntrip_utils/ntrip_utils.egg-info to /home/tardle/ntriptest/src/install/ntrip_utils/lib/python3.10/site-packages/ntrip_utils-0.0.0-py3.10.egg-info
[0.412s] running install_scripts
[0.426s] Installing gga_publisher script to /home/tardle/ntriptest/src/install/ntrip_utils/lib/ntrip_utils
[0.426s] writing list of installed files to '/home/tardle/ntriptest/src/build/ntrip_utils/install.log'
[0.439s] Invoked command in '/home/tardle/ntriptest/src/ntrip_utils' returned '0': PYTHONPATH=/home/tardle/ntriptest/src/build/ntrip_utils/prefix_override:/usr/lib/python3/dist-packages/colcon_core/task/python/colcon_distutils_commands:/home/tardle/ntriptest/src/install/ntrip_utils/lib/python3.10/site-packages:${PYTHONPATH} /usr/bin/python3 -W ignore:setup.py install is deprecated -W ignore:easy_install command is deprecated setup.py egg_info --egg-base ../build/ntrip_utils build --build-base /home/tardle/ntriptest/src/build/ntrip_utils/build install --record /home/tardle/ntriptest/src/build/ntrip_utils/install.log --single-version-externally-managed install_data
