[0.166s] Invoking command in '/home/tardle/ntriptest/build/mavros_extras': CMAKE_PREFIX_PATH=/home/tardle/ntriptest/install/mavros:/home/tardle/ntriptest/install/mavros_msgs:/home/tardle/ntriptest/install/libmavconn:/home/tardle/ntriptest/install/mavros_extras:/home/tardle/ntriptest/install/ntrip_utils:/home/tardle/ntriptest/install/ntrip_client:/opt/ros/humble LD_LIBRARY_PATH=/home/tardle/ntriptest/install/mavros/lib:/home/tardle/ntriptest/install/mavros_msgs/lib:/home/tardle/ntriptest/install/libmavconn/lib:/home/tardle/ntriptest/install/mavros_extras/lib:/opt/ros/humble/opt/rviz_ogre_vendor/lib:/opt/ros/humble/lib/x86_64-linux-gnu:/opt/ros/humble/lib /usr/bin/cmake --build /home/tardle/ntriptest/build/mavros_extras -- -j32 -l32
[0.191s] [35m[1mConsolidate compiler generated dependencies of target servo_state_publisher[0m
[0.191s] [35m[1mConsolidate compiler generated dependencies of target mavros_extras[0m
[0.202s] [  9%] Built target mavros_extras
[0.202s] [  9%] Built target servo_state_publisher
[0.243s] [35m[1mConsolidate compiler generated dependencies of target mavros_extras_plugins[0m
[0.322s] [100%] Built target mavros_extras_plugins
[0.329s] Invoked command in '/home/tardle/ntriptest/build/mavros_extras' returned '0': CMAKE_PREFIX_PATH=/home/tardle/ntriptest/install/mavros:/home/tardle/ntriptest/install/mavros_msgs:/home/tardle/ntriptest/install/libmavconn:/home/tardle/ntriptest/install/mavros_extras:/home/tardle/ntriptest/install/ntrip_utils:/home/tardle/ntriptest/install/ntrip_client:/opt/ros/humble LD_LIBRARY_PATH=/home/tardle/ntriptest/install/mavros/lib:/home/tardle/ntriptest/install/mavros_msgs/lib:/home/tardle/ntriptest/install/libmavconn/lib:/home/tardle/ntriptest/install/mavros_extras/lib:/opt/ros/humble/opt/rviz_ogre_vendor/lib:/opt/ros/humble/lib/x86_64-linux-gnu:/opt/ros/humble/lib /usr/bin/cmake --build /home/tardle/ntriptest/build/mavros_extras -- -j32 -l32
[0.331s] Invoking command in '/home/tardle/ntriptest/build/mavros_extras': CMAKE_PREFIX_PATH=/home/tardle/ntriptest/install/mavros:/home/tardle/ntriptest/install/mavros_msgs:/home/tardle/ntriptest/install/libmavconn:/home/tardle/ntriptest/install/mavros_extras:/home/tardle/ntriptest/install/ntrip_utils:/home/tardle/ntriptest/install/ntrip_client:/opt/ros/humble LD_LIBRARY_PATH=/home/tardle/ntriptest/install/mavros/lib:/home/tardle/ntriptest/install/mavros_msgs/lib:/home/tardle/ntriptest/install/libmavconn/lib:/home/tardle/ntriptest/install/mavros_extras/lib:/opt/ros/humble/opt/rviz_ogre_vendor/lib:/opt/ros/humble/lib/x86_64-linux-gnu:/opt/ros/humble/lib /usr/bin/cmake --install /home/tardle/ntriptest/build/mavros_extras
[0.335s] -- Install configuration: ""
[0.335s] -- Up-to-date: /home/tardle/ntriptest/install/mavros_extras/share/mavros_extras/mavros_plugins.xml
[0.335s] -- Up-to-date: /home/tardle/ntriptest/install/mavros_extras/lib/mavros_extras/servo_state_publisher
[0.336s] -- Up-to-date: /home/tardle/ntriptest/install/mavros_extras/lib/libmavros_extras.so
[0.336s] -- Up-to-date: /home/tardle/ntriptest/install/mavros_extras/lib/libmavros_extras_plugins.so
[0.336s] -- Up-to-date: /home/tardle/ntriptest/install/mavros_extras/include
[0.337s] -- Up-to-date: /home/tardle/ntriptest/install/mavros_extras/include/mavros_extras
[0.337s] -- Up-to-date: /home/tardle/ntriptest/install/mavros_extras/include/mavros_extras/servo_state_publisher.hpp
[0.337s] -- Up-to-date: /home/tardle/ntriptest/install/mavros_extras/share/mavros_extras/launch
[0.337s] -- Up-to-date: /home/tardle/ntriptest/install/mavros_extras/share/mavros_extras/launch/px4flow_pluginlists.yaml
[0.337s] -- Up-to-date: /home/tardle/ntriptest/install/mavros_extras/share/mavros_extras/launch/px4flow_config.yaml
[0.337s] -- Up-to-date: /home/tardle/ntriptest/install/mavros_extras/share/mavros_extras/launch/servo_state_publisher.yaml
[0.337s] -- Up-to-date: /home/tardle/ntriptest/install/mavros_extras/share/mavros_extras/launch/px4flow.launch
[0.337s] -- Up-to-date: /home/tardle/ntriptest/install/mavros_extras/share/mavros_extras/environment/library_path.sh
[0.337s] -- Up-to-date: /home/tardle/ntriptest/install/mavros_extras/share/mavros_extras/environment/library_path.dsv
[0.337s] -- Up-to-date: /home/tardle/ntriptest/install/mavros_extras/share/ament_index/resource_index/package_run_dependencies/mavros_extras
[0.337s] -- Up-to-date: /home/tardle/ntriptest/install/mavros_extras/share/ament_index/resource_index/parent_prefix_path/mavros_extras
[0.337s] -- Up-to-date: /home/tardle/ntriptest/install/mavros_extras/share/mavros_extras/environment/ament_prefix_path.sh
[0.337s] -- Up-to-date: /home/tardle/ntriptest/install/mavros_extras/share/mavros_extras/environment/ament_prefix_path.dsv
[0.337s] -- Up-to-date: /home/tardle/ntriptest/install/mavros_extras/share/mavros_extras/environment/path.sh
[0.337s] -- Up-to-date: /home/tardle/ntriptest/install/mavros_extras/share/mavros_extras/environment/path.dsv
[0.337s] -- Up-to-date: /home/tardle/ntriptest/install/mavros_extras/share/mavros_extras/local_setup.bash
[0.338s] -- Up-to-date: /home/tardle/ntriptest/install/mavros_extras/share/mavros_extras/local_setup.sh
[0.338s] -- Up-to-date: /home/tardle/ntriptest/install/mavros_extras/share/mavros_extras/local_setup.zsh
[0.338s] -- Up-to-date: /home/tardle/ntriptest/install/mavros_extras/share/mavros_extras/local_setup.dsv
[0.338s] -- Installing: /home/tardle/ntriptest/install/mavros_extras/share/mavros_extras/package.dsv
[0.338s] -- Up-to-date: /home/tardle/ntriptest/install/mavros_extras/share/ament_index/resource_index/packages/mavros_extras
[0.338s] -- Up-to-date: /home/tardle/ntriptest/install/mavros_extras/share/ament_index/resource_index/mavros__pluginlib__plugin/mavros_extras
[0.338s] -- Up-to-date: /home/tardle/ntriptest/install/mavros_extras/share/ament_index/resource_index/rclcpp_components/mavros_extras
[0.338s] -- Up-to-date: /home/tardle/ntriptest/install/mavros_extras/share/mavros_extras/cmake/ament_cmake_export_include_directories-extras.cmake
[0.338s] -- Up-to-date: /home/tardle/ntriptest/install/mavros_extras/share/mavros_extras/cmake/ament_cmake_export_libraries-extras.cmake
[0.338s] -- Up-to-date: /home/tardle/ntriptest/install/mavros_extras/share/mavros_extras/cmake/ament_cmake_export_dependencies-extras.cmake
[0.338s] -- Up-to-date: /home/tardle/ntriptest/install/mavros_extras/share/mavros_extras/cmake/mavros_extrasConfig.cmake
[0.338s] -- Up-to-date: /home/tardle/ntriptest/install/mavros_extras/share/mavros_extras/cmake/mavros_extrasConfig-version.cmake
[0.338s] -- Up-to-date: /home/tardle/ntriptest/install/mavros_extras/share/mavros_extras/package.xml
[0.339s] Invoked command in '/home/tardle/ntriptest/build/mavros_extras' returned '0': CMAKE_PREFIX_PATH=/home/tardle/ntriptest/install/mavros:/home/tardle/ntriptest/install/mavros_msgs:/home/tardle/ntriptest/install/libmavconn:/home/tardle/ntriptest/install/mavros_extras:/home/tardle/ntriptest/install/ntrip_utils:/home/tardle/ntriptest/install/ntrip_client:/opt/ros/humble LD_LIBRARY_PATH=/home/tardle/ntriptest/install/mavros/lib:/home/tardle/ntriptest/install/mavros_msgs/lib:/home/tardle/ntriptest/install/libmavconn/lib:/home/tardle/ntriptest/install/mavros_extras/lib:/opt/ros/humble/opt/rviz_ogre_vendor/lib:/opt/ros/humble/lib/x86_64-linux-gnu:/opt/ros/humble/lib /usr/bin/cmake --install /home/tardle/ntriptest/build/mavros_extras
