[0.151s] DEBUG:colcon:Command line arguments: ['/usr/bin/colcon', 'build', '--packages-select', 'ntrip_utils']
[0.151s] DEBUG:colcon:Parsed command line arguments: Namespace(log_base=None, log_level=None, verb_name='build', build_base='build', install_base='install', merge_install=False, symlink_install=False, test_result_base=None, continue_on_error=False, executor='parallel', parallel_workers=32, event_handlers=None, ignore_user_meta=False, metas=['./colcon.meta'], base_paths=['.'], packages_ignore=None, packages_ignore_regex=None, paths=None, packages_up_to=None, packages_up_to_regex=None, packages_above=None, packages_above_and_dependencies=None, packages_above_depth=None, packages_select_by_dep=None, packages_skip_by_dep=None, packages_skip_up_to=None, packages_select_build_failed=False, packages_skip_build_finished=False, packages_select_test_failures=False, packages_skip_test_passed=False, packages_select=['ntrip_utils'], packages_skip=None, packages_select_regex=None, packages_skip_regex=None, packages_start=None, packages_end=None, allow_overriding=[], cmake_args=None, cmake_target=None, cmake_target_skip_unavailable=False, cmake_clean_cache=False, cmake_clean_first=False, cmake_force_configure=False, ament_cmake_args=None, catkin_cmake_args=None, catkin_skip_building_tests=False, verb_parser=<colcon_defaults.argument_parser.defaults.DefaultArgumentsDecorator object at 0x771a4e662620>, verb_extension=<colcon_core.verb.build.BuildVerb object at 0x771a4e662110>, main=<bound method BuildVerb.main of <colcon_core.verb.build.BuildVerb object at 0x771a4e662110>>)
[0.197s] Level 1:colcon.colcon_core.package_discovery:discover_packages(colcon_meta) check parameters
[0.197s] Level 1:colcon.colcon_core.package_discovery:discover_packages(recursive) check parameters
[0.197s] Level 1:colcon.colcon_core.package_discovery:discover_packages(ignore) check parameters
[0.197s] Level 1:colcon.colcon_core.package_discovery:discover_packages(path) check parameters
[0.197s] Level 1:colcon.colcon_core.package_discovery:discover_packages(colcon_meta) discover
[0.198s] Level 1:colcon.colcon_core.package_discovery:discover_packages(recursive) discover
[0.198s] INFO:colcon.colcon_core.package_discovery:Crawling recursively for packages in '/home/tardle/ntriptest/src'
[0.198s] Level 1:colcon.colcon_core.package_identification:_identify(.) by extensions ['ignore', 'ignore_ament_install']
[0.198s] Level 1:colcon.colcon_core.package_identification:_identify(.) by extension 'ignore'
[0.198s] Level 1:colcon.colcon_core.package_identification:_identify(.) by extension 'ignore_ament_install'
[0.198s] Level 1:colcon.colcon_core.package_identification:_identify(.) by extensions ['colcon_pkg']
[0.198s] Level 1:colcon.colcon_core.package_identification:_identify(.) by extension 'colcon_pkg'
[0.198s] Level 1:colcon.colcon_core.package_identification:_identify(.) by extensions ['colcon_meta']
[0.198s] Level 1:colcon.colcon_core.package_identification:_identify(.) by extension 'colcon_meta'
[0.198s] Level 1:colcon.colcon_core.package_identification:_identify(.) by extensions ['ros']
[0.198s] Level 1:colcon.colcon_core.package_identification:_identify(.) by extension 'ros'
[0.208s] Level 1:colcon.colcon_core.package_identification:_identify(.) by extensions ['cmake', 'python']
[0.208s] Level 1:colcon.colcon_core.package_identification:_identify(.) by extension 'cmake'
[0.208s] Level 1:colcon.colcon_core.package_identification:_identify(.) by extension 'python'
[0.208s] Level 1:colcon.colcon_core.package_identification:_identify(.) by extensions ['python_setup_py']
[0.208s] Level 1:colcon.colcon_core.package_identification:_identify(.) by extension 'python_setup_py'
[0.208s] Level 1:colcon.colcon_core.package_identification:_identify(build) by extensions ['ignore', 'ignore_ament_install']
[0.208s] Level 1:colcon.colcon_core.package_identification:_identify(build) by extension 'ignore'
[0.208s] Level 1:colcon.colcon_core.package_identification:_identify(build) ignored
[0.209s] Level 1:colcon.colcon_core.package_identification:_identify(install) by extensions ['ignore', 'ignore_ament_install']
[0.209s] Level 1:colcon.colcon_core.package_identification:_identify(install) by extension 'ignore'
[0.209s] Level 1:colcon.colcon_core.package_identification:_identify(install) ignored
[0.209s] Level 1:colcon.colcon_core.package_identification:_identify(log) by extensions ['ignore', 'ignore_ament_install']
[0.209s] Level 1:colcon.colcon_core.package_identification:_identify(log) by extension 'ignore'
[0.209s] Level 1:colcon.colcon_core.package_identification:_identify(log) ignored
[0.209s] Level 1:colcon.colcon_core.package_identification:_identify(ntrip_client) by extensions ['ignore', 'ignore_ament_install']
[0.209s] Level 1:colcon.colcon_core.package_identification:_identify(ntrip_client) by extension 'ignore'
[0.209s] Level 1:colcon.colcon_core.package_identification:_identify(ntrip_client) by extension 'ignore_ament_install'
[0.209s] Level 1:colcon.colcon_core.package_identification:_identify(ntrip_client) by extensions ['colcon_pkg']
[0.209s] Level 1:colcon.colcon_core.package_identification:_identify(ntrip_client) by extension 'colcon_pkg'
[0.209s] Level 1:colcon.colcon_core.package_identification:_identify(ntrip_client) by extensions ['colcon_meta']
[0.209s] Level 1:colcon.colcon_core.package_identification:_identify(ntrip_client) by extension 'colcon_meta'
[0.209s] Level 1:colcon.colcon_core.package_identification:_identify(ntrip_client) by extensions ['ros']
[0.209s] Level 1:colcon.colcon_core.package_identification:_identify(ntrip_client) by extension 'ros'
[0.211s] DEBUG:colcon.colcon_core.package_identification:Package 'ntrip_client' with type 'ros.ament_python' and name 'ntrip_client'
[0.211s] Level 1:colcon.colcon_core.package_identification:_identify(ntrip_utils) by extensions ['ignore', 'ignore_ament_install']
[0.211s] Level 1:colcon.colcon_core.package_identification:_identify(ntrip_utils) by extension 'ignore'
[0.211s] Level 1:colcon.colcon_core.package_identification:_identify(ntrip_utils) by extension 'ignore_ament_install'
[0.211s] Level 1:colcon.colcon_core.package_identification:_identify(ntrip_utils) by extensions ['colcon_pkg']
[0.211s] Level 1:colcon.colcon_core.package_identification:_identify(ntrip_utils) by extension 'colcon_pkg'
[0.211s] Level 1:colcon.colcon_core.package_identification:_identify(ntrip_utils) by extensions ['colcon_meta']
[0.211s] Level 1:colcon.colcon_core.package_identification:_identify(ntrip_utils) by extension 'colcon_meta'
[0.211s] Level 1:colcon.colcon_core.package_identification:_identify(ntrip_utils) by extensions ['ros']
[0.211s] Level 1:colcon.colcon_core.package_identification:_identify(ntrip_utils) by extension 'ros'
[0.212s] DEBUG:colcon.colcon_core.package_identification:Package 'ntrip_utils' with type 'ros.ament_python' and name 'ntrip_utils'
[0.212s] Level 1:colcon.colcon_core.package_discovery:discover_packages(recursive) using defaults
[0.212s] Level 1:colcon.colcon_core.package_discovery:discover_packages(ignore) discover
[0.212s] Level 1:colcon.colcon_core.package_discovery:discover_packages(ignore) using defaults
[0.212s] Level 1:colcon.colcon_core.package_discovery:discover_packages(path) discover
[0.212s] Level 1:colcon.colcon_core.package_discovery:discover_packages(path) using defaults
[0.230s] INFO:colcon.colcon_core.package_selection:Skipping not selected package 'ntrip_client' in 'ntrip_client'
[0.230s] Level 1:colcon.colcon_core.package_discovery:discover_packages(prefix_path) check parameters
[0.230s] Level 1:colcon.colcon_core.package_discovery:discover_packages(prefix_path) discover
[0.233s] DEBUG:colcon.colcon_installed_package_information.package_discovery:Found 1 installed packages in /home/tardle/ntriptest/src/install
[0.234s] DEBUG:colcon.colcon_installed_package_information.package_discovery:Found 1 installed packages in /home/tardle/ntriptest/install
[0.236s] DEBUG:colcon.colcon_installed_package_information.package_discovery:Found 440 installed packages in /opt/ros/humble
[0.237s] Level 1:colcon.colcon_core.package_discovery:discover_packages(prefix_path) using defaults
[0.331s] Level 5:colcon.colcon_core.verb:set package 'ntrip_utils' build argument 'cmake_args' from command line to 'None'
[0.331s] Level 5:colcon.colcon_core.verb:set package 'ntrip_utils' build argument 'cmake_target' from command line to 'None'
[0.331s] Level 5:colcon.colcon_core.verb:set package 'ntrip_utils' build argument 'cmake_target_skip_unavailable' from command line to 'False'
[0.331s] Level 5:colcon.colcon_core.verb:set package 'ntrip_utils' build argument 'cmake_clean_cache' from command line to 'False'
[0.331s] Level 5:colcon.colcon_core.verb:set package 'ntrip_utils' build argument 'cmake_clean_first' from command line to 'False'
[0.331s] Level 5:colcon.colcon_core.verb:set package 'ntrip_utils' build argument 'cmake_force_configure' from command line to 'False'
[0.331s] Level 5:colcon.colcon_core.verb:set package 'ntrip_utils' build argument 'ament_cmake_args' from command line to 'None'
[0.331s] Level 5:colcon.colcon_core.verb:set package 'ntrip_utils' build argument 'catkin_cmake_args' from command line to 'None'
[0.331s] Level 5:colcon.colcon_core.verb:set package 'ntrip_utils' build argument 'catkin_skip_building_tests' from command line to 'False'
[0.331s] DEBUG:colcon.colcon_core.verb:Building package 'ntrip_utils' with the following arguments: {'ament_cmake_args': None, 'build_base': '/home/tardle/ntriptest/src/build/ntrip_utils', 'catkin_cmake_args': None, 'catkin_skip_building_tests': False, 'cmake_args': None, 'cmake_clean_cache': False, 'cmake_clean_first': False, 'cmake_force_configure': False, 'cmake_target': None, 'cmake_target_skip_unavailable': False, 'install_base': '/home/tardle/ntriptest/src/install/ntrip_utils', 'merge_install': False, 'path': '/home/tardle/ntriptest/src/ntrip_utils', 'symlink_install': False, 'test_result_base': None}
[0.331s] INFO:colcon.colcon_core.executor:Executing jobs using 'parallel' executor
[0.332s] DEBUG:colcon.colcon_parallel_executor.executor.parallel:run_until_complete
[0.332s] INFO:colcon.colcon_ros.task.ament_python.build:Building ROS package in '/home/tardle/ntriptest/src/ntrip_utils' with build type 'ament_python'
[0.332s] Level 1:colcon.colcon_core.shell:create_environment_hook('ntrip_utils', 'ament_prefix_path')
[0.339s] INFO:colcon.colcon_core.plugin_system:Skipping extension 'colcon_core.shell.bat': Not used on non-Windows systems
[0.340s] INFO:colcon.colcon_core.shell:Creating environment hook '/home/tardle/ntriptest/src/install/ntrip_utils/share/ntrip_utils/hook/ament_prefix_path.ps1'
[0.341s] INFO:colcon.colcon_core.shell:Creating environment descriptor '/home/tardle/ntriptest/src/install/ntrip_utils/share/ntrip_utils/hook/ament_prefix_path.dsv'
[0.342s] INFO:colcon.colcon_core.shell:Creating environment hook '/home/tardle/ntriptest/src/install/ntrip_utils/share/ntrip_utils/hook/ament_prefix_path.sh'
[0.343s] INFO:colcon.colcon_core.shell:Skip shell extension 'powershell' for command environment: Not usable outside of PowerShell
[0.343s] DEBUG:colcon.colcon_core.shell:Skip shell extension 'dsv' for command environment
[0.436s] INFO:colcon.colcon_core.task.python.build:Building Python package in '/home/tardle/ntriptest/src/ntrip_utils'
[0.436s] INFO:colcon.colcon_core.shell:Skip shell extension 'powershell' for command environment: Not usable outside of PowerShell
[0.436s] DEBUG:colcon.colcon_core.shell:Skip shell extension 'dsv' for command environment
[0.664s] DEBUG:colcon.colcon_core.event_handler.log_command:Invoking command in '/home/tardle/ntriptest/src/ntrip_utils': PYTHONPATH=/home/tardle/ntriptest/src/build/ntrip_utils/prefix_override:/usr/lib/python3/dist-packages/colcon_core/task/python/colcon_distutils_commands:/home/tardle/ntriptest/src/install/ntrip_utils/lib/python3.10/site-packages:${PYTHONPATH} /usr/bin/python3 -W ignore:setup.py install is deprecated -W ignore:easy_install command is deprecated setup.py egg_info --egg-base ../build/ntrip_utils build --build-base /home/tardle/ntriptest/src/build/ntrip_utils/build install --record /home/tardle/ntriptest/src/build/ntrip_utils/install.log --single-version-externally-managed install_data
[0.832s] DEBUG:colcon.colcon_core.event_handler.log_command:Invoked command in '/home/tardle/ntriptest/src/ntrip_utils' returned '0': PYTHONPATH=/home/tardle/ntriptest/src/build/ntrip_utils/prefix_override:/usr/lib/python3/dist-packages/colcon_core/task/python/colcon_distutils_commands:/home/tardle/ntriptest/src/install/ntrip_utils/lib/python3.10/site-packages:${PYTHONPATH} /usr/bin/python3 -W ignore:setup.py install is deprecated -W ignore:easy_install command is deprecated setup.py egg_info --egg-base ../build/ntrip_utils build --build-base /home/tardle/ntriptest/src/build/ntrip_utils/build install --record /home/tardle/ntriptest/src/build/ntrip_utils/install.log --single-version-externally-managed install_data
[0.837s] Level 1:colcon.colcon_core.environment:checking '/home/tardle/ntriptest/src/install/ntrip_utils' for CMake module files
[0.837s] Level 1:colcon.colcon_core.environment:checking '/home/tardle/ntriptest/src/install/ntrip_utils' for CMake config files
[0.839s] Level 1:colcon.colcon_core.environment:checking '/home/tardle/ntriptest/src/install/ntrip_utils/lib'
[0.839s] Level 1:colcon.colcon_core.environment:checking '/home/tardle/ntriptest/src/install/ntrip_utils/bin'
[0.839s] Level 1:colcon.colcon_core.environment:checking '/home/tardle/ntriptest/src/install/ntrip_utils/lib/pkgconfig/ntrip_utils.pc'
[0.839s] Level 1:colcon.colcon_core.environment:checking '/home/tardle/ntriptest/src/install/ntrip_utils/lib/python3.10/site-packages'
[0.840s] Level 1:colcon.colcon_core.shell:create_environment_hook('ntrip_utils', 'pythonpath')
[0.840s] INFO:colcon.colcon_core.shell:Creating environment hook '/home/tardle/ntriptest/src/install/ntrip_utils/share/ntrip_utils/hook/pythonpath.ps1'
[0.840s] INFO:colcon.colcon_core.shell:Creating environment descriptor '/home/tardle/ntriptest/src/install/ntrip_utils/share/ntrip_utils/hook/pythonpath.dsv'
[0.840s] INFO:colcon.colcon_core.shell:Creating environment hook '/home/tardle/ntriptest/src/install/ntrip_utils/share/ntrip_utils/hook/pythonpath.sh'
[0.840s] Level 1:colcon.colcon_core.environment:checking '/home/tardle/ntriptest/src/install/ntrip_utils/bin'
[0.840s] Level 1:colcon.colcon_core.environment:create_environment_scripts_only(ntrip_utils)
[0.840s] INFO:colcon.colcon_core.shell:Creating package script '/home/tardle/ntriptest/src/install/ntrip_utils/share/ntrip_utils/package.ps1'
[0.841s] INFO:colcon.colcon_core.shell:Creating package descriptor '/home/tardle/ntriptest/src/install/ntrip_utils/share/ntrip_utils/package.dsv'
[0.841s] INFO:colcon.colcon_core.shell:Creating package script '/home/tardle/ntriptest/src/install/ntrip_utils/share/ntrip_utils/package.sh'
[0.842s] INFO:colcon.colcon_core.shell:Creating package script '/home/tardle/ntriptest/src/install/ntrip_utils/share/ntrip_utils/package.bash'
[0.842s] INFO:colcon.colcon_core.shell:Creating package script '/home/tardle/ntriptest/src/install/ntrip_utils/share/ntrip_utils/package.zsh'
[0.843s] Level 1:colcon.colcon_core.environment:create_file_with_runtime_dependencies(/home/tardle/ntriptest/src/install/ntrip_utils/share/colcon-core/packages/ntrip_utils)
[0.843s] DEBUG:colcon.colcon_parallel_executor.executor.parallel:closing loop
[0.843s] DEBUG:colcon.colcon_parallel_executor.executor.parallel:loop closed
[0.843s] DEBUG:colcon.colcon_parallel_executor.executor.parallel:run_until_complete finished with '0'
[0.843s] DEBUG:colcon.colcon_core.event_reactor:joining thread
[0.870s] INFO:colcon.colcon_core.plugin_system:Skipping extension 'colcon_notification.desktop_notification.notify_send': Could not find 'notify-send'
[0.870s] INFO:colcon.colcon_core.plugin_system:Skipping extension 'colcon_notification.desktop_notification.terminal_notifier': Not used on non-Darwin systems
[0.870s] INFO:colcon.colcon_core.plugin_system:Skipping extension 'colcon_notification.desktop_notification.win32': Not used on non-Windows systems
[0.870s] INFO:colcon.colcon_notification.desktop_notification:Sending desktop notification using 'notify2'
[0.870s] DEBUG:colcon.colcon_notification.desktop_notification.notify2:Failed to initialize notify2: org.freedesktop.DBus.Error.FileNotFound: Failed to connect to socket /run/user/1000/bus: No such file or directory
[0.870s] DEBUG:colcon.colcon_core.event_reactor:joined thread
[0.871s] INFO:colcon.colcon_core.shell:Creating prefix script '/home/tardle/ntriptest/src/install/local_setup.ps1'
[0.871s] INFO:colcon.colcon_core.shell:Creating prefix util module '/home/tardle/ntriptest/src/install/_local_setup_util_ps1.py'
[0.872s] INFO:colcon.colcon_core.shell:Creating prefix chain script '/home/tardle/ntriptest/src/install/setup.ps1'
[0.873s] INFO:colcon.colcon_core.shell:Creating prefix script '/home/tardle/ntriptest/src/install/local_setup.sh'
[0.873s] INFO:colcon.colcon_core.shell:Creating prefix util module '/home/tardle/ntriptest/src/install/_local_setup_util_sh.py'
[0.873s] INFO:colcon.colcon_core.shell:Creating prefix chain script '/home/tardle/ntriptest/src/install/setup.sh'
[0.874s] INFO:colcon.colcon_core.shell:Creating prefix script '/home/tardle/ntriptest/src/install/local_setup.bash'
[0.875s] INFO:colcon.colcon_core.shell:Creating prefix chain script '/home/tardle/ntriptest/src/install/setup.bash'
[0.875s] INFO:colcon.colcon_core.shell:Creating prefix script '/home/tardle/ntriptest/src/install/local_setup.zsh'
[0.876s] INFO:colcon.colcon_core.shell:Creating prefix chain script '/home/tardle/ntriptest/src/install/setup.zsh'
