[0.198s] DEBUG:colcon:Command line arguments: ['/usr/bin/colcon', 'build']
[0.198s] DEBUG:colcon:Parsed command line arguments: Namespace(log_base=None, log_level=None, verb_name='build', build_base='build', install_base='install', merge_install=False, symlink_install=False, test_result_base=None, continue_on_error=False, executor='parallel', parallel_workers=32, event_handlers=None, ignore_user_meta=False, metas=['./colcon.meta'], base_paths=['.'], packages_ignore=None, packages_ignore_regex=None, paths=None, packages_up_to=None, packages_up_to_regex=None, packages_above=None, packages_above_and_dependencies=None, packages_above_depth=None, packages_select_by_dep=None, packages_skip_by_dep=None, packages_skip_up_to=None, packages_select_build_failed=False, packages_skip_build_finished=False, packages_select_test_failures=False, packages_skip_test_passed=False, packages_select=None, packages_skip=None, packages_select_regex=None, packages_skip_regex=None, packages_start=None, packages_end=None, allow_overriding=[], cmake_args=None, cmake_target=None, cmake_target_skip_unavailable=False, cmake_clean_cache=False, cmake_clean_first=False, cmake_force_configure=False, ament_cmake_args=None, catkin_cmake_args=None, catkin_skip_building_tests=False, verb_parser=<colcon_defaults.argument_parser.defaults.DefaultArgumentsDecorator object at 0x758e5894e7a0>, verb_extension=<colcon_core.verb.build.BuildVerb object at 0x758e5894e290>, main=<bound method BuildVerb.main of <colcon_core.verb.build.BuildVerb object at 0x758e5894e290>>)
[0.222s] Level 1:colcon.colcon_core.package_discovery:discover_packages(colcon_meta) check parameters
[0.222s] Level 1:colcon.colcon_core.package_discovery:discover_packages(recursive) check parameters
[0.222s] Level 1:colcon.colcon_core.package_discovery:discover_packages(ignore) check parameters
[0.222s] Level 1:colcon.colcon_core.package_discovery:discover_packages(path) check parameters
[0.222s] Level 1:colcon.colcon_core.package_discovery:discover_packages(colcon_meta) discover
[0.222s] Level 1:colcon.colcon_core.package_discovery:discover_packages(recursive) discover
[0.222s] INFO:colcon.colcon_core.package_discovery:Crawling recursively for packages in '/home/tardle/ntriptest'
[0.222s] Level 1:colcon.colcon_core.package_identification:_identify(.) by extensions ['ignore', 'ignore_ament_install']
[0.222s] Level 1:colcon.colcon_core.package_identification:_identify(.) by extension 'ignore'
[0.222s] Level 1:colcon.colcon_core.package_identification:_identify(.) by extension 'ignore_ament_install'
[0.222s] Level 1:colcon.colcon_core.package_identification:_identify(.) by extensions ['colcon_pkg']
[0.222s] Level 1:colcon.colcon_core.package_identification:_identify(.) by extension 'colcon_pkg'
[0.222s] Level 1:colcon.colcon_core.package_identification:_identify(.) by extensions ['colcon_meta']
[0.222s] Level 1:colcon.colcon_core.package_identification:_identify(.) by extension 'colcon_meta'
[0.222s] Level 1:colcon.colcon_core.package_identification:_identify(.) by extensions ['ros']
[0.222s] Level 1:colcon.colcon_core.package_identification:_identify(.) by extension 'ros'
[0.230s] Level 1:colcon.colcon_core.package_identification:_identify(.) by extensions ['cmake', 'python']
[0.230s] Level 1:colcon.colcon_core.package_identification:_identify(.) by extension 'cmake'
[0.230s] Level 1:colcon.colcon_core.package_identification:_identify(.) by extension 'python'
[0.230s] Level 1:colcon.colcon_core.package_identification:_identify(.) by extensions ['python_setup_py']
[0.230s] Level 1:colcon.colcon_core.package_identification:_identify(.) by extension 'python_setup_py'
[0.230s] Level 1:colcon.colcon_core.package_identification:_identify(build) by extensions ['ignore', 'ignore_ament_install']
[0.230s] Level 1:colcon.colcon_core.package_identification:_identify(build) by extension 'ignore'
[0.230s] Level 1:colcon.colcon_core.package_identification:_identify(build) ignored
[0.231s] Level 1:colcon.colcon_core.package_identification:_identify(install) by extensions ['ignore', 'ignore_ament_install']
[0.231s] Level 1:colcon.colcon_core.package_identification:_identify(install) by extension 'ignore'
[0.231s] Level 1:colcon.colcon_core.package_identification:_identify(install) ignored
[0.231s] Level 1:colcon.colcon_core.package_identification:_identify(log) by extensions ['ignore', 'ignore_ament_install']
[0.231s] Level 1:colcon.colcon_core.package_identification:_identify(log) by extension 'ignore'
[0.231s] Level 1:colcon.colcon_core.package_identification:_identify(log) ignored
[0.231s] Level 1:colcon.colcon_core.package_identification:_identify(src) by extensions ['ignore', 'ignore_ament_install']
[0.231s] Level 1:colcon.colcon_core.package_identification:_identify(src) by extension 'ignore'
[0.231s] Level 1:colcon.colcon_core.package_identification:_identify(src) by extension 'ignore_ament_install'
[0.231s] Level 1:colcon.colcon_core.package_identification:_identify(src) by extensions ['colcon_pkg']
[0.231s] Level 1:colcon.colcon_core.package_identification:_identify(src) by extension 'colcon_pkg'
[0.231s] Level 1:colcon.colcon_core.package_identification:_identify(src) by extensions ['colcon_meta']
[0.231s] Level 1:colcon.colcon_core.package_identification:_identify(src) by extension 'colcon_meta'
[0.231s] Level 1:colcon.colcon_core.package_identification:_identify(src) by extensions ['ros']
[0.231s] Level 1:colcon.colcon_core.package_identification:_identify(src) by extension 'ros'
[0.231s] Level 1:colcon.colcon_core.package_identification:_identify(src) by extensions ['cmake', 'python']
[0.231s] Level 1:colcon.colcon_core.package_identification:_identify(src) by extension 'cmake'
[0.231s] Level 1:colcon.colcon_core.package_identification:_identify(src) by extension 'python'
[0.231s] Level 1:colcon.colcon_core.package_identification:_identify(src) by extensions ['python_setup_py']
[0.231s] Level 1:colcon.colcon_core.package_identification:_identify(src) by extension 'python_setup_py'
[0.231s] Level 1:colcon.colcon_core.package_identification:_identify(src/build) by extensions ['ignore', 'ignore_ament_install']
[0.231s] Level 1:colcon.colcon_core.package_identification:_identify(src/build) by extension 'ignore'
[0.231s] Level 1:colcon.colcon_core.package_identification:_identify(src/build) ignored
[0.231s] Level 1:colcon.colcon_core.package_identification:_identify(src/install) by extensions ['ignore', 'ignore_ament_install']
[0.231s] Level 1:colcon.colcon_core.package_identification:_identify(src/install) by extension 'ignore'
[0.231s] Level 1:colcon.colcon_core.package_identification:_identify(src/install) ignored
[0.231s] Level 1:colcon.colcon_core.package_identification:_identify(src/log) by extensions ['ignore', 'ignore_ament_install']
[0.231s] Level 1:colcon.colcon_core.package_identification:_identify(src/log) by extension 'ignore'
[0.232s] Level 1:colcon.colcon_core.package_identification:_identify(src/log) ignored
[0.232s] Level 1:colcon.colcon_core.package_identification:_identify(src/mavlink) by extensions ['ignore', 'ignore_ament_install']
[0.232s] Level 1:colcon.colcon_core.package_identification:_identify(src/mavlink) by extension 'ignore'
[0.232s] Level 1:colcon.colcon_core.package_identification:_identify(src/mavlink) by extension 'ignore_ament_install'
[0.232s] Level 1:colcon.colcon_core.package_identification:_identify(src/mavlink) by extensions ['colcon_pkg']
[0.232s] Level 1:colcon.colcon_core.package_identification:_identify(src/mavlink) by extension 'colcon_pkg'
[0.232s] Level 1:colcon.colcon_core.package_identification:_identify(src/mavlink) by extensions ['colcon_meta']
[0.232s] Level 1:colcon.colcon_core.package_identification:_identify(src/mavlink) by extension 'colcon_meta'
[0.232s] Level 1:colcon.colcon_core.package_identification:_identify(src/mavlink) by extensions ['ros']
[0.232s] Level 1:colcon.colcon_core.package_identification:_identify(src/mavlink) by extension 'ros'
[0.235s] DEBUG:colcon.colcon_core.package_identification:Package 'src/mavlink' with type 'ros.cmake' and name 'mavlink'
[0.235s] Level 1:colcon.colcon_core.package_identification:_identify(src/mavros) by extensions ['ignore', 'ignore_ament_install']
[0.235s] Level 1:colcon.colcon_core.package_identification:_identify(src/mavros) by extension 'ignore'
[0.235s] Level 1:colcon.colcon_core.package_identification:_identify(src/mavros) by extension 'ignore_ament_install'
[0.235s] Level 1:colcon.colcon_core.package_identification:_identify(src/mavros) by extensions ['colcon_pkg']
[0.235s] Level 1:colcon.colcon_core.package_identification:_identify(src/mavros) by extension 'colcon_pkg'
[0.235s] Level 1:colcon.colcon_core.package_identification:_identify(src/mavros) by extensions ['colcon_meta']
[0.235s] Level 1:colcon.colcon_core.package_identification:_identify(src/mavros) by extension 'colcon_meta'
[0.235s] Level 1:colcon.colcon_core.package_identification:_identify(src/mavros) by extensions ['ros']
[0.235s] Level 1:colcon.colcon_core.package_identification:_identify(src/mavros) by extension 'ros'
[0.235s] Level 1:colcon.colcon_core.package_identification:_identify(src/mavros) by extensions ['cmake', 'python']
[0.235s] Level 1:colcon.colcon_core.package_identification:_identify(src/mavros) by extension 'cmake'
[0.235s] Level 1:colcon.colcon_core.package_identification:_identify(src/mavros) by extension 'python'
[0.235s] Level 1:colcon.colcon_core.package_identification:_identify(src/mavros) by extensions ['python_setup_py']
[0.235s] Level 1:colcon.colcon_core.package_identification:_identify(src/mavros) by extension 'python_setup_py'
[0.235s] Level 1:colcon.colcon_core.package_identification:_identify(src/mavros/libmavconn) by extensions ['ignore', 'ignore_ament_install']
[0.235s] Level 1:colcon.colcon_core.package_identification:_identify(src/mavros/libmavconn) by extension 'ignore'
[0.235s] Level 1:colcon.colcon_core.package_identification:_identify(src/mavros/libmavconn) by extension 'ignore_ament_install'
[0.235s] Level 1:colcon.colcon_core.package_identification:_identify(src/mavros/libmavconn) by extensions ['colcon_pkg']
[0.235s] Level 1:colcon.colcon_core.package_identification:_identify(src/mavros/libmavconn) by extension 'colcon_pkg'
[0.235s] Level 1:colcon.colcon_core.package_identification:_identify(src/mavros/libmavconn) by extensions ['colcon_meta']
[0.235s] Level 1:colcon.colcon_core.package_identification:_identify(src/mavros/libmavconn) by extension 'colcon_meta'
[0.235s] Level 1:colcon.colcon_core.package_identification:_identify(src/mavros/libmavconn) by extensions ['ros']
[0.235s] Level 1:colcon.colcon_core.package_identification:_identify(src/mavros/libmavconn) by extension 'ros'
[0.236s] DEBUG:colcon.colcon_core.package_identification:Package 'src/mavros/libmavconn' with type 'ros.ament_cmake' and name 'libmavconn'
[0.236s] Level 1:colcon.colcon_core.package_identification:_identify(src/mavros/mavros) by extensions ['ignore', 'ignore_ament_install']
[0.236s] Level 1:colcon.colcon_core.package_identification:_identify(src/mavros/mavros) by extension 'ignore'
[0.236s] Level 1:colcon.colcon_core.package_identification:_identify(src/mavros/mavros) by extension 'ignore_ament_install'
[0.236s] Level 1:colcon.colcon_core.package_identification:_identify(src/mavros/mavros) by extensions ['colcon_pkg']
[0.236s] Level 1:colcon.colcon_core.package_identification:_identify(src/mavros/mavros) by extension 'colcon_pkg'
[0.236s] Level 1:colcon.colcon_core.package_identification:_identify(src/mavros/mavros) by extensions ['colcon_meta']
[0.236s] Level 1:colcon.colcon_core.package_identification:_identify(src/mavros/mavros) by extension 'colcon_meta'
[0.236s] Level 1:colcon.colcon_core.package_identification:_identify(src/mavros/mavros) by extensions ['ros']
[0.236s] Level 1:colcon.colcon_core.package_identification:_identify(src/mavros/mavros) by extension 'ros'
[0.237s] DEBUG:colcon.colcon_core.package_identification:Package 'src/mavros/mavros' with type 'ros.ament_cmake' and name 'mavros'
[0.237s] Level 1:colcon.colcon_core.package_identification:_identify(src/mavros/mavros_extras) by extensions ['ignore', 'ignore_ament_install']
[0.237s] Level 1:colcon.colcon_core.package_identification:_identify(src/mavros/mavros_extras) by extension 'ignore'
[0.237s] Level 1:colcon.colcon_core.package_identification:_identify(src/mavros/mavros_extras) by extension 'ignore_ament_install'
[0.237s] Level 1:colcon.colcon_core.package_identification:_identify(src/mavros/mavros_extras) by extensions ['colcon_pkg']
[0.237s] Level 1:colcon.colcon_core.package_identification:_identify(src/mavros/mavros_extras) by extension 'colcon_pkg'
[0.237s] Level 1:colcon.colcon_core.package_identification:_identify(src/mavros/mavros_extras) by extensions ['colcon_meta']
[0.237s] Level 1:colcon.colcon_core.package_identification:_identify(src/mavros/mavros_extras) by extension 'colcon_meta'
[0.237s] Level 1:colcon.colcon_core.package_identification:_identify(src/mavros/mavros_extras) by extensions ['ros']
[0.237s] Level 1:colcon.colcon_core.package_identification:_identify(src/mavros/mavros_extras) by extension 'ros'
[0.239s] DEBUG:colcon.colcon_core.package_identification:Package 'src/mavros/mavros_extras' with type 'ros.ament_cmake' and name 'mavros_extras'
[0.239s] Level 1:colcon.colcon_core.package_identification:_identify(src/mavros/mavros_msgs) by extensions ['ignore', 'ignore_ament_install']
[0.239s] Level 1:colcon.colcon_core.package_identification:_identify(src/mavros/mavros_msgs) by extension 'ignore'
[0.239s] Level 1:colcon.colcon_core.package_identification:_identify(src/mavros/mavros_msgs) by extension 'ignore_ament_install'
[0.239s] Level 1:colcon.colcon_core.package_identification:_identify(src/mavros/mavros_msgs) by extensions ['colcon_pkg']
[0.239s] Level 1:colcon.colcon_core.package_identification:_identify(src/mavros/mavros_msgs) by extension 'colcon_pkg'
[0.239s] Level 1:colcon.colcon_core.package_identification:_identify(src/mavros/mavros_msgs) by extensions ['colcon_meta']
[0.239s] Level 1:colcon.colcon_core.package_identification:_identify(src/mavros/mavros_msgs) by extension 'colcon_meta'
[0.239s] Level 1:colcon.colcon_core.package_identification:_identify(src/mavros/mavros_msgs) by extensions ['ros']
[0.239s] Level 1:colcon.colcon_core.package_identification:_identify(src/mavros/mavros_msgs) by extension 'ros'
[0.239s] DEBUG:colcon.colcon_core.package_identification:Package 'src/mavros/mavros_msgs' with type 'ros.ament_cmake' and name 'mavros_msgs'
[0.239s] Level 1:colcon.colcon_core.package_identification:_identify(src/mavros/test_mavros) by extensions ['ignore', 'ignore_ament_install']
[0.240s] Level 1:colcon.colcon_core.package_identification:_identify(src/mavros/test_mavros) by extension 'ignore'
[0.240s] Level 1:colcon.colcon_core.package_identification:_identify(src/mavros/test_mavros) ignored
[0.240s] Level 1:colcon.colcon_core.package_identification:_identify(src/ntrip_client) by extensions ['ignore', 'ignore_ament_install']
[0.240s] Level 1:colcon.colcon_core.package_identification:_identify(src/ntrip_client) by extension 'ignore'
[0.240s] Level 1:colcon.colcon_core.package_identification:_identify(src/ntrip_client) by extension 'ignore_ament_install'
[0.240s] Level 1:colcon.colcon_core.package_identification:_identify(src/ntrip_client) by extensions ['colcon_pkg']
[0.240s] Level 1:colcon.colcon_core.package_identification:_identify(src/ntrip_client) by extension 'colcon_pkg'
[0.240s] Level 1:colcon.colcon_core.package_identification:_identify(src/ntrip_client) by extensions ['colcon_meta']
[0.240s] Level 1:colcon.colcon_core.package_identification:_identify(src/ntrip_client) by extension 'colcon_meta'
[0.240s] Level 1:colcon.colcon_core.package_identification:_identify(src/ntrip_client) by extensions ['ros']
[0.240s] Level 1:colcon.colcon_core.package_identification:_identify(src/ntrip_client) by extension 'ros'
[0.240s] DEBUG:colcon.colcon_core.package_identification:Package 'src/ntrip_client' with type 'ros.ament_python' and name 'ntrip_client'
[0.240s] Level 1:colcon.colcon_core.package_identification:_identify(src/ntrip_utils) by extensions ['ignore', 'ignore_ament_install']
[0.240s] Level 1:colcon.colcon_core.package_identification:_identify(src/ntrip_utils) by extension 'ignore'
[0.240s] Level 1:colcon.colcon_core.package_identification:_identify(src/ntrip_utils) by extension 'ignore_ament_install'
[0.240s] Level 1:colcon.colcon_core.package_identification:_identify(src/ntrip_utils) by extensions ['colcon_pkg']
[0.240s] Level 1:colcon.colcon_core.package_identification:_identify(src/ntrip_utils) by extension 'colcon_pkg'
[0.240s] Level 1:colcon.colcon_core.package_identification:_identify(src/ntrip_utils) by extensions ['colcon_meta']
[0.240s] Level 1:colcon.colcon_core.package_identification:_identify(src/ntrip_utils) by extension 'colcon_meta'
[0.240s] Level 1:colcon.colcon_core.package_identification:_identify(src/ntrip_utils) by extensions ['ros']
[0.240s] Level 1:colcon.colcon_core.package_identification:_identify(src/ntrip_utils) by extension 'ros'
[0.241s] DEBUG:colcon.colcon_core.package_identification:Package 'src/ntrip_utils' with type 'ros.ament_python' and name 'ntrip_utils'
[0.241s] Level 1:colcon.colcon_core.package_discovery:discover_packages(recursive) using defaults
[0.241s] Level 1:colcon.colcon_core.package_discovery:discover_packages(ignore) discover
[0.241s] Level 1:colcon.colcon_core.package_discovery:discover_packages(ignore) using defaults
[0.241s] Level 1:colcon.colcon_core.package_discovery:discover_packages(path) discover
[0.241s] Level 1:colcon.colcon_core.package_discovery:discover_packages(path) using defaults
[0.262s] Level 1:colcon.colcon_core.package_discovery:discover_packages(prefix_path) check parameters
[0.262s] Level 1:colcon.colcon_core.package_discovery:discover_packages(prefix_path) discover
[0.267s] DEBUG:colcon.colcon_installed_package_information.package_discovery:Found 6 installed packages in /home/tardle/ntriptest/install
[0.267s] DEBUG:colcon.colcon_installed_package_information.package_discovery:Found 440 installed packages in /opt/ros/humble
[0.269s] Level 1:colcon.colcon_core.package_discovery:discover_packages(prefix_path) using defaults
[0.375s] Level 5:colcon.colcon_core.verb:set package 'mavlink' build argument 'cmake_args' from command line to 'None'
[0.375s] Level 5:colcon.colcon_core.verb:set package 'mavlink' build argument 'cmake_target' from command line to 'None'
[0.375s] Level 5:colcon.colcon_core.verb:set package 'mavlink' build argument 'cmake_target_skip_unavailable' from command line to 'False'
[0.375s] Level 5:colcon.colcon_core.verb:set package 'mavlink' build argument 'cmake_clean_cache' from command line to 'False'
[0.375s] Level 5:colcon.colcon_core.verb:set package 'mavlink' build argument 'cmake_clean_first' from command line to 'False'
[0.375s] Level 5:colcon.colcon_core.verb:set package 'mavlink' build argument 'cmake_force_configure' from command line to 'False'
[0.375s] Level 5:colcon.colcon_core.verb:set package 'mavlink' build argument 'ament_cmake_args' from command line to 'None'
[0.375s] Level 5:colcon.colcon_core.verb:set package 'mavlink' build argument 'catkin_cmake_args' from command line to 'None'
[0.375s] Level 5:colcon.colcon_core.verb:set package 'mavlink' build argument 'catkin_skip_building_tests' from command line to 'False'
[0.375s] DEBUG:colcon.colcon_core.verb:Building package 'mavlink' with the following arguments: {'ament_cmake_args': None, 'build_base': '/home/tardle/ntriptest/build/mavlink', 'catkin_cmake_args': None, 'catkin_skip_building_tests': False, 'cmake_args': None, 'cmake_clean_cache': False, 'cmake_clean_first': False, 'cmake_force_configure': False, 'cmake_target': None, 'cmake_target_skip_unavailable': False, 'install_base': '/home/tardle/ntriptest/install/mavlink', 'merge_install': False, 'path': '/home/tardle/ntriptest/src/mavlink', 'symlink_install': False, 'test_result_base': None}
[0.376s] Level 5:colcon.colcon_core.verb:set package 'mavros_msgs' build argument 'cmake_args' from command line to 'None'
[0.376s] Level 5:colcon.colcon_core.verb:set package 'mavros_msgs' build argument 'cmake_target' from command line to 'None'
[0.376s] Level 5:colcon.colcon_core.verb:set package 'mavros_msgs' build argument 'cmake_target_skip_unavailable' from command line to 'False'
[0.376s] Level 5:colcon.colcon_core.verb:set package 'mavros_msgs' build argument 'cmake_clean_cache' from command line to 'False'
[0.376s] Level 5:colcon.colcon_core.verb:set package 'mavros_msgs' build argument 'cmake_clean_first' from command line to 'False'
[0.376s] Level 5:colcon.colcon_core.verb:set package 'mavros_msgs' build argument 'cmake_force_configure' from command line to 'False'
[0.376s] Level 5:colcon.colcon_core.verb:set package 'mavros_msgs' build argument 'ament_cmake_args' from command line to 'None'
[0.376s] Level 5:colcon.colcon_core.verb:set package 'mavros_msgs' build argument 'catkin_cmake_args' from command line to 'None'
[0.376s] Level 5:colcon.colcon_core.verb:set package 'mavros_msgs' build argument 'catkin_skip_building_tests' from command line to 'False'
[0.376s] DEBUG:colcon.colcon_core.verb:Building package 'mavros_msgs' with the following arguments: {'ament_cmake_args': None, 'build_base': '/home/tardle/ntriptest/build/mavros_msgs', 'catkin_cmake_args': None, 'catkin_skip_building_tests': False, 'cmake_args': None, 'cmake_clean_cache': False, 'cmake_clean_first': False, 'cmake_force_configure': False, 'cmake_target': None, 'cmake_target_skip_unavailable': False, 'install_base': '/home/tardle/ntriptest/install/mavros_msgs', 'merge_install': False, 'path': '/home/tardle/ntriptest/src/mavros/mavros_msgs', 'symlink_install': False, 'test_result_base': None}
[0.376s] Level 5:colcon.colcon_core.verb:set package 'ntrip_client' build argument 'cmake_args' from command line to 'None'
[0.376s] Level 5:colcon.colcon_core.verb:set package 'ntrip_client' build argument 'cmake_target' from command line to 'None'
[0.376s] Level 5:colcon.colcon_core.verb:set package 'ntrip_client' build argument 'cmake_target_skip_unavailable' from command line to 'False'
[0.376s] Level 5:colcon.colcon_core.verb:set package 'ntrip_client' build argument 'cmake_clean_cache' from command line to 'False'
[0.376s] Level 5:colcon.colcon_core.verb:set package 'ntrip_client' build argument 'cmake_clean_first' from command line to 'False'
[0.376s] Level 5:colcon.colcon_core.verb:set package 'ntrip_client' build argument 'cmake_force_configure' from command line to 'False'
[0.376s] Level 5:colcon.colcon_core.verb:set package 'ntrip_client' build argument 'ament_cmake_args' from command line to 'None'
[0.376s] Level 5:colcon.colcon_core.verb:set package 'ntrip_client' build argument 'catkin_cmake_args' from command line to 'None'
[0.376s] Level 5:colcon.colcon_core.verb:set package 'ntrip_client' build argument 'catkin_skip_building_tests' from command line to 'False'
[0.376s] DEBUG:colcon.colcon_core.verb:Building package 'ntrip_client' with the following arguments: {'ament_cmake_args': None, 'build_base': '/home/tardle/ntriptest/build/ntrip_client', 'catkin_cmake_args': None, 'catkin_skip_building_tests': False, 'cmake_args': None, 'cmake_clean_cache': False, 'cmake_clean_first': False, 'cmake_force_configure': False, 'cmake_target': None, 'cmake_target_skip_unavailable': False, 'install_base': '/home/tardle/ntriptest/install/ntrip_client', 'merge_install': False, 'path': '/home/tardle/ntriptest/src/ntrip_client', 'symlink_install': False, 'test_result_base': None}
[0.376s] Level 5:colcon.colcon_core.verb:set package 'ntrip_utils' build argument 'cmake_args' from command line to 'None'
[0.376s] Level 5:colcon.colcon_core.verb:set package 'ntrip_utils' build argument 'cmake_target' from command line to 'None'
[0.376s] Level 5:colcon.colcon_core.verb:set package 'ntrip_utils' build argument 'cmake_target_skip_unavailable' from command line to 'False'
[0.376s] Level 5:colcon.colcon_core.verb:set package 'ntrip_utils' build argument 'cmake_clean_cache' from command line to 'False'
[0.376s] Level 5:colcon.colcon_core.verb:set package 'ntrip_utils' build argument 'cmake_clean_first' from command line to 'False'
[0.376s] Level 5:colcon.colcon_core.verb:set package 'ntrip_utils' build argument 'cmake_force_configure' from command line to 'False'
[0.376s] Level 5:colcon.colcon_core.verb:set package 'ntrip_utils' build argument 'ament_cmake_args' from command line to 'None'
[0.376s] Level 5:colcon.colcon_core.verb:set package 'ntrip_utils' build argument 'catkin_cmake_args' from command line to 'None'
[0.376s] Level 5:colcon.colcon_core.verb:set package 'ntrip_utils' build argument 'catkin_skip_building_tests' from command line to 'False'
[0.376s] DEBUG:colcon.colcon_core.verb:Building package 'ntrip_utils' with the following arguments: {'ament_cmake_args': None, 'build_base': '/home/tardle/ntriptest/build/ntrip_utils', 'catkin_cmake_args': None, 'catkin_skip_building_tests': False, 'cmake_args': None, 'cmake_clean_cache': False, 'cmake_clean_first': False, 'cmake_force_configure': False, 'cmake_target': None, 'cmake_target_skip_unavailable': False, 'install_base': '/home/tardle/ntriptest/install/ntrip_utils', 'merge_install': False, 'path': '/home/tardle/ntriptest/src/ntrip_utils', 'symlink_install': False, 'test_result_base': None}
[0.376s] Level 5:colcon.colcon_core.verb:set package 'libmavconn' build argument 'cmake_args' from command line to 'None'
[0.376s] Level 5:colcon.colcon_core.verb:set package 'libmavconn' build argument 'cmake_target' from command line to 'None'
[0.376s] Level 5:colcon.colcon_core.verb:set package 'libmavconn' build argument 'cmake_target_skip_unavailable' from command line to 'False'
[0.376s] Level 5:colcon.colcon_core.verb:set package 'libmavconn' build argument 'cmake_clean_cache' from command line to 'False'
[0.376s] Level 5:colcon.colcon_core.verb:set package 'libmavconn' build argument 'cmake_clean_first' from command line to 'False'
[0.376s] Level 5:colcon.colcon_core.verb:set package 'libmavconn' build argument 'cmake_force_configure' from command line to 'False'
[0.376s] Level 5:colcon.colcon_core.verb:set package 'libmavconn' build argument 'ament_cmake_args' from command line to 'None'
[0.376s] Level 5:colcon.colcon_core.verb:set package 'libmavconn' build argument 'catkin_cmake_args' from command line to 'None'
[0.376s] Level 5:colcon.colcon_core.verb:set package 'libmavconn' build argument 'catkin_skip_building_tests' from command line to 'False'
[0.376s] DEBUG:colcon.colcon_core.verb:Building package 'libmavconn' with the following arguments: {'ament_cmake_args': None, 'build_base': '/home/tardle/ntriptest/build/libmavconn', 'catkin_cmake_args': None, 'catkin_skip_building_tests': False, 'cmake_args': None, 'cmake_clean_cache': False, 'cmake_clean_first': False, 'cmake_force_configure': False, 'cmake_target': None, 'cmake_target_skip_unavailable': False, 'install_base': '/home/tardle/ntriptest/install/libmavconn', 'merge_install': False, 'path': '/home/tardle/ntriptest/src/mavros/libmavconn', 'symlink_install': False, 'test_result_base': None}
[0.376s] Level 5:colcon.colcon_core.verb:set package 'mavros' build argument 'cmake_args' from command line to 'None'
[0.376s] Level 5:colcon.colcon_core.verb:set package 'mavros' build argument 'cmake_target' from command line to 'None'
[0.376s] Level 5:colcon.colcon_core.verb:set package 'mavros' build argument 'cmake_target_skip_unavailable' from command line to 'False'
[0.376s] Level 5:colcon.colcon_core.verb:set package 'mavros' build argument 'cmake_clean_cache' from command line to 'False'
[0.376s] Level 5:colcon.colcon_core.verb:set package 'mavros' build argument 'cmake_clean_first' from command line to 'False'
[0.377s] Level 5:colcon.colcon_core.verb:set package 'mavros' build argument 'cmake_force_configure' from command line to 'False'
[0.377s] Level 5:colcon.colcon_core.verb:set package 'mavros' build argument 'ament_cmake_args' from command line to 'None'
[0.377s] Level 5:colcon.colcon_core.verb:set package 'mavros' build argument 'catkin_cmake_args' from command line to 'None'
[0.377s] Level 5:colcon.colcon_core.verb:set package 'mavros' build argument 'catkin_skip_building_tests' from command line to 'False'
[0.377s] DEBUG:colcon.colcon_core.verb:Building package 'mavros' with the following arguments: {'ament_cmake_args': None, 'build_base': '/home/tardle/ntriptest/build/mavros', 'catkin_cmake_args': None, 'catkin_skip_building_tests': False, 'cmake_args': None, 'cmake_clean_cache': False, 'cmake_clean_first': False, 'cmake_force_configure': False, 'cmake_target': None, 'cmake_target_skip_unavailable': False, 'install_base': '/home/tardle/ntriptest/install/mavros', 'merge_install': False, 'path': '/home/tardle/ntriptest/src/mavros/mavros', 'symlink_install': False, 'test_result_base': None}
[0.377s] Level 5:colcon.colcon_core.verb:set package 'mavros_extras' build argument 'cmake_args' from command line to 'None'
[0.377s] Level 5:colcon.colcon_core.verb:set package 'mavros_extras' build argument 'cmake_target' from command line to 'None'
[0.377s] Level 5:colcon.colcon_core.verb:set package 'mavros_extras' build argument 'cmake_target_skip_unavailable' from command line to 'False'
[0.377s] Level 5:colcon.colcon_core.verb:set package 'mavros_extras' build argument 'cmake_clean_cache' from command line to 'False'
[0.377s] Level 5:colcon.colcon_core.verb:set package 'mavros_extras' build argument 'cmake_clean_first' from command line to 'False'
[0.377s] Level 5:colcon.colcon_core.verb:set package 'mavros_extras' build argument 'cmake_force_configure' from command line to 'False'
[0.377s] Level 5:colcon.colcon_core.verb:set package 'mavros_extras' build argument 'ament_cmake_args' from command line to 'None'
[0.377s] Level 5:colcon.colcon_core.verb:set package 'mavros_extras' build argument 'catkin_cmake_args' from command line to 'None'
[0.377s] Level 5:colcon.colcon_core.verb:set package 'mavros_extras' build argument 'catkin_skip_building_tests' from command line to 'False'
[0.377s] DEBUG:colcon.colcon_core.verb:Building package 'mavros_extras' with the following arguments: {'ament_cmake_args': None, 'build_base': '/home/tardle/ntriptest/build/mavros_extras', 'catkin_cmake_args': None, 'catkin_skip_building_tests': False, 'cmake_args': None, 'cmake_clean_cache': False, 'cmake_clean_first': False, 'cmake_force_configure': False, 'cmake_target': None, 'cmake_target_skip_unavailable': False, 'install_base': '/home/tardle/ntriptest/install/mavros_extras', 'merge_install': False, 'path': '/home/tardle/ntriptest/src/mavros/mavros_extras', 'symlink_install': False, 'test_result_base': None}
[0.377s] INFO:colcon.colcon_core.executor:Executing jobs using 'parallel' executor
[0.377s] DEBUG:colcon.colcon_parallel_executor.executor.parallel:run_until_complete
[0.377s] INFO:colcon.colcon_ros.task.cmake.build:Building ROS package in '/home/tardle/ntriptest/src/mavlink' with build type 'cmake'
[0.378s] INFO:colcon.colcon_cmake.task.cmake.build:Building CMake package in '/home/tardle/ntriptest/src/mavlink'
[0.382s] INFO:colcon.colcon_core.plugin_system:Skipping extension 'colcon_core.shell.bat': Not used on non-Windows systems
[0.382s] INFO:colcon.colcon_core.shell:Skip shell extension 'powershell' for command environment: Not usable outside of PowerShell
[0.383s] DEBUG:colcon.colcon_core.shell:Skip shell extension 'dsv' for command environment
[0.386s] INFO:colcon.colcon_ros.task.ament_cmake.build:Building ROS package in '/home/tardle/ntriptest/src/mavros/mavros_msgs' with build type 'ament_cmake'
[0.386s] INFO:colcon.colcon_cmake.task.cmake.build:Building CMake package in '/home/tardle/ntriptest/src/mavros/mavros_msgs'
[0.387s] INFO:colcon.colcon_core.shell:Skip shell extension 'powershell' for command environment: Not usable outside of PowerShell
[0.387s] DEBUG:colcon.colcon_core.shell:Skip shell extension 'dsv' for command environment
[0.389s] INFO:colcon.colcon_ros.task.ament_python.build:Building ROS package in '/home/tardle/ntriptest/src/ntrip_client' with build type 'ament_python'
[0.389s] Level 1:colcon.colcon_core.shell:create_environment_hook('ntrip_client', 'ament_prefix_path')
[0.389s] INFO:colcon.colcon_core.shell:Creating environment hook '/home/tardle/ntriptest/install/ntrip_client/share/ntrip_client/hook/ament_prefix_path.ps1'
[0.390s] INFO:colcon.colcon_core.shell:Creating environment descriptor '/home/tardle/ntriptest/install/ntrip_client/share/ntrip_client/hook/ament_prefix_path.dsv'
[0.391s] INFO:colcon.colcon_core.shell:Creating environment hook '/home/tardle/ntriptest/install/ntrip_client/share/ntrip_client/hook/ament_prefix_path.sh'
[0.391s] INFO:colcon.colcon_core.shell:Skip shell extension 'powershell' for command environment: Not usable outside of PowerShell
[0.392s] DEBUG:colcon.colcon_core.shell:Skip shell extension 'dsv' for command environment
[0.394s] INFO:colcon.colcon_ros.task.ament_python.build:Building ROS package in '/home/tardle/ntriptest/src/ntrip_utils' with build type 'ament_python'
[0.394s] Level 1:colcon.colcon_core.shell:create_environment_hook('ntrip_utils', 'ament_prefix_path')
[0.394s] INFO:colcon.colcon_core.shell:Creating environment hook '/home/tardle/ntriptest/install/ntrip_utils/share/ntrip_utils/hook/ament_prefix_path.ps1'
[0.394s] INFO:colcon.colcon_core.shell:Creating environment descriptor '/home/tardle/ntriptest/install/ntrip_utils/share/ntrip_utils/hook/ament_prefix_path.dsv'
[0.395s] INFO:colcon.colcon_core.shell:Creating environment hook '/home/tardle/ntriptest/install/ntrip_utils/share/ntrip_utils/hook/ament_prefix_path.sh'
[0.395s] INFO:colcon.colcon_core.shell:Skip shell extension 'powershell' for command environment: Not usable outside of PowerShell
[0.395s] DEBUG:colcon.colcon_core.shell:Skip shell extension 'dsv' for command environment
[0.400s] DEBUG:colcon.colcon_core.event_handler.log_command:Invoking command in '/home/tardle/ntriptest/build/mavlink': CMAKE_PREFIX_PATH=${CMAKE_PREFIX_PATH}:/home/tardle/ntriptest/install/ntrip_utils:/home/tardle/ntriptest/install/ntrip_client:/opt/ros/humble /usr/bin/cmake --build /home/tardle/ntriptest/build/mavlink -- -j32 -l32
[0.405s] DEBUG:colcon.colcon_core.event_handler.log_command:Invoking command in '/home/tardle/ntriptest/build/mavros_msgs': CMAKE_PREFIX_PATH=${CMAKE_PREFIX_PATH}:/home/tardle/ntriptest/install/ntrip_utils:/home/tardle/ntriptest/install/ntrip_client:/opt/ros/humble /usr/bin/cmake --build /home/tardle/ntriptest/build/mavros_msgs -- -j32 -l32
[0.505s] INFO:colcon.colcon_core.task.python.build:Building Python package in '/home/tardle/ntriptest/src/ntrip_client'
[0.506s] INFO:colcon.colcon_core.shell:Skip shell extension 'powershell' for command environment: Not usable outside of PowerShell
[0.506s] DEBUG:colcon.colcon_core.shell:Skip shell extension 'dsv' for command environment
[0.616s] INFO:colcon.colcon_core.task.python.build:Building Python package in '/home/tardle/ntriptest/src/ntrip_utils'
[0.616s] INFO:colcon.colcon_core.shell:Skip shell extension 'powershell' for command environment: Not usable outside of PowerShell
[0.616s] DEBUG:colcon.colcon_core.shell:Skip shell extension 'dsv' for command environment
[0.955s] DEBUG:colcon.colcon_core.event_handler.log_command:Invoked command in '/home/tardle/ntriptest/build/mavros_msgs' returned '0': CMAKE_PREFIX_PATH=${CMAKE_PREFIX_PATH}:/home/tardle/ntriptest/install/ntrip_utils:/home/tardle/ntriptest/install/ntrip_client:/opt/ros/humble /usr/bin/cmake --build /home/tardle/ntriptest/build/mavros_msgs -- -j32 -l32
[0.968s] DEBUG:colcon.colcon_core.event_handler.log_command:Invoking command in '/home/tardle/ntriptest/build/mavros_msgs': CMAKE_PREFIX_PATH=${CMAKE_PREFIX_PATH}:/home/tardle/ntriptest/install/ntrip_utils:/home/tardle/ntriptest/install/ntrip_client:/opt/ros/humble /usr/bin/cmake --install /home/tardle/ntriptest/build/mavros_msgs
[1.238s] DEBUG:colcon.colcon_core.event_handler.log_command:Invoking command in '/home/tardle/ntriptest/src/ntrip_utils': PYTHONPATH=/home/tardle/ntriptest/build/ntrip_utils/prefix_override:/usr/lib/python3/dist-packages/colcon_core/task/python/colcon_distutils_commands:/home/tardle/ntriptest/install/ntrip_utils/lib/python3.10/site-packages:${PYTHONPATH} /usr/bin/python3 -W ignore:setup.py install is deprecated -W ignore:easy_install command is deprecated setup.py egg_info --egg-base ../../build/ntrip_utils build --build-base /home/tardle/ntriptest/build/ntrip_utils/build install --record /home/tardle/ntriptest/build/ntrip_utils/install.log --single-version-externally-managed install_data
[1.240s] DEBUG:colcon.colcon_core.event_handler.log_command:Invoking command in '/home/tardle/ntriptest/src/ntrip_client': PYTHONPATH=/home/tardle/ntriptest/build/ntrip_client/prefix_override:/usr/lib/python3/dist-packages/colcon_core/task/python/colcon_distutils_commands:/home/tardle/ntriptest/install/ntrip_client/lib/python3.10/site-packages:${PYTHONPATH} /usr/bin/python3 -W ignore:setup.py install is deprecated -W ignore:easy_install command is deprecated setup.py egg_info --egg-base ../../build/ntrip_client build --build-base /home/tardle/ntriptest/build/ntrip_client/build install --record /home/tardle/ntriptest/build/ntrip_client/install.log --single-version-externally-managed install_data
[1.713s] DEBUG:colcon.colcon_core.event_handler.log_command:Invoked command in '/home/tardle/ntriptest/src/ntrip_client' returned '0': PYTHONPATH=/home/tardle/ntriptest/build/ntrip_client/prefix_override:/usr/lib/python3/dist-packages/colcon_core/task/python/colcon_distutils_commands:/home/tardle/ntriptest/install/ntrip_client/lib/python3.10/site-packages:${PYTHONPATH} /usr/bin/python3 -W ignore:setup.py install is deprecated -W ignore:easy_install command is deprecated setup.py egg_info --egg-base ../../build/ntrip_client build --build-base /home/tardle/ntriptest/build/ntrip_client/build install --record /home/tardle/ntriptest/build/ntrip_client/install.log --single-version-externally-managed install_data
[1.731s] Level 1:colcon.colcon_core.environment:checking '/home/tardle/ntriptest/install/ntrip_client' for CMake module files
[1.732s] Level 1:colcon.colcon_core.environment:checking '/home/tardle/ntriptest/install/ntrip_client' for CMake config files
[1.748s] Level 1:colcon.colcon_core.environment:checking '/home/tardle/ntriptest/install/ntrip_client/lib'
[1.748s] Level 1:colcon.colcon_core.environment:checking '/home/tardle/ntriptest/install/ntrip_client/bin'
[1.748s] Level 1:colcon.colcon_core.environment:checking '/home/tardle/ntriptest/install/ntrip_client/lib/pkgconfig/ntrip_client.pc'
[1.748s] Level 1:colcon.colcon_core.environment:checking '/home/tardle/ntriptest/install/ntrip_client/lib/python3.10/site-packages'
[1.748s] Level 1:colcon.colcon_core.shell:create_environment_hook('ntrip_client', 'pythonpath')
[1.748s] INFO:colcon.colcon_core.shell:Creating environment hook '/home/tardle/ntriptest/install/ntrip_client/share/ntrip_client/hook/pythonpath.ps1'
[1.748s] INFO:colcon.colcon_core.shell:Creating environment descriptor '/home/tardle/ntriptest/install/ntrip_client/share/ntrip_client/hook/pythonpath.dsv'
[1.749s] INFO:colcon.colcon_core.shell:Creating environment hook '/home/tardle/ntriptest/install/ntrip_client/share/ntrip_client/hook/pythonpath.sh'
[1.749s] Level 1:colcon.colcon_core.environment:checking '/home/tardle/ntriptest/install/ntrip_client/bin'
[1.749s] Level 1:colcon.colcon_core.environment:create_environment_scripts_only(ntrip_client)
[1.749s] INFO:colcon.colcon_core.shell:Creating package script '/home/tardle/ntriptest/install/ntrip_client/share/ntrip_client/package.ps1'
[1.753s] INFO:colcon.colcon_core.shell:Creating package descriptor '/home/tardle/ntriptest/install/ntrip_client/share/ntrip_client/package.dsv'
[1.754s] INFO:colcon.colcon_core.shell:Creating package script '/home/tardle/ntriptest/install/ntrip_client/share/ntrip_client/package.sh'
[1.754s] INFO:colcon.colcon_core.shell:Creating package script '/home/tardle/ntriptest/install/ntrip_client/share/ntrip_client/package.bash'
[1.755s] INFO:colcon.colcon_core.shell:Creating package script '/home/tardle/ntriptest/install/ntrip_client/share/ntrip_client/package.zsh'
[1.756s] Level 1:colcon.colcon_core.environment:create_file_with_runtime_dependencies(/home/tardle/ntriptest/install/ntrip_client/share/colcon-core/packages/ntrip_client)
[1.757s] Level 1:colcon.colcon_core.environment:checking '/home/tardle/ntriptest/install/ntrip_utils' for CMake module files
[1.757s] DEBUG:colcon.colcon_core.event_handler.log_command:Invoked command in '/home/tardle/ntriptest/src/ntrip_utils' returned '0': PYTHONPATH=/home/tardle/ntriptest/build/ntrip_utils/prefix_override:/usr/lib/python3/dist-packages/colcon_core/task/python/colcon_distutils_commands:/home/tardle/ntriptest/install/ntrip_utils/lib/python3.10/site-packages:${PYTHONPATH} /usr/bin/python3 -W ignore:setup.py install is deprecated -W ignore:easy_install command is deprecated setup.py egg_info --egg-base ../../build/ntrip_utils build --build-base /home/tardle/ntriptest/build/ntrip_utils/build install --record /home/tardle/ntriptest/build/ntrip_utils/install.log --single-version-externally-managed install_data
[1.757s] Level 1:colcon.colcon_core.environment:checking '/home/tardle/ntriptest/install/ntrip_utils' for CMake config files
[1.761s] Level 1:colcon.colcon_core.environment:checking '/home/tardle/ntriptest/install/ntrip_utils/lib'
[1.761s] Level 1:colcon.colcon_core.environment:checking '/home/tardle/ntriptest/install/ntrip_utils/bin'
[1.761s] Level 1:colcon.colcon_core.environment:checking '/home/tardle/ntriptest/install/ntrip_utils/lib/pkgconfig/ntrip_utils.pc'
[1.761s] Level 1:colcon.colcon_core.environment:checking '/home/tardle/ntriptest/install/ntrip_utils/lib/python3.10/site-packages'
[1.761s] Level 1:colcon.colcon_core.shell:create_environment_hook('ntrip_utils', 'pythonpath')
[1.762s] INFO:colcon.colcon_core.shell:Creating environment hook '/home/tardle/ntriptest/install/ntrip_utils/share/ntrip_utils/hook/pythonpath.ps1'
[1.762s] INFO:colcon.colcon_core.shell:Creating environment descriptor '/home/tardle/ntriptest/install/ntrip_utils/share/ntrip_utils/hook/pythonpath.dsv'
[1.762s] INFO:colcon.colcon_core.shell:Creating environment hook '/home/tardle/ntriptest/install/ntrip_utils/share/ntrip_utils/hook/pythonpath.sh'
[1.762s] Level 1:colcon.colcon_core.environment:checking '/home/tardle/ntriptest/install/ntrip_utils/bin'
[1.762s] Level 1:colcon.colcon_core.environment:create_environment_scripts_only(ntrip_utils)
[1.763s] INFO:colcon.colcon_core.shell:Creating package script '/home/tardle/ntriptest/install/ntrip_utils/share/ntrip_utils/package.ps1'
[1.763s] INFO:colcon.colcon_core.shell:Creating package descriptor '/home/tardle/ntriptest/install/ntrip_utils/share/ntrip_utils/package.dsv'
[1.763s] INFO:colcon.colcon_core.shell:Creating package script '/home/tardle/ntriptest/install/ntrip_utils/share/ntrip_utils/package.sh'
[1.763s] INFO:colcon.colcon_core.shell:Creating package script '/home/tardle/ntriptest/install/ntrip_utils/share/ntrip_utils/package.bash'
[1.763s] INFO:colcon.colcon_core.shell:Creating package script '/home/tardle/ntriptest/install/ntrip_utils/share/ntrip_utils/package.zsh'
[1.764s] Level 1:colcon.colcon_core.environment:create_file_with_runtime_dependencies(/home/tardle/ntriptest/install/ntrip_utils/share/colcon-core/packages/ntrip_utils)
[1.934s] Level 1:colcon.colcon_core.environment:create_environment_scripts_only(mavros_msgs)
[1.934s] Level 1:colcon.colcon_core.environment:checking '/home/tardle/ntriptest/install/mavros_msgs' for CMake module files
[1.935s] DEBUG:colcon.colcon_core.event_handler.log_command:Invoked command in '/home/tardle/ntriptest/build/mavros_msgs' returned '0': CMAKE_PREFIX_PATH=${CMAKE_PREFIX_PATH}:/home/tardle/ntriptest/install/ntrip_utils:/home/tardle/ntriptest/install/ntrip_client:/opt/ros/humble /usr/bin/cmake --install /home/tardle/ntriptest/build/mavros_msgs
[1.935s] Level 1:colcon.colcon_core.environment:checking '/home/tardle/ntriptest/install/mavros_msgs' for CMake config files
[1.947s] Level 1:colcon.colcon_core.shell:create_environment_hook('mavros_msgs', 'cmake_prefix_path')
[1.948s] INFO:colcon.colcon_core.shell:Creating environment hook '/home/tardle/ntriptest/install/mavros_msgs/share/mavros_msgs/hook/cmake_prefix_path.ps1'
[1.948s] INFO:colcon.colcon_core.shell:Creating environment descriptor '/home/tardle/ntriptest/install/mavros_msgs/share/mavros_msgs/hook/cmake_prefix_path.dsv'
[1.948s] INFO:colcon.colcon_core.shell:Creating environment hook '/home/tardle/ntriptest/install/mavros_msgs/share/mavros_msgs/hook/cmake_prefix_path.sh'
[1.949s] Level 1:colcon.colcon_core.environment:checking '/home/tardle/ntriptest/install/mavros_msgs/lib'
[1.949s] Level 1:colcon.colcon_core.shell:create_environment_hook('mavros_msgs', 'ld_library_path_lib')
[1.949s] INFO:colcon.colcon_core.shell:Creating environment hook '/home/tardle/ntriptest/install/mavros_msgs/share/mavros_msgs/hook/ld_library_path_lib.ps1'
[1.949s] INFO:colcon.colcon_core.shell:Creating environment descriptor '/home/tardle/ntriptest/install/mavros_msgs/share/mavros_msgs/hook/ld_library_path_lib.dsv'
[1.949s] INFO:colcon.colcon_core.shell:Creating environment hook '/home/tardle/ntriptest/install/mavros_msgs/share/mavros_msgs/hook/ld_library_path_lib.sh'
[1.949s] Level 1:colcon.colcon_core.environment:checking '/home/tardle/ntriptest/install/mavros_msgs/bin'
[1.949s] Level 1:colcon.colcon_core.environment:checking '/home/tardle/ntriptest/install/mavros_msgs/lib/pkgconfig/mavros_msgs.pc'
[1.949s] Level 1:colcon.colcon_core.environment:checking '/home/tardle/ntriptest/install/mavros_msgs/lib/python3.10/site-packages'
[1.950s] Level 1:colcon.colcon_core.environment:checking '/home/tardle/ntriptest/install/mavros_msgs/bin'
[1.950s] INFO:colcon.colcon_core.shell:Creating package script '/home/tardle/ntriptest/install/mavros_msgs/share/mavros_msgs/package.ps1'
[1.950s] INFO:colcon.colcon_core.shell:Creating package descriptor '/home/tardle/ntriptest/install/mavros_msgs/share/mavros_msgs/package.dsv'
[1.950s] INFO:colcon.colcon_core.shell:Creating package script '/home/tardle/ntriptest/install/mavros_msgs/share/mavros_msgs/package.sh'
[1.950s] INFO:colcon.colcon_core.shell:Creating package script '/home/tardle/ntriptest/install/mavros_msgs/share/mavros_msgs/package.bash'
[1.950s] INFO:colcon.colcon_core.shell:Creating package script '/home/tardle/ntriptest/install/mavros_msgs/share/mavros_msgs/package.zsh'
[1.951s] Level 1:colcon.colcon_core.environment:create_file_with_runtime_dependencies(/home/tardle/ntriptest/install/mavros_msgs/share/colcon-core/packages/mavros_msgs)
[1.951s] Level 1:colcon.colcon_core.environment:create_environment_scripts_only(mavros_msgs)
[1.951s] Level 1:colcon.colcon_core.environment:checking '/home/tardle/ntriptest/install/mavros_msgs' for CMake module files
[1.951s] Level 1:colcon.colcon_core.environment:checking '/home/tardle/ntriptest/install/mavros_msgs' for CMake config files
[1.951s] Level 1:colcon.colcon_core.shell:create_environment_hook('mavros_msgs', 'cmake_prefix_path')
[1.951s] INFO:colcon.colcon_core.shell:Creating environment hook '/home/tardle/ntriptest/install/mavros_msgs/share/mavros_msgs/hook/cmake_prefix_path.ps1'
[1.951s] INFO:colcon.colcon_core.shell:Creating environment descriptor '/home/tardle/ntriptest/install/mavros_msgs/share/mavros_msgs/hook/cmake_prefix_path.dsv'
[1.952s] INFO:colcon.colcon_core.shell:Creating environment hook '/home/tardle/ntriptest/install/mavros_msgs/share/mavros_msgs/hook/cmake_prefix_path.sh'
[1.952s] Level 1:colcon.colcon_core.environment:checking '/home/tardle/ntriptest/install/mavros_msgs/lib'
[1.952s] Level 1:colcon.colcon_core.shell:create_environment_hook('mavros_msgs', 'ld_library_path_lib')
[1.952s] INFO:colcon.colcon_core.shell:Creating environment hook '/home/tardle/ntriptest/install/mavros_msgs/share/mavros_msgs/hook/ld_library_path_lib.ps1'
[1.952s] INFO:colcon.colcon_core.shell:Creating environment descriptor '/home/tardle/ntriptest/install/mavros_msgs/share/mavros_msgs/hook/ld_library_path_lib.dsv'
[1.952s] INFO:colcon.colcon_core.shell:Creating environment hook '/home/tardle/ntriptest/install/mavros_msgs/share/mavros_msgs/hook/ld_library_path_lib.sh'
[1.952s] Level 1:colcon.colcon_core.environment:checking '/home/tardle/ntriptest/install/mavros_msgs/bin'
[1.952s] Level 1:colcon.colcon_core.environment:checking '/home/tardle/ntriptest/install/mavros_msgs/lib/pkgconfig/mavros_msgs.pc'
[1.952s] Level 1:colcon.colcon_core.environment:checking '/home/tardle/ntriptest/install/mavros_msgs/lib/python3.10/site-packages'
[1.953s] Level 1:colcon.colcon_core.environment:checking '/home/tardle/ntriptest/install/mavros_msgs/bin'
[1.953s] INFO:colcon.colcon_core.shell:Creating package script '/home/tardle/ntriptest/install/mavros_msgs/share/mavros_msgs/package.ps1'
[1.953s] INFO:colcon.colcon_core.shell:Creating package descriptor '/home/tardle/ntriptest/install/mavros_msgs/share/mavros_msgs/package.dsv'
[1.953s] INFO:colcon.colcon_core.shell:Creating package script '/home/tardle/ntriptest/install/mavros_msgs/share/mavros_msgs/package.sh'
[1.954s] INFO:colcon.colcon_core.shell:Creating package script '/home/tardle/ntriptest/install/mavros_msgs/share/mavros_msgs/package.bash'
[1.954s] INFO:colcon.colcon_core.shell:Creating package script '/home/tardle/ntriptest/install/mavros_msgs/share/mavros_msgs/package.zsh'
[1.954s] Level 1:colcon.colcon_core.environment:create_file_with_runtime_dependencies(/home/tardle/ntriptest/install/mavros_msgs/share/colcon-core/packages/mavros_msgs)
[1.955s] DEBUG:colcon.colcon_core.event_handler.log_command:Invoked command in '/home/tardle/ntriptest/build/mavlink' returned '0': CMAKE_PREFIX_PATH=${CMAKE_PREFIX_PATH}:/home/tardle/ntriptest/install/ntrip_utils:/home/tardle/ntriptest/install/ntrip_client:/opt/ros/humble /usr/bin/cmake --build /home/tardle/ntriptest/build/mavlink -- -j32 -l32
[1.956s] DEBUG:colcon.colcon_core.event_handler.log_command:Invoking command in '/home/tardle/ntriptest/build/mavlink': CMAKE_PREFIX_PATH=${CMAKE_PREFIX_PATH}:/home/tardle/ntriptest/install/ntrip_utils:/home/tardle/ntriptest/install/ntrip_client:/opt/ros/humble /usr/bin/cmake --install /home/tardle/ntriptest/build/mavlink
[2.038s] Level 1:colcon.colcon_core.shell:create_environment_hook('mavlink', 'pkg_config_path')
[2.039s] INFO:colcon.colcon_core.shell:Creating environment hook '/home/tardle/ntriptest/install/mavlink/share/mavlink/hook/pkg_config_path.ps1'
[2.042s] INFO:colcon.colcon_core.shell:Creating environment descriptor '/home/tardle/ntriptest/install/mavlink/share/mavlink/hook/pkg_config_path.dsv'
[2.048s] INFO:colcon.colcon_core.shell:Creating environment hook '/home/tardle/ntriptest/install/mavlink/share/mavlink/hook/pkg_config_path.sh'
[2.052s] DEBUG:colcon.colcon_core.event_handler.log_command:Invoked command in '/home/tardle/ntriptest/build/mavlink' returned '0': CMAKE_PREFIX_PATH=${CMAKE_PREFIX_PATH}:/home/tardle/ntriptest/install/ntrip_utils:/home/tardle/ntriptest/install/ntrip_client:/opt/ros/humble /usr/bin/cmake --install /home/tardle/ntriptest/build/mavlink
[2.074s] Level 1:colcon.colcon_core.shell:create_environment_hook('mavlink', 'pkg_config_path_multiarch')
[2.074s] INFO:colcon.colcon_core.shell:Creating environment hook '/home/tardle/ntriptest/install/mavlink/share/mavlink/hook/pkg_config_path_multiarch.ps1'
[2.075s] INFO:colcon.colcon_core.shell:Creating environment descriptor '/home/tardle/ntriptest/install/mavlink/share/mavlink/hook/pkg_config_path_multiarch.dsv'
[2.075s] INFO:colcon.colcon_core.shell:Creating environment hook '/home/tardle/ntriptest/install/mavlink/share/mavlink/hook/pkg_config_path_multiarch.sh'
[2.075s] Level 1:colcon.colcon_core.environment:create_environment_scripts_only(mavlink)
[2.075s] Level 1:colcon.colcon_core.environment:checking '/home/tardle/ntriptest/install/mavlink' for CMake module files
[2.075s] Level 1:colcon.colcon_core.environment:checking '/home/tardle/ntriptest/install/mavlink' for CMake config files
[2.075s] Level 1:colcon.colcon_core.shell:create_environment_hook('mavlink', 'cmake_prefix_path')
[2.075s] INFO:colcon.colcon_core.shell:Creating environment hook '/home/tardle/ntriptest/install/mavlink/share/mavlink/hook/cmake_prefix_path.ps1'
[2.076s] INFO:colcon.colcon_core.shell:Creating environment descriptor '/home/tardle/ntriptest/install/mavlink/share/mavlink/hook/cmake_prefix_path.dsv'
[2.076s] INFO:colcon.colcon_core.shell:Creating environment hook '/home/tardle/ntriptest/install/mavlink/share/mavlink/hook/cmake_prefix_path.sh'
[2.076s] Level 1:colcon.colcon_core.environment:checking '/home/tardle/ntriptest/install/mavlink/lib'
[2.076s] Level 1:colcon.colcon_core.environment:checking '/home/tardle/ntriptest/install/mavlink/bin'
[2.076s] Level 1:colcon.colcon_core.environment:checking '/home/tardle/ntriptest/install/mavlink/lib/pkgconfig/mavlink.pc'
[2.076s] Level 1:colcon.colcon_core.shell:create_environment_hook('mavlink', 'pkg_config')
[2.076s] INFO:colcon.colcon_core.shell:Creating environment hook '/home/tardle/ntriptest/install/mavlink/share/mavlink/hook/pkg_config.ps1'
[2.076s] INFO:colcon.colcon_core.shell:Creating environment descriptor '/home/tardle/ntriptest/install/mavlink/share/mavlink/hook/pkg_config.dsv'
[2.076s] INFO:colcon.colcon_core.shell:Creating environment hook '/home/tardle/ntriptest/install/mavlink/share/mavlink/hook/pkg_config.sh'
[2.077s] Level 1:colcon.colcon_core.environment:checking '/home/tardle/ntriptest/install/mavlink/lib/python3.10/site-packages'
[2.077s] Level 1:colcon.colcon_core.environment:checking '/home/tardle/ntriptest/install/mavlink/bin'
[2.077s] INFO:colcon.colcon_core.shell:Creating package script '/home/tardle/ntriptest/install/mavlink/share/mavlink/package.ps1'
[2.077s] INFO:colcon.colcon_core.shell:Creating package descriptor '/home/tardle/ntriptest/install/mavlink/share/mavlink/package.dsv'
[2.077s] INFO:colcon.colcon_core.shell:Creating package script '/home/tardle/ntriptest/install/mavlink/share/mavlink/package.sh'
[2.078s] INFO:colcon.colcon_core.shell:Creating package script '/home/tardle/ntriptest/install/mavlink/share/mavlink/package.bash'
[2.078s] INFO:colcon.colcon_core.shell:Creating package script '/home/tardle/ntriptest/install/mavlink/share/mavlink/package.zsh'
[2.078s] Level 1:colcon.colcon_core.environment:create_file_with_runtime_dependencies(/home/tardle/ntriptest/install/mavlink/share/colcon-core/packages/mavlink)
[2.078s] INFO:colcon.colcon_ros.task.ament_cmake.build:Building ROS package in '/home/tardle/ntriptest/src/mavros/libmavconn' with build type 'ament_cmake'
[2.078s] INFO:colcon.colcon_cmake.task.cmake.build:Building CMake package in '/home/tardle/ntriptest/src/mavros/libmavconn'
[2.079s] INFO:colcon.colcon_core.shell:Skip shell extension 'powershell' for command environment: Not usable outside of PowerShell
[2.079s] DEBUG:colcon.colcon_core.shell:Skip shell extension 'dsv' for command environment
[2.204s] DEBUG:colcon.colcon_core.event_handler.log_command:Invoking command in '/home/tardle/ntriptest/build/libmavconn': CMAKE_PREFIX_PATH=/home/tardle/ntriptest/install/mavlink:/home/tardle/ntriptest/install/mavros_extras:/home/tardle/ntriptest/install/mavros:/home/tardle/ntriptest/install/mavros_msgs:/home/tardle/ntriptest/install/libmavconn:/home/tardle/ntriptest/install/ntrip_utils:/home/tardle/ntriptest/install/ntrip_client:/opt/ros/humble PKG_CONFIG_PATH=/home/tardle/ntriptest/install/mavlink/lib/x86_64-linux-gnu/pkgconfig:/home/tardle/ntriptest/install/mavlink/lib/pkgconfig /usr/bin/cmake --build /home/tardle/ntriptest/build/libmavconn -- -j32 -l32
[2.324s] DEBUG:colcon.colcon_core.event_handler.log_command:Invoked command in '/home/tardle/ntriptest/build/libmavconn' returned '0': CMAKE_PREFIX_PATH=/home/tardle/ntriptest/install/mavlink:/home/tardle/ntriptest/install/mavros_extras:/home/tardle/ntriptest/install/mavros:/home/tardle/ntriptest/install/mavros_msgs:/home/tardle/ntriptest/install/libmavconn:/home/tardle/ntriptest/install/ntrip_utils:/home/tardle/ntriptest/install/ntrip_client:/opt/ros/humble PKG_CONFIG_PATH=/home/tardle/ntriptest/install/mavlink/lib/x86_64-linux-gnu/pkgconfig:/home/tardle/ntriptest/install/mavlink/lib/pkgconfig /usr/bin/cmake --build /home/tardle/ntriptest/build/libmavconn -- -j32 -l32
[2.331s] DEBUG:colcon.colcon_core.event_handler.log_command:Invoking command in '/home/tardle/ntriptest/build/libmavconn': CMAKE_PREFIX_PATH=/home/tardle/ntriptest/install/mavlink:/home/tardle/ntriptest/install/mavros_extras:/home/tardle/ntriptest/install/mavros:/home/tardle/ntriptest/install/mavros_msgs:/home/tardle/ntriptest/install/libmavconn:/home/tardle/ntriptest/install/ntrip_utils:/home/tardle/ntriptest/install/ntrip_client:/opt/ros/humble PKG_CONFIG_PATH=/home/tardle/ntriptest/install/mavlink/lib/x86_64-linux-gnu/pkgconfig:/home/tardle/ntriptest/install/mavlink/lib/pkgconfig /usr/bin/cmake --install /home/tardle/ntriptest/build/libmavconn
[2.354s] Level 1:colcon.colcon_core.environment:create_environment_scripts_only(libmavconn)
[2.354s] Level 1:colcon.colcon_core.environment:checking '/home/tardle/ntriptest/install/libmavconn' for CMake module files
[2.354s] DEBUG:colcon.colcon_core.event_handler.log_command:Invoked command in '/home/tardle/ntriptest/build/libmavconn' returned '0': CMAKE_PREFIX_PATH=/home/tardle/ntriptest/install/mavlink:/home/tardle/ntriptest/install/mavros_extras:/home/tardle/ntriptest/install/mavros:/home/tardle/ntriptest/install/mavros_msgs:/home/tardle/ntriptest/install/libmavconn:/home/tardle/ntriptest/install/ntrip_utils:/home/tardle/ntriptest/install/ntrip_client:/opt/ros/humble PKG_CONFIG_PATH=/home/tardle/ntriptest/install/mavlink/lib/x86_64-linux-gnu/pkgconfig:/home/tardle/ntriptest/install/mavlink/lib/pkgconfig /usr/bin/cmake --install /home/tardle/ntriptest/build/libmavconn
[2.355s] Level 1:colcon.colcon_core.environment:checking '/home/tardle/ntriptest/install/libmavconn' for CMake config files
[2.360s] Level 1:colcon.colcon_core.shell:create_environment_hook('libmavconn', 'cmake_prefix_path')
[2.360s] INFO:colcon.colcon_core.shell:Creating environment hook '/home/tardle/ntriptest/install/libmavconn/share/libmavconn/hook/cmake_prefix_path.ps1'
[2.361s] INFO:colcon.colcon_core.shell:Creating environment descriptor '/home/tardle/ntriptest/install/libmavconn/share/libmavconn/hook/cmake_prefix_path.dsv'
[2.361s] INFO:colcon.colcon_core.shell:Creating environment hook '/home/tardle/ntriptest/install/libmavconn/share/libmavconn/hook/cmake_prefix_path.sh'
[2.361s] Level 1:colcon.colcon_core.environment:checking '/home/tardle/ntriptest/install/libmavconn/lib'
[2.361s] Level 1:colcon.colcon_core.shell:create_environment_hook('libmavconn', 'ld_library_path_lib')
[2.361s] INFO:colcon.colcon_core.shell:Creating environment hook '/home/tardle/ntriptest/install/libmavconn/share/libmavconn/hook/ld_library_path_lib.ps1'
[2.361s] INFO:colcon.colcon_core.shell:Creating environment descriptor '/home/tardle/ntriptest/install/libmavconn/share/libmavconn/hook/ld_library_path_lib.dsv'
[2.361s] INFO:colcon.colcon_core.shell:Creating environment hook '/home/tardle/ntriptest/install/libmavconn/share/libmavconn/hook/ld_library_path_lib.sh'
[2.362s] Level 1:colcon.colcon_core.environment:checking '/home/tardle/ntriptest/install/libmavconn/bin'
[2.362s] Level 1:colcon.colcon_core.environment:checking '/home/tardle/ntriptest/install/libmavconn/lib/pkgconfig/libmavconn.pc'
[2.362s] Level 1:colcon.colcon_core.environment:checking '/home/tardle/ntriptest/install/libmavconn/lib/python3.10/site-packages'
[2.362s] Level 1:colcon.colcon_core.environment:checking '/home/tardle/ntriptest/install/libmavconn/bin'
[2.362s] INFO:colcon.colcon_core.shell:Creating package script '/home/tardle/ntriptest/install/libmavconn/share/libmavconn/package.ps1'
[2.362s] INFO:colcon.colcon_core.shell:Creating package descriptor '/home/tardle/ntriptest/install/libmavconn/share/libmavconn/package.dsv'
[2.362s] INFO:colcon.colcon_core.shell:Creating package script '/home/tardle/ntriptest/install/libmavconn/share/libmavconn/package.sh'
[2.362s] INFO:colcon.colcon_core.shell:Creating package script '/home/tardle/ntriptest/install/libmavconn/share/libmavconn/package.bash'
[2.363s] INFO:colcon.colcon_core.shell:Creating package script '/home/tardle/ntriptest/install/libmavconn/share/libmavconn/package.zsh'
[2.363s] Level 1:colcon.colcon_core.environment:create_file_with_runtime_dependencies(/home/tardle/ntriptest/install/libmavconn/share/colcon-core/packages/libmavconn)
[2.363s] Level 1:colcon.colcon_core.environment:create_environment_scripts_only(libmavconn)
[2.363s] Level 1:colcon.colcon_core.environment:checking '/home/tardle/ntriptest/install/libmavconn' for CMake module files
[2.363s] Level 1:colcon.colcon_core.environment:checking '/home/tardle/ntriptest/install/libmavconn' for CMake config files
[2.363s] Level 1:colcon.colcon_core.shell:create_environment_hook('libmavconn', 'cmake_prefix_path')
[2.363s] INFO:colcon.colcon_core.shell:Creating environment hook '/home/tardle/ntriptest/install/libmavconn/share/libmavconn/hook/cmake_prefix_path.ps1'
[2.364s] INFO:colcon.colcon_core.shell:Creating environment descriptor '/home/tardle/ntriptest/install/libmavconn/share/libmavconn/hook/cmake_prefix_path.dsv'
[2.364s] INFO:colcon.colcon_core.shell:Creating environment hook '/home/tardle/ntriptest/install/libmavconn/share/libmavconn/hook/cmake_prefix_path.sh'
[2.364s] Level 1:colcon.colcon_core.environment:checking '/home/tardle/ntriptest/install/libmavconn/lib'
[2.364s] Level 1:colcon.colcon_core.shell:create_environment_hook('libmavconn', 'ld_library_path_lib')
[2.364s] INFO:colcon.colcon_core.shell:Creating environment hook '/home/tardle/ntriptest/install/libmavconn/share/libmavconn/hook/ld_library_path_lib.ps1'
[2.364s] INFO:colcon.colcon_core.shell:Creating environment descriptor '/home/tardle/ntriptest/install/libmavconn/share/libmavconn/hook/ld_library_path_lib.dsv'
[2.364s] INFO:colcon.colcon_core.shell:Creating environment hook '/home/tardle/ntriptest/install/libmavconn/share/libmavconn/hook/ld_library_path_lib.sh'
[2.365s] Level 1:colcon.colcon_core.environment:checking '/home/tardle/ntriptest/install/libmavconn/bin'
[2.365s] Level 1:colcon.colcon_core.environment:checking '/home/tardle/ntriptest/install/libmavconn/lib/pkgconfig/libmavconn.pc'
[2.365s] Level 1:colcon.colcon_core.environment:checking '/home/tardle/ntriptest/install/libmavconn/lib/python3.10/site-packages'
[2.365s] Level 1:colcon.colcon_core.environment:checking '/home/tardle/ntriptest/install/libmavconn/bin'
[2.365s] INFO:colcon.colcon_core.shell:Creating package script '/home/tardle/ntriptest/install/libmavconn/share/libmavconn/package.ps1'
[2.365s] INFO:colcon.colcon_core.shell:Creating package descriptor '/home/tardle/ntriptest/install/libmavconn/share/libmavconn/package.dsv'
[2.365s] INFO:colcon.colcon_core.shell:Creating package script '/home/tardle/ntriptest/install/libmavconn/share/libmavconn/package.sh'
[2.366s] INFO:colcon.colcon_core.shell:Creating package script '/home/tardle/ntriptest/install/libmavconn/share/libmavconn/package.bash'
[2.366s] INFO:colcon.colcon_core.shell:Creating package script '/home/tardle/ntriptest/install/libmavconn/share/libmavconn/package.zsh'
[2.366s] Level 1:colcon.colcon_core.environment:create_file_with_runtime_dependencies(/home/tardle/ntriptest/install/libmavconn/share/colcon-core/packages/libmavconn)
[2.366s] INFO:colcon.colcon_ros.task.ament_cmake.build:Building ROS package in '/home/tardle/ntriptest/src/mavros/mavros' with build type 'ament_cmake'
[2.366s] INFO:colcon.colcon_cmake.task.cmake.build:Building CMake package in '/home/tardle/ntriptest/src/mavros/mavros'
[2.366s] INFO:colcon.colcon_core.shell:Skip shell extension 'powershell' for command environment: Not usable outside of PowerShell
[2.366s] DEBUG:colcon.colcon_core.shell:Skip shell extension 'dsv' for command environment
[2.621s] DEBUG:colcon.colcon_core.event_handler.log_command:Invoking command in '/home/tardle/ntriptest/build/mavros': CMAKE_PREFIX_PATH=/home/tardle/ntriptest/install/libmavconn:/home/tardle/ntriptest/install/mavros_msgs:/home/tardle/ntriptest/install/mavlink:/home/tardle/ntriptest/install/mavros_extras:/home/tardle/ntriptest/install/mavros:/home/tardle/ntriptest/install/ntrip_utils:/home/tardle/ntriptest/install/ntrip_client:/opt/ros/humble LD_LIBRARY_PATH=/home/tardle/ntriptest/install/libmavconn/lib:/home/tardle/ntriptest/install/mavros_msgs/lib:/home/tardle/ntriptest/install/mavros_extras/lib:/home/tardle/ntriptest/install/mavros/lib:/opt/ros/humble/opt/rviz_ogre_vendor/lib:/opt/ros/humble/lib/x86_64-linux-gnu:/opt/ros/humble/lib PKG_CONFIG_PATH=/home/tardle/ntriptest/install/mavlink/lib/x86_64-linux-gnu/pkgconfig:/home/tardle/ntriptest/install/mavlink/lib/pkgconfig /usr/bin/cmake --build /home/tardle/ntriptest/build/mavros -- -j32 -l32
[16.013s] DEBUG:colcon.colcon_core.event_handler.log_command:Invoked command in '/home/tardle/ntriptest/build/mavros' returned '0': CMAKE_PREFIX_PATH=/home/tardle/ntriptest/install/libmavconn:/home/tardle/ntriptest/install/mavros_msgs:/home/tardle/ntriptest/install/mavlink:/home/tardle/ntriptest/install/mavros_extras:/home/tardle/ntriptest/install/mavros:/home/tardle/ntriptest/install/ntrip_utils:/home/tardle/ntriptest/install/ntrip_client:/opt/ros/humble LD_LIBRARY_PATH=/home/tardle/ntriptest/install/libmavconn/lib:/home/tardle/ntriptest/install/mavros_msgs/lib:/home/tardle/ntriptest/install/mavros_extras/lib:/home/tardle/ntriptest/install/mavros/lib:/opt/ros/humble/opt/rviz_ogre_vendor/lib:/opt/ros/humble/lib/x86_64-linux-gnu:/opt/ros/humble/lib PKG_CONFIG_PATH=/home/tardle/ntriptest/install/mavlink/lib/x86_64-linux-gnu/pkgconfig:/home/tardle/ntriptest/install/mavlink/lib/pkgconfig /usr/bin/cmake --build /home/tardle/ntriptest/build/mavros -- -j32 -l32
[16.015s] DEBUG:colcon.colcon_core.event_handler.log_command:Invoking command in '/home/tardle/ntriptest/build/mavros': CMAKE_PREFIX_PATH=/home/tardle/ntriptest/install/libmavconn:/home/tardle/ntriptest/install/mavros_msgs:/home/tardle/ntriptest/install/mavlink:/home/tardle/ntriptest/install/mavros_extras:/home/tardle/ntriptest/install/mavros:/home/tardle/ntriptest/install/ntrip_utils:/home/tardle/ntriptest/install/ntrip_client:/opt/ros/humble LD_LIBRARY_PATH=/home/tardle/ntriptest/install/libmavconn/lib:/home/tardle/ntriptest/install/mavros_msgs/lib:/home/tardle/ntriptest/install/mavros_extras/lib:/home/tardle/ntriptest/install/mavros/lib:/opt/ros/humble/opt/rviz_ogre_vendor/lib:/opt/ros/humble/lib/x86_64-linux-gnu:/opt/ros/humble/lib PKG_CONFIG_PATH=/home/tardle/ntriptest/install/mavlink/lib/x86_64-linux-gnu/pkgconfig:/home/tardle/ntriptest/install/mavlink/lib/pkgconfig /usr/bin/cmake --install /home/tardle/ntriptest/build/mavros
[16.100s] Level 1:colcon.colcon_core.environment:create_environment_scripts_only(mavros)
[16.100s] Level 1:colcon.colcon_core.environment:checking '/home/tardle/ntriptest/install/mavros' for CMake module files
[16.101s] DEBUG:colcon.colcon_core.event_handler.log_command:Invoked command in '/home/tardle/ntriptest/build/mavros' returned '0': CMAKE_PREFIX_PATH=/home/tardle/ntriptest/install/libmavconn:/home/tardle/ntriptest/install/mavros_msgs:/home/tardle/ntriptest/install/mavlink:/home/tardle/ntriptest/install/mavros_extras:/home/tardle/ntriptest/install/mavros:/home/tardle/ntriptest/install/ntrip_utils:/home/tardle/ntriptest/install/ntrip_client:/opt/ros/humble LD_LIBRARY_PATH=/home/tardle/ntriptest/install/libmavconn/lib:/home/tardle/ntriptest/install/mavros_msgs/lib:/home/tardle/ntriptest/install/mavros_extras/lib:/home/tardle/ntriptest/install/mavros/lib:/opt/ros/humble/opt/rviz_ogre_vendor/lib:/opt/ros/humble/lib/x86_64-linux-gnu:/opt/ros/humble/lib PKG_CONFIG_PATH=/home/tardle/ntriptest/install/mavlink/lib/x86_64-linux-gnu/pkgconfig:/home/tardle/ntriptest/install/mavlink/lib/pkgconfig /usr/bin/cmake --install /home/tardle/ntriptest/build/mavros
[16.101s] Level 1:colcon.colcon_core.environment:checking '/home/tardle/ntriptest/install/mavros' for CMake config files
[16.101s] Level 1:colcon.colcon_core.shell:create_environment_hook('mavros', 'cmake_prefix_path')
[16.101s] INFO:colcon.colcon_core.shell:Creating environment hook '/home/tardle/ntriptest/install/mavros/share/mavros/hook/cmake_prefix_path.ps1'
[16.101s] INFO:colcon.colcon_core.shell:Creating environment descriptor '/home/tardle/ntriptest/install/mavros/share/mavros/hook/cmake_prefix_path.dsv'
[16.101s] INFO:colcon.colcon_core.shell:Creating environment hook '/home/tardle/ntriptest/install/mavros/share/mavros/hook/cmake_prefix_path.sh'
[16.102s] Level 1:colcon.colcon_core.environment:checking '/home/tardle/ntriptest/install/mavros/lib'
[16.102s] Level 1:colcon.colcon_core.shell:create_environment_hook('mavros', 'ld_library_path_lib')
[16.102s] INFO:colcon.colcon_core.shell:Creating environment hook '/home/tardle/ntriptest/install/mavros/share/mavros/hook/ld_library_path_lib.ps1'
[16.102s] INFO:colcon.colcon_core.shell:Creating environment descriptor '/home/tardle/ntriptest/install/mavros/share/mavros/hook/ld_library_path_lib.dsv'
[16.102s] INFO:colcon.colcon_core.shell:Creating environment hook '/home/tardle/ntriptest/install/mavros/share/mavros/hook/ld_library_path_lib.sh'
[16.102s] Level 1:colcon.colcon_core.environment:checking '/home/tardle/ntriptest/install/mavros/bin'
[16.102s] Level 1:colcon.colcon_core.environment:checking '/home/tardle/ntriptest/install/mavros/lib/pkgconfig/mavros.pc'
[16.102s] Level 1:colcon.colcon_core.environment:checking '/home/tardle/ntriptest/install/mavros/lib/python3.10/site-packages'
[16.102s] Level 1:colcon.colcon_core.environment:checking '/home/tardle/ntriptest/install/mavros/bin'
[16.103s] INFO:colcon.colcon_core.shell:Creating package script '/home/tardle/ntriptest/install/mavros/share/mavros/package.ps1'
[16.103s] INFO:colcon.colcon_core.shell:Creating package descriptor '/home/tardle/ntriptest/install/mavros/share/mavros/package.dsv'
[16.103s] INFO:colcon.colcon_core.shell:Creating package script '/home/tardle/ntriptest/install/mavros/share/mavros/package.sh'
[16.103s] INFO:colcon.colcon_core.shell:Creating package script '/home/tardle/ntriptest/install/mavros/share/mavros/package.bash'
[16.103s] INFO:colcon.colcon_core.shell:Creating package script '/home/tardle/ntriptest/install/mavros/share/mavros/package.zsh'
[16.104s] Level 1:colcon.colcon_core.environment:create_file_with_runtime_dependencies(/home/tardle/ntriptest/install/mavros/share/colcon-core/packages/mavros)
[16.104s] Level 1:colcon.colcon_core.environment:create_environment_scripts_only(mavros)
[16.104s] Level 1:colcon.colcon_core.environment:checking '/home/tardle/ntriptest/install/mavros' for CMake module files
[16.104s] Level 1:colcon.colcon_core.environment:checking '/home/tardle/ntriptest/install/mavros' for CMake config files
[16.104s] Level 1:colcon.colcon_core.shell:create_environment_hook('mavros', 'cmake_prefix_path')
[16.104s] INFO:colcon.colcon_core.shell:Creating environment hook '/home/tardle/ntriptest/install/mavros/share/mavros/hook/cmake_prefix_path.ps1'
[16.105s] INFO:colcon.colcon_core.shell:Creating environment descriptor '/home/tardle/ntriptest/install/mavros/share/mavros/hook/cmake_prefix_path.dsv'
[16.105s] INFO:colcon.colcon_core.shell:Creating environment hook '/home/tardle/ntriptest/install/mavros/share/mavros/hook/cmake_prefix_path.sh'
[16.105s] Level 1:colcon.colcon_core.environment:checking '/home/tardle/ntriptest/install/mavros/lib'
[16.105s] Level 1:colcon.colcon_core.shell:create_environment_hook('mavros', 'ld_library_path_lib')
[16.105s] INFO:colcon.colcon_core.shell:Creating environment hook '/home/tardle/ntriptest/install/mavros/share/mavros/hook/ld_library_path_lib.ps1'
[16.105s] INFO:colcon.colcon_core.shell:Creating environment descriptor '/home/tardle/ntriptest/install/mavros/share/mavros/hook/ld_library_path_lib.dsv'
[16.105s] INFO:colcon.colcon_core.shell:Creating environment hook '/home/tardle/ntriptest/install/mavros/share/mavros/hook/ld_library_path_lib.sh'
[16.106s] Level 1:colcon.colcon_core.environment:checking '/home/tardle/ntriptest/install/mavros/bin'
[16.106s] Level 1:colcon.colcon_core.environment:checking '/home/tardle/ntriptest/install/mavros/lib/pkgconfig/mavros.pc'
[16.106s] Level 1:colcon.colcon_core.environment:checking '/home/tardle/ntriptest/install/mavros/lib/python3.10/site-packages'
[16.106s] Level 1:colcon.colcon_core.environment:checking '/home/tardle/ntriptest/install/mavros/bin'
[16.106s] INFO:colcon.colcon_core.shell:Creating package script '/home/tardle/ntriptest/install/mavros/share/mavros/package.ps1'
[16.106s] INFO:colcon.colcon_core.shell:Creating package descriptor '/home/tardle/ntriptest/install/mavros/share/mavros/package.dsv'
[16.106s] INFO:colcon.colcon_core.shell:Creating package script '/home/tardle/ntriptest/install/mavros/share/mavros/package.sh'
[16.107s] INFO:colcon.colcon_core.shell:Creating package script '/home/tardle/ntriptest/install/mavros/share/mavros/package.bash'
[16.107s] INFO:colcon.colcon_core.shell:Creating package script '/home/tardle/ntriptest/install/mavros/share/mavros/package.zsh'
[16.107s] Level 1:colcon.colcon_core.environment:create_file_with_runtime_dependencies(/home/tardle/ntriptest/install/mavros/share/colcon-core/packages/mavros)
[16.107s] INFO:colcon.colcon_ros.task.ament_cmake.build:Building ROS package in '/home/tardle/ntriptest/src/mavros/mavros_extras' with build type 'ament_cmake'
[16.107s] INFO:colcon.colcon_cmake.task.cmake.build:Building CMake package in '/home/tardle/ntriptest/src/mavros/mavros_extras'
[16.108s] INFO:colcon.colcon_core.shell:Skip shell extension 'powershell' for command environment: Not usable outside of PowerShell
[16.108s] DEBUG:colcon.colcon_core.shell:Skip shell extension 'dsv' for command environment
[16.394s] DEBUG:colcon.colcon_core.event_handler.log_command:Invoking command in '/home/tardle/ntriptest/build/mavros_extras': CMAKE_PREFIX_PATH=/home/tardle/ntriptest/install/mavros:/home/tardle/ntriptest/install/libmavconn:/home/tardle/ntriptest/install/mavros_msgs:/home/tardle/ntriptest/install/mavlink:/home/tardle/ntriptest/install/mavros_extras:/home/tardle/ntriptest/install/ntrip_utils:/home/tardle/ntriptest/install/ntrip_client:/opt/ros/humble LD_LIBRARY_PATH=/home/tardle/ntriptest/install/mavros/lib:/home/tardle/ntriptest/install/libmavconn/lib:/home/tardle/ntriptest/install/mavros_msgs/lib:/home/tardle/ntriptest/install/mavros_extras/lib:/opt/ros/humble/opt/rviz_ogre_vendor/lib:/opt/ros/humble/lib/x86_64-linux-gnu:/opt/ros/humble/lib PKG_CONFIG_PATH=/home/tardle/ntriptest/install/mavlink/lib/x86_64-linux-gnu/pkgconfig:/home/tardle/ntriptest/install/mavlink/lib/pkgconfig /usr/bin/cmake --build /home/tardle/ntriptest/build/mavros_extras -- -j32 -l32
[27.037s] DEBUG:colcon.colcon_core.event_handler.log_command:Invoked command in '/home/tardle/ntriptest/build/mavros_extras' returned '0': CMAKE_PREFIX_PATH=/home/tardle/ntriptest/install/mavros:/home/tardle/ntriptest/install/libmavconn:/home/tardle/ntriptest/install/mavros_msgs:/home/tardle/ntriptest/install/mavlink:/home/tardle/ntriptest/install/mavros_extras:/home/tardle/ntriptest/install/ntrip_utils:/home/tardle/ntriptest/install/ntrip_client:/opt/ros/humble LD_LIBRARY_PATH=/home/tardle/ntriptest/install/mavros/lib:/home/tardle/ntriptest/install/libmavconn/lib:/home/tardle/ntriptest/install/mavros_msgs/lib:/home/tardle/ntriptest/install/mavros_extras/lib:/opt/ros/humble/opt/rviz_ogre_vendor/lib:/opt/ros/humble/lib/x86_64-linux-gnu:/opt/ros/humble/lib PKG_CONFIG_PATH=/home/tardle/ntriptest/install/mavlink/lib/x86_64-linux-gnu/pkgconfig:/home/tardle/ntriptest/install/mavlink/lib/pkgconfig /usr/bin/cmake --build /home/tardle/ntriptest/build/mavros_extras -- -j32 -l32
[27.038s] DEBUG:colcon.colcon_core.event_handler.log_command:Invoking command in '/home/tardle/ntriptest/build/mavros_extras': CMAKE_PREFIX_PATH=/home/tardle/ntriptest/install/mavros:/home/tardle/ntriptest/install/libmavconn:/home/tardle/ntriptest/install/mavros_msgs:/home/tardle/ntriptest/install/mavlink:/home/tardle/ntriptest/install/mavros_extras:/home/tardle/ntriptest/install/ntrip_utils:/home/tardle/ntriptest/install/ntrip_client:/opt/ros/humble LD_LIBRARY_PATH=/home/tardle/ntriptest/install/mavros/lib:/home/tardle/ntriptest/install/libmavconn/lib:/home/tardle/ntriptest/install/mavros_msgs/lib:/home/tardle/ntriptest/install/mavros_extras/lib:/opt/ros/humble/opt/rviz_ogre_vendor/lib:/opt/ros/humble/lib/x86_64-linux-gnu:/opt/ros/humble/lib PKG_CONFIG_PATH=/home/tardle/ntriptest/install/mavlink/lib/x86_64-linux-gnu/pkgconfig:/home/tardle/ntriptest/install/mavlink/lib/pkgconfig /usr/bin/cmake --install /home/tardle/ntriptest/build/mavros_extras
[27.105s] Level 1:colcon.colcon_core.environment:create_environment_scripts_only(mavros_extras)
[27.106s] Level 1:colcon.colcon_core.environment:checking '/home/tardle/ntriptest/install/mavros_extras' for CMake module files
[27.106s] DEBUG:colcon.colcon_core.event_handler.log_command:Invoked command in '/home/tardle/ntriptest/build/mavros_extras' returned '0': CMAKE_PREFIX_PATH=/home/tardle/ntriptest/install/mavros:/home/tardle/ntriptest/install/libmavconn:/home/tardle/ntriptest/install/mavros_msgs:/home/tardle/ntriptest/install/mavlink:/home/tardle/ntriptest/install/mavros_extras:/home/tardle/ntriptest/install/ntrip_utils:/home/tardle/ntriptest/install/ntrip_client:/opt/ros/humble LD_LIBRARY_PATH=/home/tardle/ntriptest/install/mavros/lib:/home/tardle/ntriptest/install/libmavconn/lib:/home/tardle/ntriptest/install/mavros_msgs/lib:/home/tardle/ntriptest/install/mavros_extras/lib:/opt/ros/humble/opt/rviz_ogre_vendor/lib:/opt/ros/humble/lib/x86_64-linux-gnu:/opt/ros/humble/lib PKG_CONFIG_PATH=/home/tardle/ntriptest/install/mavlink/lib/x86_64-linux-gnu/pkgconfig:/home/tardle/ntriptest/install/mavlink/lib/pkgconfig /usr/bin/cmake --install /home/tardle/ntriptest/build/mavros_extras
[27.106s] Level 1:colcon.colcon_core.environment:checking '/home/tardle/ntriptest/install/mavros_extras' for CMake config files
[27.106s] Level 1:colcon.colcon_core.shell:create_environment_hook('mavros_extras', 'cmake_prefix_path')
[27.106s] INFO:colcon.colcon_core.shell:Creating environment hook '/home/tardle/ntriptest/install/mavros_extras/share/mavros_extras/hook/cmake_prefix_path.ps1'
[27.106s] INFO:colcon.colcon_core.shell:Creating environment descriptor '/home/tardle/ntriptest/install/mavros_extras/share/mavros_extras/hook/cmake_prefix_path.dsv'
[27.107s] INFO:colcon.colcon_core.shell:Creating environment hook '/home/tardle/ntriptest/install/mavros_extras/share/mavros_extras/hook/cmake_prefix_path.sh'
[27.107s] Level 1:colcon.colcon_core.environment:checking '/home/tardle/ntriptest/install/mavros_extras/lib'
[27.107s] Level 1:colcon.colcon_core.shell:create_environment_hook('mavros_extras', 'ld_library_path_lib')
[27.107s] INFO:colcon.colcon_core.shell:Creating environment hook '/home/tardle/ntriptest/install/mavros_extras/share/mavros_extras/hook/ld_library_path_lib.ps1'
[27.107s] INFO:colcon.colcon_core.shell:Creating environment descriptor '/home/tardle/ntriptest/install/mavros_extras/share/mavros_extras/hook/ld_library_path_lib.dsv'
[27.107s] INFO:colcon.colcon_core.shell:Creating environment hook '/home/tardle/ntriptest/install/mavros_extras/share/mavros_extras/hook/ld_library_path_lib.sh'
[27.107s] Level 1:colcon.colcon_core.environment:checking '/home/tardle/ntriptest/install/mavros_extras/bin'
[27.107s] Level 1:colcon.colcon_core.environment:checking '/home/tardle/ntriptest/install/mavros_extras/lib/pkgconfig/mavros_extras.pc'
[27.108s] Level 1:colcon.colcon_core.environment:checking '/home/tardle/ntriptest/install/mavros_extras/lib/python3.10/site-packages'
[27.108s] Level 1:colcon.colcon_core.environment:checking '/home/tardle/ntriptest/install/mavros_extras/bin'
[27.108s] INFO:colcon.colcon_core.shell:Creating package script '/home/tardle/ntriptest/install/mavros_extras/share/mavros_extras/package.ps1'
[27.108s] INFO:colcon.colcon_core.shell:Creating package descriptor '/home/tardle/ntriptest/install/mavros_extras/share/mavros_extras/package.dsv'
[27.108s] INFO:colcon.colcon_core.shell:Creating package script '/home/tardle/ntriptest/install/mavros_extras/share/mavros_extras/package.sh'
[27.108s] INFO:colcon.colcon_core.shell:Creating package script '/home/tardle/ntriptest/install/mavros_extras/share/mavros_extras/package.bash'
[27.109s] INFO:colcon.colcon_core.shell:Creating package script '/home/tardle/ntriptest/install/mavros_extras/share/mavros_extras/package.zsh'
[27.109s] Level 1:colcon.colcon_core.environment:create_file_with_runtime_dependencies(/home/tardle/ntriptest/install/mavros_extras/share/colcon-core/packages/mavros_extras)
[27.109s] Level 1:colcon.colcon_core.environment:create_environment_scripts_only(mavros_extras)
[27.109s] Level 1:colcon.colcon_core.environment:checking '/home/tardle/ntriptest/install/mavros_extras' for CMake module files
[27.109s] Level 1:colcon.colcon_core.environment:checking '/home/tardle/ntriptest/install/mavros_extras' for CMake config files
[27.109s] Level 1:colcon.colcon_core.shell:create_environment_hook('mavros_extras', 'cmake_prefix_path')
[27.109s] INFO:colcon.colcon_core.shell:Creating environment hook '/home/tardle/ntriptest/install/mavros_extras/share/mavros_extras/hook/cmake_prefix_path.ps1'
[27.110s] INFO:colcon.colcon_core.shell:Creating environment descriptor '/home/tardle/ntriptest/install/mavros_extras/share/mavros_extras/hook/cmake_prefix_path.dsv'
[27.110s] INFO:colcon.colcon_core.shell:Creating environment hook '/home/tardle/ntriptest/install/mavros_extras/share/mavros_extras/hook/cmake_prefix_path.sh'
[27.110s] Level 1:colcon.colcon_core.environment:checking '/home/tardle/ntriptest/install/mavros_extras/lib'
[27.110s] Level 1:colcon.colcon_core.shell:create_environment_hook('mavros_extras', 'ld_library_path_lib')
[27.110s] INFO:colcon.colcon_core.shell:Creating environment hook '/home/tardle/ntriptest/install/mavros_extras/share/mavros_extras/hook/ld_library_path_lib.ps1'
[27.110s] INFO:colcon.colcon_core.shell:Creating environment descriptor '/home/tardle/ntriptest/install/mavros_extras/share/mavros_extras/hook/ld_library_path_lib.dsv'
[27.110s] INFO:colcon.colcon_core.shell:Creating environment hook '/home/tardle/ntriptest/install/mavros_extras/share/mavros_extras/hook/ld_library_path_lib.sh'
[27.111s] Level 1:colcon.colcon_core.environment:checking '/home/tardle/ntriptest/install/mavros_extras/bin'
[27.111s] Level 1:colcon.colcon_core.environment:checking '/home/tardle/ntriptest/install/mavros_extras/lib/pkgconfig/mavros_extras.pc'
[27.111s] Level 1:colcon.colcon_core.environment:checking '/home/tardle/ntriptest/install/mavros_extras/lib/python3.10/site-packages'
[27.111s] Level 1:colcon.colcon_core.environment:checking '/home/tardle/ntriptest/install/mavros_extras/bin'
[27.111s] INFO:colcon.colcon_core.shell:Creating package script '/home/tardle/ntriptest/install/mavros_extras/share/mavros_extras/package.ps1'
[27.111s] INFO:colcon.colcon_core.shell:Creating package descriptor '/home/tardle/ntriptest/install/mavros_extras/share/mavros_extras/package.dsv'
[27.111s] INFO:colcon.colcon_core.shell:Creating package script '/home/tardle/ntriptest/install/mavros_extras/share/mavros_extras/package.sh'
[27.112s] INFO:colcon.colcon_core.shell:Creating package script '/home/tardle/ntriptest/install/mavros_extras/share/mavros_extras/package.bash'
[27.112s] INFO:colcon.colcon_core.shell:Creating package script '/home/tardle/ntriptest/install/mavros_extras/share/mavros_extras/package.zsh'
[27.112s] Level 1:colcon.colcon_core.environment:create_file_with_runtime_dependencies(/home/tardle/ntriptest/install/mavros_extras/share/colcon-core/packages/mavros_extras)
[27.112s] DEBUG:colcon.colcon_parallel_executor.executor.parallel:closing loop
[27.112s] DEBUG:colcon.colcon_parallel_executor.executor.parallel:loop closed
[27.113s] DEBUG:colcon.colcon_parallel_executor.executor.parallel:run_until_complete finished with '0'
[27.113s] DEBUG:colcon.colcon_core.event_reactor:joining thread
[27.143s] INFO:colcon.colcon_core.plugin_system:Skipping extension 'colcon_notification.desktop_notification.notify_send': Could not find 'notify-send'
[27.143s] INFO:colcon.colcon_core.plugin_system:Skipping extension 'colcon_notification.desktop_notification.terminal_notifier': Not used on non-Darwin systems
[27.143s] INFO:colcon.colcon_core.plugin_system:Skipping extension 'colcon_notification.desktop_notification.win32': Not used on non-Windows systems
[27.143s] INFO:colcon.colcon_notification.desktop_notification:Sending desktop notification using 'notify2'
[27.144s] DEBUG:colcon.colcon_notification.desktop_notification.notify2:Failed to initialize notify2: org.freedesktop.DBus.Error.FileNotFound: Failed to connect to socket /run/user/1000/bus: No such file or directory
[27.144s] DEBUG:colcon.colcon_core.event_reactor:joined thread
[27.144s] INFO:colcon.colcon_core.shell:Creating prefix script '/home/tardle/ntriptest/install/local_setup.ps1'
[27.145s] INFO:colcon.colcon_core.shell:Creating prefix util module '/home/tardle/ntriptest/install/_local_setup_util_ps1.py'
[27.146s] INFO:colcon.colcon_core.shell:Creating prefix chain script '/home/tardle/ntriptest/install/setup.ps1'
[27.146s] INFO:colcon.colcon_core.shell:Creating prefix script '/home/tardle/ntriptest/install/local_setup.sh'
[27.147s] INFO:colcon.colcon_core.shell:Creating prefix util module '/home/tardle/ntriptest/install/_local_setup_util_sh.py'
[27.147s] INFO:colcon.colcon_core.shell:Creating prefix chain script '/home/tardle/ntriptest/install/setup.sh'
[27.148s] INFO:colcon.colcon_core.shell:Creating prefix script '/home/tardle/ntriptest/install/local_setup.bash'
[27.148s] INFO:colcon.colcon_core.shell:Creating prefix chain script '/home/tardle/ntriptest/install/setup.bash'
[27.149s] INFO:colcon.colcon_core.shell:Creating prefix script '/home/tardle/ntriptest/install/local_setup.zsh'
[27.149s] INFO:colcon.colcon_core.shell:Creating prefix chain script '/home/tardle/ntriptest/install/setup.zsh'
