[0.161s] Invoking command in '/home/tardle/ntriptest/build/mavros_extras': AMENT_PREFIX_PATH=/home/tardle/ntriptest/install/mavros:/home/tardle/ntriptest/install/mavros_msgs:/home/tardle/ntriptest/install/libmavconn:${AMENT_PREFIX_PATH} CMAKE_PREFIX_PATH=/home/tardle/ntriptest/install/mavros:/home/tardle/ntriptest/install/mavros_msgs:/home/tardle/ntriptest/install/libmavconn:/home/tardle/ntriptest/install/ntrip_utils:/home/tardle/ntriptest/install/ntrip_client:/opt/ros/humble LD_LIBRARY_PATH=/home/tardle/ntriptest/install/mavros/lib:/home/tardle/ntriptest/install/mavros_msgs/lib:/home/tardle/ntriptest/install/libmavconn/lib:${LD_LIBRARY_PATH} PYTHONPATH=/home/tardle/ntriptest/install/mavros/local/lib/python3.10/dist-packages:/home/tardle/ntriptest/install/mavros_msgs/local/lib/python3.10/dist-packages:${PYTHONPATH} /usr/bin/cmake /home/tardle/ntriptest/src/mavros/mavros_extras -DCMAKE_INSTALL_PREFIX=/home/tardle/ntriptest/install/mavros_extras
[0.236s] -- The C compiler identification is GNU 11.4.0
[0.526s] -- The CXX compiler identification is GNU 11.4.0
[0.750s] -- Detecting C compiler ABI info
[0.836s] -- Detecting C compiler ABI info - done
[0.839s] -- Check for working C compiler: /usr/bin/cc - skipped
[0.839s] -- Detecting C compile features
[0.839s] -- Detecting C compile features - done
[0.841s] -- Detecting CXX compiler ABI info
[0.935s] -- Detecting CXX compiler ABI info - done
[0.938s] -- Check for working CXX compiler: /usr/bin/c++ - skipped
[0.938s] -- Detecting CXX compile features
[0.939s] -- Detecting CXX compile features - done
[0.940s] -- Found ament_cmake: 1.3.11 (/opt/ros/humble/share/ament_cmake/cmake)
[1.120s] -- Found Python3: /usr/bin/python3 (found version "3.10.12") found components: Interpreter 
[1.167s] -- Found rclcpp: 16.0.12 (/opt/ros/humble/share/rclcpp/cmake)
[1.268s] -- Found rosidl_generator_c: 3.1.6 (/opt/ros/humble/share/rosidl_generator_c/cmake)
[1.271s] -- Found rosidl_adapter: 3.1.6 (/opt/ros/humble/share/rosidl_adapter/cmake)
[1.275s] -- Found rosidl_generator_cpp: 3.1.6 (/opt/ros/humble/share/rosidl_generator_cpp/cmake)
[1.281s] -- Using all available rosidl_typesupport_c: rosidl_typesupport_fastrtps_c;rosidl_typesupport_introspection_c
[1.289s] -- Using all available rosidl_typesupport_cpp: rosidl_typesupport_fastrtps_cpp;rosidl_typesupport_introspection_cpp
[1.311s] -- Found rmw_implementation_cmake: 6.1.2 (/opt/ros/humble/share/rmw_implementation_cmake/cmake)
[1.312s] -- Found rmw_fastrtps_cpp: 6.2.7 (/opt/ros/humble/share/rmw_fastrtps_cpp/cmake)
[2.069s] -- Found OpenSSL: /usr/lib/x86_64-linux-gnu/libcrypto.so (found version "3.0.2")  
[2.872s] -- Found FastRTPS: /opt/ros/humble/include  
[4.338s] -- Using RMW implementation 'rmw_fastrtps_cpp' as default
[4.343s] -- Looking for pthread.h
[4.435s] -- Looking for pthread.h - found
[4.435s] -- Performing Test CMAKE_HAVE_LIBC_PTHREAD
[4.526s] -- Performing Test CMAKE_HAVE_LIBC_PTHREAD - Success
[4.527s] -- Found Threads: TRUE  
[4.552s] -- Found rclcpp_components: 16.0.12 (/opt/ros/humble/share/rclcpp_components/cmake)
[4.567s] -- Found pluginlib: 5.1.0 (/opt/ros/humble/share/pluginlib/cmake)
[5.335s] -- Found message_filters: 4.3.7 (/opt/ros/humble/share/message_filters/cmake)
[5.337s] -- Found mavros: 2.10.1 (/home/tardle/ntriptest/install/mavros/share/mavros/cmake)
[5.343s] -- Found libmavconn: 2.10.1 (/home/tardle/ntriptest/install/libmavconn/share/libmavconn/cmake)
[5.344s] -- Found Eigen3: TRUE (found version "3.4.0") 
[5.346s] -- Found yaml_cpp_vendor: 8.0.2 (/opt/ros/humble/share/yaml_cpp_vendor/cmake)
[5.375s] -- Found GeographicLib: /usr/lib/x86_64-linux-gnu  
[5.376s] -- Found angles: 1.15.0 (/opt/ros/humble/share/angles/cmake)
[5.378s] -- Found eigen_stl_containers: 1.1.0 (/opt/ros/humble/share/eigen_stl_containers/cmake)
[5.379s] -- Found tf2_eigen: 0.25.13 (/opt/ros/humble/share/tf2_eigen/cmake)
[5.425s] -- Found urdf: 2.6.1 (/opt/ros/humble/share/urdf/cmake)
[5.435s] -- Found diagnostic_msgs: 4.9.0 (/opt/ros/humble/share/diagnostic_msgs/cmake)
[5.441s] -- Found diagnostic_updater: 4.0.6 (/opt/ros/humble/share/diagnostic_updater/cmake)
[5.445s] -- Found geographic_msgs: 1.0.6 (/opt/ros/humble/share/geographic_msgs/cmake)
[5.454s] -- Found mavros_msgs: 2.10.1 (/home/tardle/ntriptest/install/mavros_msgs/share/mavros_msgs/cmake)
[5.473s] -- Found nav_msgs: 4.9.0 (/opt/ros/humble/share/nav_msgs/cmake)
[5.482s] -- Found std_srvs: 4.9.0 (/opt/ros/humble/share/std_srvs/cmake)
[5.486s] -- Found trajectory_msgs: 4.9.0 (/opt/ros/humble/share/trajectory_msgs/cmake)
[5.496s] -- Found visualization_msgs: 4.9.0 (/opt/ros/humble/share/visualization_msgs/cmake)
[5.522s] -- Found ament_cmake_gtest: 1.3.11 (/opt/ros/humble/share/ament_cmake_gtest/cmake)
[5.523s] -- Found ament_cmake_gmock: 1.3.11 (/opt/ros/humble/share/ament_cmake_gmock/cmake)
[5.524s] -- Found ament_lint_auto: 0.12.12 (/opt/ros/humble/share/ament_lint_auto/cmake)
[6.932s] -- Added test 'cppcheck' to perform static code analysis on C / C++ code
[6.932s] -- Configured cppcheck include dirs: $<BUILD_INTERFACE:/home/tardle/ntriptest/src/mavros/mavros_extras/include>
[6.933s] -- Configured cppcheck exclude dirs and/or files: 
[6.933s] -- Added test 'cpplint' to check C / C++ code against the Google style
[6.933s] -- Configured cpplint exclude dirs and/or files: 
[6.934s] -- Added test 'lint_cmake' to check CMake code style
[6.935s] -- Added test 'uncrustify' to check C / C++ code style
[6.935s] -- Configured uncrustify additional arguments: 
[6.935s] -- Added test 'xmllint' to check XML markup files
[6.937s] -- Configuring done
[6.954s] -- Generating done
[6.958s] -- Build files have been written to: /home/tardle/ntriptest/build/mavros_extras
[6.966s] Invoked command in '/home/tardle/ntriptest/build/mavros_extras' returned '0': AMENT_PREFIX_PATH=/home/tardle/ntriptest/install/mavros:/home/tardle/ntriptest/install/mavros_msgs:/home/tardle/ntriptest/install/libmavconn:${AMENT_PREFIX_PATH} CMAKE_PREFIX_PATH=/home/tardle/ntriptest/install/mavros:/home/tardle/ntriptest/install/mavros_msgs:/home/tardle/ntriptest/install/libmavconn:/home/tardle/ntriptest/install/ntrip_utils:/home/tardle/ntriptest/install/ntrip_client:/opt/ros/humble LD_LIBRARY_PATH=/home/tardle/ntriptest/install/mavros/lib:/home/tardle/ntriptest/install/mavros_msgs/lib:/home/tardle/ntriptest/install/libmavconn/lib:${LD_LIBRARY_PATH} PYTHONPATH=/home/tardle/ntriptest/install/mavros/local/lib/python3.10/dist-packages:/home/tardle/ntriptest/install/mavros_msgs/local/lib/python3.10/dist-packages:${PYTHONPATH} /usr/bin/cmake /home/tardle/ntriptest/src/mavros/mavros_extras -DCMAKE_INSTALL_PREFIX=/home/tardle/ntriptest/install/mavros_extras
[6.966s] Invoking command in '/home/tardle/ntriptest/build/mavros_extras': AMENT_PREFIX_PATH=/home/tardle/ntriptest/install/mavros:/home/tardle/ntriptest/install/mavros_msgs:/home/tardle/ntriptest/install/libmavconn:${AMENT_PREFIX_PATH} CMAKE_PREFIX_PATH=/home/tardle/ntriptest/install/mavros:/home/tardle/ntriptest/install/mavros_msgs:/home/tardle/ntriptest/install/libmavconn:/home/tardle/ntriptest/install/ntrip_utils:/home/tardle/ntriptest/install/ntrip_client:/opt/ros/humble LD_LIBRARY_PATH=/home/tardle/ntriptest/install/mavros/lib:/home/tardle/ntriptest/install/mavros_msgs/lib:/home/tardle/ntriptest/install/libmavconn/lib:${LD_LIBRARY_PATH} PYTHONPATH=/home/tardle/ntriptest/install/mavros/local/lib/python3.10/dist-packages:/home/tardle/ntriptest/install/mavros_msgs/local/lib/python3.10/dist-packages:${PYTHONPATH} /usr/bin/cmake --build /home/tardle/ntriptest/build/mavros_extras -- -j32 -l32
[6.992s] [  2%] [32mBuilding CXX object CMakeFiles/mavros_extras.dir/src/lib/servo_state_publisher.cpp.o[0m
[6.993s] [  4%] [32mBuilding CXX object CMakeFiles/mavros_extras_plugins.dir/src/plugins/3dr_radio.cpp.o[0m
[6.993s] [  6%] [32mBuilding CXX object CMakeFiles/mavros_extras_plugins.dir/src/plugins/camera.cpp.o[0m
[6.996s] [  9%] [32mBuilding CXX object CMakeFiles/servo_state_publisher.dir/rclcpp_components/node_main_servo_state_publisher.cpp.o[0m
[6.996s] [ 11%] [32mBuilding CXX object CMakeFiles/mavros_extras_plugins.dir/src/plugins/adsb.cpp.o[0m
[6.996s] [ 13%] [32mBuilding CXX object CMakeFiles/mavros_extras_plugins.dir/src/plugins/cam_imu_sync.cpp.o[0m
[6.997s] [ 16%] [32mBuilding CXX object CMakeFiles/mavros_extras_plugins.dir/src/plugins/cellular_status.cpp.o[0m
[6.997s] [ 18%] [32mBuilding CXX object CMakeFiles/mavros_extras_plugins.dir/src/plugins/companion_process_status.cpp.o[0m
[7.000s] [ 23%] [32mBuilding CXX object CMakeFiles/mavros_extras_plugins.dir/src/plugins/esc_status.cpp.o[0m
[7.000s] [ 23%] [32mBuilding CXX object CMakeFiles/mavros_extras_plugins.dir/src/plugins/mount_control.cpp.o[0m
[7.000s] [ 25%] [32mBuilding CXX object CMakeFiles/mavros_extras_plugins.dir/src/plugins/gps_status.cpp.o[0m
[7.000s] [ 27%] [32mBuilding CXX object CMakeFiles/mavros_extras_plugins.dir/src/plugins/esc_telemetry.cpp.o[0m
[7.001s] [ 30%] [32mBuilding CXX object CMakeFiles/mavros_extras_plugins.dir/src/plugins/open_drone_id.cpp.o[0m
[7.001s] [ 32%] [32mBuilding CXX object CMakeFiles/mavros_extras_plugins.dir/src/plugins/log_transfer.cpp.o[0m
[7.001s] [ 34%] [32mBuilding CXX object CMakeFiles/mavros_extras_plugins.dir/src/plugins/gps_input.cpp.o[0m
[7.001s] [ 37%] [32mBuilding CXX object CMakeFiles/mavros_extras_plugins.dir/src/plugins/distance_sensor.cpp.o[0m
[7.002s] [ 41%] [32mBuilding CXX object CMakeFiles/mavros_extras_plugins.dir/src/plugins/mag_calibration_status.cpp.o[0m
[7.002s] [ 39%] [32mBuilding CXX object CMakeFiles/mavros_extras_plugins.dir/src/plugins/mocap_pose_estimate.cpp.o[0m
[7.002s] [ 46%] [32mBuilding CXX object CMakeFiles/mavros_extras_plugins.dir/src/plugins/play_tune.cpp.o[0m
[7.002s] [ 46%] [32mBuilding CXX object CMakeFiles/mavros_extras_plugins.dir/src/plugins/gimbal_control.cpp.o[0m
[7.002s] [ 48%] [32mBuilding CXX object CMakeFiles/mavros_extras_plugins.dir/src/plugins/onboard_computer_status.cpp.o[0m
[7.002s] [ 51%] [32mBuilding CXX object CMakeFiles/mavros_extras_plugins.dir/src/plugins/gps_rtk.cpp.o[0m
[7.002s] [ 53%] [32mBuilding CXX object CMakeFiles/mavros_extras_plugins.dir/src/plugins/fake_gps.cpp.o[0m
[7.003s] [ 55%] [32mBuilding CXX object CMakeFiles/mavros_extras_plugins.dir/src/plugins/landing_target.cpp.o[0m
[7.003s] [ 58%] [32mBuilding CXX object CMakeFiles/mavros_extras_plugins.dir/src/plugins/odom.cpp.o[0m
[7.003s] [ 60%] [32mBuilding CXX object CMakeFiles/mavros_extras_plugins.dir/src/plugins/optical_flow.cpp.o[0m
[7.003s] [ 62%] [32mBuilding CXX object CMakeFiles/mavros_extras_plugins.dir/src/plugins/debug_value.cpp.o[0m
[7.003s] [ 65%] [32mBuilding CXX object CMakeFiles/mavros_extras_plugins.dir/src/plugins/obstacle_distance.cpp.o[0m
[7.004s] [ 67%] [32mBuilding CXX object CMakeFiles/mavros_extras_plugins.dir/src/plugins/px4flow.cpp.o[0m
[7.004s] [ 69%] [32mBuilding CXX object CMakeFiles/mavros_extras_plugins.dir/src/plugins/guided_target.cpp.o[0m
[7.007s] [ 72%] [32mBuilding CXX object CMakeFiles/mavros_extras_plugins.dir/src/plugins/hil.cpp.o[0m
[7.022s] [ 74%] [32mBuilding CXX object CMakeFiles/mavros_extras_plugins.dir/src/plugins/rangefinder.cpp.o[0m
[10.357s] [ 76%] [32m[1mLinking CXX executable servo_state_publisher[0m
[10.583s] [ 76%] Built target servo_state_publisher
[10.591s] [ 79%] [32mBuilding CXX object CMakeFiles/mavros_extras_plugins.dir/src/plugins/terrain.cpp.o[0m
[16.429s] [ 81%] [32mBuilding CXX object CMakeFiles/mavros_extras_plugins.dir/src/plugins/trajectory.cpp.o[0m
[17.149s] [ 83%] [32mBuilding CXX object CMakeFiles/mavros_extras_plugins.dir/src/plugins/tunnel.cpp.o[0m
[17.456s] [ 86%] [32mBuilding CXX object CMakeFiles/mavros_extras_plugins.dir/src/plugins/vfr_hud.cpp.o[0m
[18.382s] [ 88%] [32mBuilding CXX object CMakeFiles/mavros_extras_plugins.dir/src/plugins/vibration.cpp.o[0m
[18.519s] [ 90%] [32mBuilding CXX object CMakeFiles/mavros_extras_plugins.dir/src/plugins/vision_pose_estimate.cpp.o[0m
[18.691s] [ 93%] [32mBuilding CXX object CMakeFiles/mavros_extras_plugins.dir/src/plugins/vision_speed_estimate.cpp.o[0m
[18.994s] [ 95%] [32mBuilding CXX object CMakeFiles/mavros_extras_plugins.dir/src/plugins/wheel_odometry.cpp.o[0m
[21.590s] [ 97%] [32m[1mLinking CXX shared library libmavros_extras.so[0m
[22.538s] [ 97%] Built target mavros_extras
[31.400s] [100%] [32m[1mLinking CXX shared library libmavros_extras_plugins.so[0m
[42.087s] [100%] Built target mavros_extras_plugins
[42.093s] Invoked command in '/home/tardle/ntriptest/build/mavros_extras' returned '0': AMENT_PREFIX_PATH=/home/tardle/ntriptest/install/mavros:/home/tardle/ntriptest/install/mavros_msgs:/home/tardle/ntriptest/install/libmavconn:${AMENT_PREFIX_PATH} CMAKE_PREFIX_PATH=/home/tardle/ntriptest/install/mavros:/home/tardle/ntriptest/install/mavros_msgs:/home/tardle/ntriptest/install/libmavconn:/home/tardle/ntriptest/install/ntrip_utils:/home/tardle/ntriptest/install/ntrip_client:/opt/ros/humble LD_LIBRARY_PATH=/home/tardle/ntriptest/install/mavros/lib:/home/tardle/ntriptest/install/mavros_msgs/lib:/home/tardle/ntriptest/install/libmavconn/lib:${LD_LIBRARY_PATH} PYTHONPATH=/home/tardle/ntriptest/install/mavros/local/lib/python3.10/dist-packages:/home/tardle/ntriptest/install/mavros_msgs/local/lib/python3.10/dist-packages:${PYTHONPATH} /usr/bin/cmake --build /home/tardle/ntriptest/build/mavros_extras -- -j32 -l32
[42.095s] Invoking command in '/home/tardle/ntriptest/build/mavros_extras': AMENT_PREFIX_PATH=/home/tardle/ntriptest/install/mavros:/home/tardle/ntriptest/install/mavros_msgs:/home/tardle/ntriptest/install/libmavconn:${AMENT_PREFIX_PATH} CMAKE_PREFIX_PATH=/home/tardle/ntriptest/install/mavros:/home/tardle/ntriptest/install/mavros_msgs:/home/tardle/ntriptest/install/libmavconn:/home/tardle/ntriptest/install/ntrip_utils:/home/tardle/ntriptest/install/ntrip_client:/opt/ros/humble LD_LIBRARY_PATH=/home/tardle/ntriptest/install/mavros/lib:/home/tardle/ntriptest/install/mavros_msgs/lib:/home/tardle/ntriptest/install/libmavconn/lib:${LD_LIBRARY_PATH} PYTHONPATH=/home/tardle/ntriptest/install/mavros/local/lib/python3.10/dist-packages:/home/tardle/ntriptest/install/mavros_msgs/local/lib/python3.10/dist-packages:${PYTHONPATH} /usr/bin/cmake --install /home/tardle/ntriptest/build/mavros_extras
[42.098s] -- Install configuration: ""
[42.099s] -- Installing: /home/tardle/ntriptest/install/mavros_extras/share/mavros_extras/mavros_plugins.xml
[42.099s] -- Installing: /home/tardle/ntriptest/install/mavros_extras/lib/mavros_extras/servo_state_publisher
[42.099s] -- Set runtime path of "/home/tardle/ntriptest/install/mavros_extras/lib/mavros_extras/servo_state_publisher" to ""
[42.099s] -- Installing: /home/tardle/ntriptest/install/mavros_extras/lib/libmavros_extras.so
[42.104s] -- Set runtime path of "/home/tardle/ntriptest/install/mavros_extras/lib/libmavros_extras.so" to ""
[42.104s] -- Installing: /home/tardle/ntriptest/install/mavros_extras/lib/libmavros_extras_plugins.so
[42.171s] -- Set runtime path of "/home/tardle/ntriptest/install/mavros_extras/lib/libmavros_extras_plugins.so" to ""
[42.171s] -- Installing: /home/tardle/ntriptest/install/mavros_extras/include
[42.172s] -- Installing: /home/tardle/ntriptest/install/mavros_extras/include/mavros_extras
[42.172s] -- Installing: /home/tardle/ntriptest/install/mavros_extras/include/mavros_extras/servo_state_publisher.hpp
[42.172s] -- Installing: /home/tardle/ntriptest/install/mavros_extras/share/mavros_extras/launch
[42.172s] -- Installing: /home/tardle/ntriptest/install/mavros_extras/share/mavros_extras/launch/px4flow_pluginlists.yaml
[42.172s] -- Installing: /home/tardle/ntriptest/install/mavros_extras/share/mavros_extras/launch/px4flow_config.yaml
[42.172s] -- Installing: /home/tardle/ntriptest/install/mavros_extras/share/mavros_extras/launch/servo_state_publisher.yaml
[42.172s] -- Installing: /home/tardle/ntriptest/install/mavros_extras/share/mavros_extras/launch/px4flow.launch
[42.172s] -- Installing: /home/tardle/ntriptest/install/mavros_extras/share/mavros_extras/environment/library_path.sh
[42.172s] -- Installing: /home/tardle/ntriptest/install/mavros_extras/share/mavros_extras/environment/library_path.dsv
[42.172s] -- Installing: /home/tardle/ntriptest/install/mavros_extras/share/ament_index/resource_index/package_run_dependencies/mavros_extras
[42.172s] -- Installing: /home/tardle/ntriptest/install/mavros_extras/share/ament_index/resource_index/parent_prefix_path/mavros_extras
[42.173s] -- Installing: /home/tardle/ntriptest/install/mavros_extras/share/mavros_extras/environment/ament_prefix_path.sh
[42.173s] -- Installing: /home/tardle/ntriptest/install/mavros_extras/share/mavros_extras/environment/ament_prefix_path.dsv
[42.173s] -- Installing: /home/tardle/ntriptest/install/mavros_extras/share/mavros_extras/environment/path.sh
[42.173s] -- Installing: /home/tardle/ntriptest/install/mavros_extras/share/mavros_extras/environment/path.dsv
[42.173s] -- Installing: /home/tardle/ntriptest/install/mavros_extras/share/mavros_extras/local_setup.bash
[42.173s] -- Installing: /home/tardle/ntriptest/install/mavros_extras/share/mavros_extras/local_setup.sh
[42.173s] -- Installing: /home/tardle/ntriptest/install/mavros_extras/share/mavros_extras/local_setup.zsh
[42.173s] -- Installing: /home/tardle/ntriptest/install/mavros_extras/share/mavros_extras/local_setup.dsv
[42.173s] -- Installing: /home/tardle/ntriptest/install/mavros_extras/share/mavros_extras/package.dsv
[42.173s] -- Installing: /home/tardle/ntriptest/install/mavros_extras/share/ament_index/resource_index/packages/mavros_extras
[42.173s] -- Installing: /home/tardle/ntriptest/install/mavros_extras/share/ament_index/resource_index/mavros__pluginlib__plugin/mavros_extras
[42.173s] -- Installing: /home/tardle/ntriptest/install/mavros_extras/share/ament_index/resource_index/rclcpp_components/mavros_extras
[42.173s] -- Installing: /home/tardle/ntriptest/install/mavros_extras/share/mavros_extras/cmake/ament_cmake_export_include_directories-extras.cmake
[42.173s] -- Installing: /home/tardle/ntriptest/install/mavros_extras/share/mavros_extras/cmake/ament_cmake_export_libraries-extras.cmake
[42.174s] -- Installing: /home/tardle/ntriptest/install/mavros_extras/share/mavros_extras/cmake/ament_cmake_export_dependencies-extras.cmake
[42.174s] -- Installing: /home/tardle/ntriptest/install/mavros_extras/share/mavros_extras/cmake/mavros_extrasConfig.cmake
[42.174s] -- Installing: /home/tardle/ntriptest/install/mavros_extras/share/mavros_extras/cmake/mavros_extrasConfig-version.cmake
[42.174s] -- Installing: /home/tardle/ntriptest/install/mavros_extras/share/mavros_extras/package.xml
[42.175s] Invoked command in '/home/tardle/ntriptest/build/mavros_extras' returned '0': AMENT_PREFIX_PATH=/home/tardle/ntriptest/install/mavros:/home/tardle/ntriptest/install/mavros_msgs:/home/tardle/ntriptest/install/libmavconn:${AMENT_PREFIX_PATH} CMAKE_PREFIX_PATH=/home/tardle/ntriptest/install/mavros:/home/tardle/ntriptest/install/mavros_msgs:/home/tardle/ntriptest/install/libmavconn:/home/tardle/ntriptest/install/ntrip_utils:/home/tardle/ntriptest/install/ntrip_client:/opt/ros/humble LD_LIBRARY_PATH=/home/tardle/ntriptest/install/mavros/lib:/home/tardle/ntriptest/install/mavros_msgs/lib:/home/tardle/ntriptest/install/libmavconn/lib:${LD_LIBRARY_PATH} PYTHONPATH=/home/tardle/ntriptest/install/mavros/local/lib/python3.10/dist-packages:/home/tardle/ntriptest/install/mavros_msgs/local/lib/python3.10/dist-packages:${PYTHONPATH} /usr/bin/cmake --install /home/tardle/ntriptest/build/mavros_extras
