[0.405s] Invoking command in '/home/tardle/ntriptest/src/ntrip_utils': PYTHONPATH=/home/tardle/ntriptest/build/ntrip_utils/prefix_override:/usr/lib/python3/dist-packages/colcon_core/task/python/colcon_distutils_commands:/home/tardle/ntriptest/install/ntrip_utils/lib/python3.10/site-packages:${PYTHONPATH} /usr/bin/python3 -W ignore:setup.py install is deprecated -W ignore:easy_install command is deprecated setup.py egg_info --egg-base ../../build/ntrip_utils build --build-base /home/tardle/ntriptest/build/ntrip_utils/build install --record /home/tardle/ntriptest/build/ntrip_utils/install.log --single-version-externally-managed install_data
[0.473s] /home/tardle/.local/lib/python3.10/site-packages/setuptools/_distutils/dist.py:289: UserWarning: Unknown distribution option: 'tests_require'
[0.473s]   warnings.warn(msg)
[0.510s] running egg_info
[0.516s] writing ../../build/ntrip_utils/ntrip_utils.egg-info/PKG-INFO
[0.516s] writing dependency_links to ../../build/ntrip_utils/ntrip_utils.egg-info/dependency_links.txt
[0.517s] writing entry points to ../../build/ntrip_utils/ntrip_utils.egg-info/entry_points.txt
[0.517s] writing requirements to ../../build/ntrip_utils/ntrip_utils.egg-info/requires.txt
[0.517s] writing top-level names to ../../build/ntrip_utils/ntrip_utils.egg-info/top_level.txt
[0.530s] reading manifest file '../../build/ntrip_utils/ntrip_utils.egg-info/SOURCES.txt'
[0.530s] writing manifest file '../../build/ntrip_utils/ntrip_utils.egg-info/SOURCES.txt'
[0.531s] running build
[0.531s] running build_py
[0.531s] copying ntrip_utils/RTCM_bridge.py -> /home/tardle/ntriptest/build/ntrip_utils/build/lib/ntrip_utils
[0.531s] copying ntrip_utils/gga_publisher.py -> /home/tardle/ntriptest/build/ntrip_utils/build/lib/ntrip_utils
[0.531s] copying ntrip_utils/__init__.py -> /home/tardle/ntriptest/build/ntrip_utils/build/lib/ntrip_utils
[0.531s] running install
[0.533s] running install_lib
[0.540s] copying /home/tardle/ntriptest/build/ntrip_utils/build/lib/ntrip_utils/RTCM_bridge.py -> /home/tardle/ntriptest/install/ntrip_utils/lib/python3.10/site-packages/ntrip_utils
[0.540s] byte-compiling /home/tardle/ntriptest/install/ntrip_utils/lib/python3.10/site-packages/ntrip_utils/RTCM_bridge.py to RTCM_bridge.cpython-310.pyc
[0.541s] running install_data
[0.541s] copying resource/ntrip_utils -> /home/tardle/ntriptest/install/ntrip_utils/share/ament_index/resource_index/packages
[0.541s] copying package.xml -> /home/tardle/ntriptest/install/ntrip_utils/share/ntrip_utils
[0.541s] running install_egg_info
[0.548s] removing '/home/tardle/ntriptest/install/ntrip_utils/lib/python3.10/site-packages/ntrip_utils-0.0.0-py3.10.egg-info' (and everything under it)
[0.548s] Copying ../../build/ntrip_utils/ntrip_utils.egg-info to /home/tardle/ntriptest/install/ntrip_utils/lib/python3.10/site-packages/ntrip_utils-0.0.0-py3.10.egg-info
[0.548s] running install_scripts
[0.561s] Installing gga_publisher script to /home/tardle/ntriptest/install/ntrip_utils/lib/ntrip_utils
[0.562s] writing list of installed files to '/home/tardle/ntriptest/build/ntrip_utils/install.log'
[0.583s] Invoked command in '/home/tardle/ntriptest/src/ntrip_utils' returned '0': PYTHONPATH=/home/tardle/ntriptest/build/ntrip_utils/prefix_override:/usr/lib/python3/dist-packages/colcon_core/task/python/colcon_distutils_commands:/home/tardle/ntriptest/install/ntrip_utils/lib/python3.10/site-packages:${PYTHONPATH} /usr/bin/python3 -W ignore:setup.py install is deprecated -W ignore:easy_install command is deprecated setup.py egg_info --egg-base ../../build/ntrip_utils build --build-base /home/tardle/ntriptest/build/ntrip_utils/build install --record /home/tardle/ntriptest/build/ntrip_utils/install.log --single-version-externally-managed install_data
