[0.347s] Invoking command in '/home/tardle/ntriptest/src/ntrip_utils': PYTHONPATH=/home/tardle/ntriptest/build/ntrip_utils/prefix_override:/usr/lib/python3/dist-packages/colcon_core/task/python/colcon_distutils_commands:/home/tardle/ntriptest/install/ntrip_utils/lib/python3.10/site-packages:${PYTHONPATH} /usr/bin/python3 -W ignore:setup.py install is deprecated -W ignore:easy_install command is deprecated setup.py egg_info --egg-base ../../build/ntrip_utils build --build-base /home/tardle/ntriptest/build/ntrip_utils/build install --record /home/tardle/ntriptest/build/ntrip_utils/install.log --single-version-externally-managed install_data
[0.412s] /home/tardle/.local/lib/python3.10/site-packages/setuptools/_distutils/dist.py:289: UserWarning: Unknown distribution option: 'tests_require'
[0.412s]   warnings.warn(msg)
[0.448s] running egg_info
[0.454s] writing ../../build/ntrip_utils/ntrip_utils.egg-info/PKG-INFO
[0.454s] writing dependency_links to ../../build/ntrip_utils/ntrip_utils.egg-info/dependency_links.txt
[0.454s] writing entry points to ../../build/ntrip_utils/ntrip_utils.egg-info/entry_points.txt
[0.455s] writing requirements to ../../build/ntrip_utils/ntrip_utils.egg-info/requires.txt
[0.455s] writing top-level names to ../../build/ntrip_utils/ntrip_utils.egg-info/top_level.txt
[0.468s] reading manifest file '../../build/ntrip_utils/ntrip_utils.egg-info/SOURCES.txt'
[0.468s] writing manifest file '../../build/ntrip_utils/ntrip_utils.egg-info/SOURCES.txt'
[0.468s] running build
[0.469s] running build_py
[0.469s] copying ntrip_utils/gga_publisher.py -> /home/tardle/ntriptest/build/ntrip_utils/build/lib/ntrip_utils
[0.469s] copying ntrip_utils/__init__.py -> /home/tardle/ntriptest/build/ntrip_utils/build/lib/ntrip_utils
[0.469s] running install
[0.471s] running install_lib
[0.477s] copying /home/tardle/ntriptest/build/ntrip_utils/build/lib/ntrip_utils/gga_publisher.py -> /home/tardle/ntriptest/install/ntrip_utils/lib/python3.10/site-packages/ntrip_utils
[0.477s] byte-compiling /home/tardle/ntriptest/install/ntrip_utils/lib/python3.10/site-packages/ntrip_utils/gga_publisher.py to gga_publisher.cpython-310.pyc
[0.477s] running install_data
[0.478s] copying resource/ntrip_utils -> /home/tardle/ntriptest/install/ntrip_utils/share/ament_index/resource_index/packages
[0.478s] copying package.xml -> /home/tardle/ntriptest/install/ntrip_utils/share/ntrip_utils
[0.478s] running install_egg_info
[0.484s] removing '/home/tardle/ntriptest/install/ntrip_utils/lib/python3.10/site-packages/ntrip_utils-0.0.0-py3.10.egg-info' (and everything under it)
[0.484s] Copying ../../build/ntrip_utils/ntrip_utils.egg-info to /home/tardle/ntriptest/install/ntrip_utils/lib/python3.10/site-packages/ntrip_utils-0.0.0-py3.10.egg-info
[0.485s] running install_scripts
[0.498s] Installing gga_publisher script to /home/tardle/ntriptest/install/ntrip_utils/lib/ntrip_utils
[0.498s] writing list of installed files to '/home/tardle/ntriptest/build/ntrip_utils/install.log'
[0.508s] Invoked command in '/home/tardle/ntriptest/src/ntrip_utils' returned '0': PYTHONPATH=/home/tardle/ntriptest/build/ntrip_utils/prefix_override:/usr/lib/python3/dist-packages/colcon_core/task/python/colcon_distutils_commands:/home/tardle/ntriptest/install/ntrip_utils/lib/python3.10/site-packages:${PYTHONPATH} /usr/bin/python3 -W ignore:setup.py install is deprecated -W ignore:easy_install command is deprecated setup.py egg_info --egg-base ../../build/ntrip_utils build --build-base /home/tardle/ntriptest/build/ntrip_utils/build install --record /home/tardle/ntriptest/build/ntrip_utils/install.log --single-version-externally-managed install_data
