/home/tardle/.local/lib/python3.10/site-packages/setuptools/_distutils/dist.py:289: UserWarning: Unknown distribution option: 'tests_require'
  warnings.warn(msg)
/home/tardle/.local/lib/python3.10/site-packages/setuptools/dist.py:759: SetuptoolsDeprecationWarning: License classifiers are deprecated.
!!

        ********************************************************************************
        Please consider removing the following classifiers in favor of a SPDX license expression:

        License :: OSI Approved :: MIT Software License

        See https://packaging.python.org/en/latest/guides/writing-pyproject-toml/#license for details.
        ********************************************************************************

!!
  self._finalize_license_expression()
running egg_info
writing ../../build/ntrip_client/ntrip_client.egg-info/PKG-INFO
writing dependency_links to ../../build/ntrip_client/ntrip_client.egg-info/dependency_links.txt
writing requirements to ../../build/ntrip_client/ntrip_client.egg-info/requires.txt
writing top-level names to ../../build/ntrip_client/ntrip_client.egg-info/top_level.txt
reading manifest file '../../build/ntrip_client/ntrip_client.egg-info/SOURCES.txt'
adding license file 'LICENSE'
writing manifest file '../../build/ntrip_client/ntrip_client.egg-info/SOURCES.txt'
running build
running build_py
copying src/ntrip_client/rtcm_parser.py -> /home/tardle/ntriptest/build/ntrip_client/build/lib/ntrip_client
copying src/ntrip_client/ntrip_base.py -> /home/tardle/ntriptest/build/ntrip_client/build/lib/ntrip_client
copying src/ntrip_client/ntrip_serial_device.py -> /home/tardle/ntriptest/build/ntrip_client/build/lib/ntrip_client
copying src/ntrip_client/nmea_parser.py -> /home/tardle/ntriptest/build/ntrip_client/build/lib/ntrip_client
copying src/ntrip_client/ntrip_client.py -> /home/tardle/ntriptest/build/ntrip_client/build/lib/ntrip_client
copying src/ntrip_client/__init__.py -> /home/tardle/ntriptest/build/ntrip_client/build/lib/ntrip_client
running build_scripts
running install
running install_lib
running install_data
copying resource/ntrip_client -> /home/tardle/ntriptest/install/ntrip_client/share/ament_index/resource_index/packages
copying package.xml -> /home/tardle/ntriptest/install/ntrip_client/share/ntrip_client
copying launch/ntrip_client_launch.py -> /home/tardle/ntriptest/install/ntrip_client/share/ntrip_client
copying launch/ntrip_serial_device_launch.py -> /home/tardle/ntriptest/install/ntrip_client/share/ntrip_client
running install_egg_info
removing '/home/tardle/ntriptest/install/ntrip_client/lib/python3.10/site-packages/ntrip_client-1.4.0-py3.10.egg-info' (and everything under it)
Copying ../../build/ntrip_client/ntrip_client.egg-info to /home/tardle/ntriptest/install/ntrip_client/lib/python3.10/site-packages/ntrip_client-1.4.0-py3.10.egg-info
running install_scripts
copying /home/tardle/ntriptest/build/ntrip_client/build/scripts-3.10/ntrip_ros.py -> /home/tardle/ntriptest/install/ntrip_client/lib/ntrip_client
copying /home/tardle/ntriptest/build/ntrip_client/build/scripts-3.10/ntrip_serial_device_ros.py -> /home/tardle/ntriptest/install/ntrip_client/lib/ntrip_client
copying /home/tardle/ntriptest/build/ntrip_client/build/scripts-3.10/ntrip_ros_base.py -> /home/tardle/ntriptest/install/ntrip_client/lib/ntrip_client
changing mode of /home/tardle/ntriptest/install/ntrip_client/lib/ntrip_client/ntrip_ros.py to 755
changing mode of /home/tardle/ntriptest/install/ntrip_client/lib/ntrip_client/ntrip_serial_device_ros.py to 755
changing mode of /home/tardle/ntriptest/install/ntrip_client/lib/ntrip_client/ntrip_ros_base.py to 755
writing list of installed files to '/home/tardle/ntriptest/build/ntrip_client/install.log'
