-- The C compiler identification is GNU 11.4.0
-- The CXX compiler identification is GNU 11.4.0
-- Detecting C compiler ABI info
-- Detecting C compiler ABI info - done
-- Check for working C compiler: /usr/bin/cc - skipped
-- Detecting C compile features
-- Detecting C compile features - done
-- Detecting CXX compiler ABI info
-- Detecting CXX compiler ABI info - done
-- Check for working CXX compiler: /usr/bin/c++ - skipped
-- Detecting CXX compile features
-- Detecting CXX compile features - done
-- Found ament_cmake: 1.3.11 (/opt/ros/humble/share/ament_cmake/cmake)
-- Found Python3: /usr/bin/python3 (found version "3.10.12") found components: Interpreter 
-- Found ASIO: /usr/include  
-- Copy mavlink_dialect.hpp to source tree
-- Found ament_cmake_gtest: 1.3.11 (/opt/ros/humble/share/ament_cmake_gtest/cmake)
-- Found ament_lint_auto: 0.12.12 (/opt/ros/humble/share/ament_lint_auto/cmake)
-- Found gtest sources under '/opt/ros/humble/src/gtest_vendor': C++ tests using 'Google Test' will be built
-- Looking for pthread.h
-- Looking for pthread.h - found
-- Performing Test CMAKE_HAVE_LIBC_PTHREAD
-- Performing Test CMAKE_HAVE_LIBC_PTHREAD - Success
-- Found Threads: TRUE  
-- Added test 'cppcheck' to perform static code analysis on C / C++ code
-- Configured cppcheck include dirs: /home/tardle/ntriptest/src/mavros/libmavconn/include
-- Configured cppcheck exclude dirs and/or files: 
-- Added test 'cpplint' to check C / C++ code against the Google style
-- Configured cpplint exclude dirs and/or files: 
-- Added test 'lint_cmake' to check CMake code style
-- Added test 'uncrustify' to check C / C++ code style
-- Configured uncrustify additional arguments: 
-- Added test 'xmllint' to check XML markup files
-- Configuring done
-- Generating done
-- Build files have been written to: /home/tardle/ntriptest/build/libmavconn
[  8%] [32mBuilding CXX object gtest/CMakeFiles/gtest.dir/src/gtest-all.cc.o[0m
[ 16%] [32mBuilding CXX object CMakeFiles/mavconn.dir/src/interface.cpp.o[0m
[ 25%] [32mBuilding CXX object CMakeFiles/mavconn.dir/src/udp.cpp.o[0m
[ 33%] [32mBuilding CXX object CMakeFiles/mavconn.dir/src/serial.cpp.o[0m
[ 41%] [32mBuilding CXX object CMakeFiles/mavconn.dir/generated/src/mavlink_helpers.cpp.o[0m
[ 50%] [32mBuilding CXX object gtest/CMakeFiles/gtest_main.dir/src/gtest_main.cc.o[0m
[ 58%] [32mBuilding CXX object CMakeFiles/mavconn.dir/src/tcp.cpp.o[0m
[ 66%] [32m[1mLinking CXX static library libgtest_main.a[0m
[ 66%] Built target gtest_main
[ 75%] [32m[1mLinking CXX static library libgtest.a[0m
[ 75%] Built target gtest
[ 83%] [32m[1mLinking CXX shared library libmavconn.so[0m
[ 83%] Built target mavconn
[ 91%] [32mBuilding CXX object CMakeFiles/test_mavconn.dir/test/test_mavconn.cpp.o[0m
[100%] [32m[1mLinking CXX executable test_mavconn[0m
[100%] Built target test_mavconn
-- Install configuration: ""
-- Installing: /home/tardle/ntriptest/install/libmavconn/lib/libmavconn.so
-- Installing: /home/tardle/ntriptest/install/libmavconn/include
-- Installing: /home/tardle/ntriptest/install/libmavconn/include/mavconn
-- Installing: /home/tardle/ntriptest/install/libmavconn/include/mavconn/mavlink_dialect.hpp
-- Installing: /home/tardle/ntriptest/install/libmavconn/include/mavconn/tcp.hpp
-- Installing: /home/tardle/ntriptest/install/libmavconn/include/mavconn/msgbuffer.hpp
-- Installing: /home/tardle/ntriptest/install/libmavconn/include/mavconn/thread_utils.hpp
-- Installing: /home/tardle/ntriptest/install/libmavconn/include/mavconn/udp.hpp
-- Installing: /home/tardle/ntriptest/install/libmavconn/include/mavconn/console_bridge_compat.hpp
-- Installing: /home/tardle/ntriptest/install/libmavconn/include/mavconn/mavlink_dialect.hpp.em
-- Installing: /home/tardle/ntriptest/install/libmavconn/include/mavconn/interface.hpp
-- Installing: /home/tardle/ntriptest/install/libmavconn/include/mavconn/serial.hpp
-- Up-to-date: /home/tardle/ntriptest/install/libmavconn/include/mavconn
-- Up-to-date: /home/tardle/ntriptest/install/libmavconn/include/mavconn/mavlink_dialect.hpp
-- Installing: /home/tardle/ntriptest/install/libmavconn/share/libmavconn/cmake
-- Installing: /home/tardle/ntriptest/install/libmavconn/share/libmavconn/cmake/Modules
-- Installing: /home/tardle/ntriptest/install/libmavconn/share/libmavconn/cmake/Modules/FindASIO.cmake
-- Installing: /home/tardle/ntriptest/install/libmavconn/share/libmavconn/cmake/Modules/em_expand.cmake
-- Installing: /home/tardle/ntriptest/install/libmavconn/share/libmavconn/cmake/Modules/CheckGeographicLibDatasets.cmake
-- Installing: /home/tardle/ntriptest/install/libmavconn/share/libmavconn/environment/library_path.sh
-- Installing: /home/tardle/ntriptest/install/libmavconn/share/libmavconn/environment/library_path.dsv
-- Installing: /home/tardle/ntriptest/install/libmavconn/share/ament_index/resource_index/package_run_dependencies/libmavconn
-- Installing: /home/tardle/ntriptest/install/libmavconn/share/ament_index/resource_index/parent_prefix_path/libmavconn
-- Installing: /home/tardle/ntriptest/install/libmavconn/share/libmavconn/environment/ament_prefix_path.sh
-- Installing: /home/tardle/ntriptest/install/libmavconn/share/libmavconn/environment/ament_prefix_path.dsv
-- Installing: /home/tardle/ntriptest/install/libmavconn/share/libmavconn/environment/path.sh
-- Installing: /home/tardle/ntriptest/install/libmavconn/share/libmavconn/environment/path.dsv
-- Installing: /home/tardle/ntriptest/install/libmavconn/share/libmavconn/local_setup.bash
-- Installing: /home/tardle/ntriptest/install/libmavconn/share/libmavconn/local_setup.sh
-- Installing: /home/tardle/ntriptest/install/libmavconn/share/libmavconn/local_setup.zsh
-- Installing: /home/tardle/ntriptest/install/libmavconn/share/libmavconn/local_setup.dsv
-- Installing: /home/tardle/ntriptest/install/libmavconn/share/libmavconn/package.dsv
-- Installing: /home/tardle/ntriptest/install/libmavconn/share/ament_index/resource_index/packages/libmavconn
-- Installing: /home/tardle/ntriptest/install/libmavconn/share/libmavconn/cmake/libmavconn-extras.cmake
-- Installing: /home/tardle/ntriptest/install/libmavconn/share/libmavconn/cmake/ament_cmake_export_dependencies-extras.cmake
-- Installing: /home/tardle/ntriptest/install/libmavconn/share/libmavconn/cmake/ament_cmake_export_include_directories-extras.cmake
-- Installing: /home/tardle/ntriptest/install/libmavconn/share/libmavconn/cmake/ament_cmake_export_libraries-extras.cmake
-- Installing: /home/tardle/ntriptest/install/libmavconn/share/libmavconn/cmake/libmavconnConfig.cmake
-- Installing: /home/tardle/ntriptest/install/libmavconn/share/libmavconn/cmake/libmavconnConfig-version.cmake
-- Installing: /home/tardle/ntriptest/install/libmavconn/share/libmavconn/package.xml
