[0.020s] Invoking command in '/home/tardle/ntriptest/build/libmavconn': CMAKE_PREFIX_PATH=/home/tardle/ntriptest/install/ntrip_utils:/home/tardle/ntriptest/install/ntrip_client:/opt/ros/humble /usr/bin/cmake /home/tardle/ntriptest/src/mavros/libmavconn -DCMAKE_INSTALL_PREFIX=/home/tardle/ntriptest/install/libmavconn
[0.277s] -- The C compiler identification is GNU 11.4.0
[0.704s] -- The CXX compiler identification is GNU 11.4.0
[0.977s] -- Detecting C compiler ABI info
[1.078s] -- Detecting C compiler ABI info - done
[1.081s] -- Check for working C compiler: /usr/bin/cc - skipped
[1.082s] -- Detecting C compile features
[1.082s] -- Detecting C compile features - done
[1.085s] -- Detecting CXX compiler ABI info
[1.201s] -- Detecting CXX compiler ABI info - done
[1.206s] -- Check for working CXX compiler: /usr/bin/c++ - skipped
[1.207s] -- Detecting CXX compile features
[1.207s] -- Detecting CXX compile features - done
[1.218s] -- Found ament_cmake: 1.3.11 (/opt/ros/humble/share/ament_cmake/cmake)
[1.402s] -- Found Python3: /usr/bin/python3 (found version "3.10.12") found components: Interpreter 
[1.522s] -- Found ASIO: /usr/include  
[1.584s] -- Copy mavlink_dialect.hpp to source tree
[1.586s] -- Found ament_cmake_gtest: 1.3.11 (/opt/ros/humble/share/ament_cmake_gtest/cmake)
[1.589s] -- Found ament_lint_auto: 0.12.12 (/opt/ros/humble/share/ament_lint_auto/cmake)
[1.643s] -- Found gtest sources under '/opt/ros/humble/src/gtest_vendor': C++ tests using 'Google Test' will be built
[1.647s] -- Looking for pthread.h
[1.745s] -- Looking for pthread.h - found
[1.745s] -- Performing Test CMAKE_HAVE_LIBC_PTHREAD
[1.834s] -- Performing Test CMAKE_HAVE_LIBC_PTHREAD - Success
[1.834s] -- Found Threads: TRUE  
[1.838s] -- Added test 'cppcheck' to perform static code analysis on C / C++ code
[1.838s] -- Configured cppcheck include dirs: /home/tardle/ntriptest/src/mavros/libmavconn/include
[1.838s] -- Configured cppcheck exclude dirs and/or files: 
[1.839s] -- Added test 'cpplint' to check C / C++ code against the Google style
[1.839s] -- Configured cpplint exclude dirs and/or files: 
[1.843s] -- Added test 'lint_cmake' to check CMake code style
[1.844s] -- Added test 'uncrustify' to check C / C++ code style
[1.844s] -- Configured uncrustify additional arguments: 
[1.844s] -- Added test 'xmllint' to check XML markup files
[1.848s] -- Configuring done
[1.853s] -- Generating done
[1.855s] -- Build files have been written to: /home/tardle/ntriptest/build/libmavconn
[1.857s] Invoked command in '/home/tardle/ntriptest/build/libmavconn' returned '0': CMAKE_PREFIX_PATH=/home/tardle/ntriptest/install/ntrip_utils:/home/tardle/ntriptest/install/ntrip_client:/opt/ros/humble /usr/bin/cmake /home/tardle/ntriptest/src/mavros/libmavconn -DCMAKE_INSTALL_PREFIX=/home/tardle/ntriptest/install/libmavconn
[1.858s] Invoking command in '/home/tardle/ntriptest/build/libmavconn': CMAKE_PREFIX_PATH=/home/tardle/ntriptest/install/ntrip_utils:/home/tardle/ntriptest/install/ntrip_client:/opt/ros/humble /usr/bin/cmake --build /home/tardle/ntriptest/build/libmavconn -- -j32 -l32
[1.883s] [  8%] [32mBuilding CXX object gtest/CMakeFiles/gtest.dir/src/gtest-all.cc.o[0m
[1.883s] [ 16%] [32mBuilding CXX object CMakeFiles/mavconn.dir/src/interface.cpp.o[0m
[1.883s] [ 25%] [32mBuilding CXX object CMakeFiles/mavconn.dir/src/udp.cpp.o[0m
[1.884s] [ 33%] [32mBuilding CXX object CMakeFiles/mavconn.dir/src/serial.cpp.o[0m
[1.884s] [ 41%] [32mBuilding CXX object CMakeFiles/mavconn.dir/generated/src/mavlink_helpers.cpp.o[0m
[1.884s] [ 50%] [32mBuilding CXX object gtest/CMakeFiles/gtest_main.dir/src/gtest_main.cc.o[0m
[1.884s] [ 58%] [32mBuilding CXX object CMakeFiles/mavconn.dir/src/tcp.cpp.o[0m
[2.558s] [ 66%] [32m[1mLinking CXX static library libgtest_main.a[0m
[2.578s] [ 66%] Built target gtest_main
[3.704s] [ 75%] [32m[1mLinking CXX static library libgtest.a[0m
[3.733s] [ 75%] Built target gtest
[4.305s] [ 83%] [32m[1mLinking CXX shared library libmavconn.so[0m
[4.454s] [ 83%] Built target mavconn
[4.463s] [ 91%] [32mBuilding CXX object CMakeFiles/test_mavconn.dir/test/test_mavconn.cpp.o[0m
[6.491s] [100%] [32m[1mLinking CXX executable test_mavconn[0m
[6.616s] [100%] Built target test_mavconn
[6.622s] Invoked command in '/home/tardle/ntriptest/build/libmavconn' returned '0': CMAKE_PREFIX_PATH=/home/tardle/ntriptest/install/ntrip_utils:/home/tardle/ntriptest/install/ntrip_client:/opt/ros/humble /usr/bin/cmake --build /home/tardle/ntriptest/build/libmavconn -- -j32 -l32
[6.623s] Invoking command in '/home/tardle/ntriptest/build/libmavconn': CMAKE_PREFIX_PATH=/home/tardle/ntriptest/install/ntrip_utils:/home/tardle/ntriptest/install/ntrip_client:/opt/ros/humble /usr/bin/cmake --install /home/tardle/ntriptest/build/libmavconn
[6.626s] -- Install configuration: ""
[6.626s] -- Installing: /home/tardle/ntriptest/install/libmavconn/lib/libmavconn.so
[6.627s] -- Installing: /home/tardle/ntriptest/install/libmavconn/include
[6.627s] -- Installing: /home/tardle/ntriptest/install/libmavconn/include/mavconn
[6.628s] -- Installing: /home/tardle/ntriptest/install/libmavconn/include/mavconn/mavlink_dialect.hpp
[6.628s] -- Installing: /home/tardle/ntriptest/install/libmavconn/include/mavconn/tcp.hpp
[6.628s] -- Installing: /home/tardle/ntriptest/install/libmavconn/include/mavconn/msgbuffer.hpp
[6.628s] -- Installing: /home/tardle/ntriptest/install/libmavconn/include/mavconn/thread_utils.hpp
[6.628s] -- Installing: /home/tardle/ntriptest/install/libmavconn/include/mavconn/udp.hpp
[6.628s] -- Installing: /home/tardle/ntriptest/install/libmavconn/include/mavconn/console_bridge_compat.hpp
[6.628s] -- Installing: /home/tardle/ntriptest/install/libmavconn/include/mavconn/mavlink_dialect.hpp.em
[6.628s] -- Installing: /home/tardle/ntriptest/install/libmavconn/include/mavconn/interface.hpp
[6.628s] -- Installing: /home/tardle/ntriptest/install/libmavconn/include/mavconn/serial.hpp
[6.628s] -- Up-to-date: /home/tardle/ntriptest/install/libmavconn/include/mavconn
[6.628s] -- Up-to-date: /home/tardle/ntriptest/install/libmavconn/include/mavconn/mavlink_dialect.hpp
[6.629s] -- Installing: /home/tardle/ntriptest/install/libmavconn/share/libmavconn/cmake
[6.629s] -- Installing: /home/tardle/ntriptest/install/libmavconn/share/libmavconn/cmake/Modules
[6.629s] -- Installing: /home/tardle/ntriptest/install/libmavconn/share/libmavconn/cmake/Modules/FindASIO.cmake
[6.629s] -- Installing: /home/tardle/ntriptest/install/libmavconn/share/libmavconn/cmake/Modules/em_expand.cmake
[6.629s] -- Installing: /home/tardle/ntriptest/install/libmavconn/share/libmavconn/cmake/Modules/CheckGeographicLibDatasets.cmake
[6.629s] -- Installing: /home/tardle/ntriptest/install/libmavconn/share/libmavconn/environment/library_path.sh
[6.629s] -- Installing: /home/tardle/ntriptest/install/libmavconn/share/libmavconn/environment/library_path.dsv
[6.629s] -- Installing: /home/tardle/ntriptest/install/libmavconn/share/ament_index/resource_index/package_run_dependencies/libmavconn
[6.629s] -- Installing: /home/tardle/ntriptest/install/libmavconn/share/ament_index/resource_index/parent_prefix_path/libmavconn
[6.629s] -- Installing: /home/tardle/ntriptest/install/libmavconn/share/libmavconn/environment/ament_prefix_path.sh
[6.629s] -- Installing: /home/tardle/ntriptest/install/libmavconn/share/libmavconn/environment/ament_prefix_path.dsv
[6.629s] -- Installing: /home/tardle/ntriptest/install/libmavconn/share/libmavconn/environment/path.sh
[6.629s] -- Installing: /home/tardle/ntriptest/install/libmavconn/share/libmavconn/environment/path.dsv
[6.629s] -- Installing: /home/tardle/ntriptest/install/libmavconn/share/libmavconn/local_setup.bash
[6.629s] -- Installing: /home/tardle/ntriptest/install/libmavconn/share/libmavconn/local_setup.sh
[6.629s] -- Installing: /home/tardle/ntriptest/install/libmavconn/share/libmavconn/local_setup.zsh
[6.629s] -- Installing: /home/tardle/ntriptest/install/libmavconn/share/libmavconn/local_setup.dsv
[6.629s] -- Installing: /home/tardle/ntriptest/install/libmavconn/share/libmavconn/package.dsv
[6.630s] -- Installing: /home/tardle/ntriptest/install/libmavconn/share/ament_index/resource_index/packages/libmavconn
[6.630s] -- Installing: /home/tardle/ntriptest/install/libmavconn/share/libmavconn/cmake/libmavconn-extras.cmake
[6.630s] -- Installing: /home/tardle/ntriptest/install/libmavconn/share/libmavconn/cmake/ament_cmake_export_dependencies-extras.cmake
[6.630s] -- Installing: /home/tardle/ntriptest/install/libmavconn/share/libmavconn/cmake/ament_cmake_export_include_directories-extras.cmake
[6.630s] -- Installing: /home/tardle/ntriptest/install/libmavconn/share/libmavconn/cmake/ament_cmake_export_libraries-extras.cmake
[6.630s] -- Installing: /home/tardle/ntriptest/install/libmavconn/share/libmavconn/cmake/libmavconnConfig.cmake
[6.630s] -- Installing: /home/tardle/ntriptest/install/libmavconn/share/libmavconn/cmake/libmavconnConfig-version.cmake
[6.630s] -- Installing: /home/tardle/ntriptest/install/libmavconn/share/libmavconn/package.xml
[6.631s] Invoked command in '/home/tardle/ntriptest/build/libmavconn' returned '0': CMAKE_PREFIX_PATH=/home/tardle/ntriptest/install/ntrip_utils:/home/tardle/ntriptest/install/ntrip_client:/opt/ros/humble /usr/bin/cmake --install /home/tardle/ntriptest/build/libmavconn
