[0.019s] Invoking command in '/home/tardle/ntriptest/build/libmavconn': CMAKE_PREFIX_PATH=${CMAKE_PREFIX_PATH}:/home/tardle/ntriptest/install/ntrip_utils:/home/tardle/ntriptest/install/ntrip_client:/opt/ros/humble /usr/bin/cmake --build /home/tardle/ntriptest/build/libmavconn -- -j32 -l32
[0.124s] [ 16%] Built target gtest_main
[0.124s] [ 33%] Built target gtest
[0.124s] [ 83%] Built target mavconn
[0.130s] [100%] Built target test_mavconn
[0.233s] Invoked command in '/home/tardle/ntriptest/build/libmavconn' returned '0': CMAKE_PREFIX_PATH=${CMAKE_PREFIX_PATH}:/home/tardle/ntriptest/install/ntrip_utils:/home/tardle/ntriptest/install/ntrip_client:/opt/ros/humble /usr/bin/cmake --build /home/tardle/ntriptest/build/libmavconn -- -j32 -l32
[0.239s] Invoking command in '/home/tardle/ntriptest/build/libmavconn': CMAKE_PREFIX_PATH=${CMAKE_PREFIX_PATH}:/home/tardle/ntriptest/install/ntrip_utils:/home/tardle/ntriptest/install/ntrip_client:/opt/ros/humble /usr/bin/cmake --install /home/tardle/ntriptest/build/libmavconn
[0.244s] -- Install configuration: ""
[0.245s] -- Up-to-date: /home/tardle/ntriptest/install/libmavconn/lib/libmavconn.so
[0.245s] -- Up-to-date: /home/tardle/ntriptest/install/libmavconn/include
[0.246s] -- Up-to-date: /home/tardle/ntriptest/install/libmavconn/include/mavconn
[0.246s] -- Up-to-date: /home/tardle/ntriptest/install/libmavconn/include/mavconn/mavlink_dialect.hpp
[0.246s] -- Up-to-date: /home/tardle/ntriptest/install/libmavconn/include/mavconn/tcp.hpp
[0.246s] -- Up-to-date: /home/tardle/ntriptest/install/libmavconn/include/mavconn/msgbuffer.hpp
[0.246s] -- Up-to-date: /home/tardle/ntriptest/install/libmavconn/include/mavconn/thread_utils.hpp
[0.246s] -- Up-to-date: /home/tardle/ntriptest/install/libmavconn/include/mavconn/udp.hpp
[0.246s] -- Up-to-date: /home/tardle/ntriptest/install/libmavconn/include/mavconn/console_bridge_compat.hpp
[0.246s] -- Up-to-date: /home/tardle/ntriptest/install/libmavconn/include/mavconn/mavlink_dialect.hpp.em
[0.246s] -- Up-to-date: /home/tardle/ntriptest/install/libmavconn/include/mavconn/interface.hpp
[0.247s] -- Up-to-date: /home/tardle/ntriptest/install/libmavconn/include/mavconn/serial.hpp
[0.247s] -- Up-to-date: /home/tardle/ntriptest/install/libmavconn/include/mavconn
[0.247s] -- Up-to-date: /home/tardle/ntriptest/install/libmavconn/include/mavconn/mavlink_dialect.hpp
[0.247s] -- Up-to-date: /home/tardle/ntriptest/install/libmavconn/share/libmavconn/cmake
[0.247s] -- Up-to-date: /home/tardle/ntriptest/install/libmavconn/share/libmavconn/cmake/Modules
[0.247s] -- Up-to-date: /home/tardle/ntriptest/install/libmavconn/share/libmavconn/cmake/Modules/FindASIO.cmake
[0.247s] -- Up-to-date: /home/tardle/ntriptest/install/libmavconn/share/libmavconn/cmake/Modules/em_expand.cmake
[0.247s] -- Up-to-date: /home/tardle/ntriptest/install/libmavconn/share/libmavconn/cmake/Modules/CheckGeographicLibDatasets.cmake
[0.247s] -- Up-to-date: /home/tardle/ntriptest/install/libmavconn/share/libmavconn/environment/library_path.sh
[0.247s] -- Up-to-date: /home/tardle/ntriptest/install/libmavconn/share/libmavconn/environment/library_path.dsv
[0.247s] -- Up-to-date: /home/tardle/ntriptest/install/libmavconn/share/ament_index/resource_index/package_run_dependencies/libmavconn
[0.248s] -- Up-to-date: /home/tardle/ntriptest/install/libmavconn/share/ament_index/resource_index/parent_prefix_path/libmavconn
[0.248s] -- Up-to-date: /home/tardle/ntriptest/install/libmavconn/share/libmavconn/environment/ament_prefix_path.sh
[0.248s] -- Up-to-date: /home/tardle/ntriptest/install/libmavconn/share/libmavconn/environment/ament_prefix_path.dsv
[0.248s] -- Up-to-date: /home/tardle/ntriptest/install/libmavconn/share/libmavconn/environment/path.sh
[0.248s] -- Up-to-date: /home/tardle/ntriptest/install/libmavconn/share/libmavconn/environment/path.dsv
[0.248s] -- Up-to-date: /home/tardle/ntriptest/install/libmavconn/share/libmavconn/local_setup.bash
[0.248s] -- Up-to-date: /home/tardle/ntriptest/install/libmavconn/share/libmavconn/local_setup.sh
[0.248s] -- Up-to-date: /home/tardle/ntriptest/install/libmavconn/share/libmavconn/local_setup.zsh
[0.248s] -- Up-to-date: /home/tardle/ntriptest/install/libmavconn/share/libmavconn/local_setup.dsv
[0.248s] -- Installing: /home/tardle/ntriptest/install/libmavconn/share/libmavconn/package.dsv
[0.248s] -- Up-to-date: /home/tardle/ntriptest/install/libmavconn/share/ament_index/resource_index/packages/libmavconn
[0.248s] -- Up-to-date: /home/tardle/ntriptest/install/libmavconn/share/libmavconn/cmake/libmavconn-extras.cmake
[0.248s] -- Up-to-date: /home/tardle/ntriptest/install/libmavconn/share/libmavconn/cmake/ament_cmake_export_dependencies-extras.cmake
[0.248s] -- Up-to-date: /home/tardle/ntriptest/install/libmavconn/share/libmavconn/cmake/ament_cmake_export_include_directories-extras.cmake
[0.249s] -- Up-to-date: /home/tardle/ntriptest/install/libmavconn/share/libmavconn/cmake/ament_cmake_export_libraries-extras.cmake
[0.249s] -- Up-to-date: /home/tardle/ntriptest/install/libmavconn/share/libmavconn/cmake/libmavconnConfig.cmake
[0.249s] -- Up-to-date: /home/tardle/ntriptest/install/libmavconn/share/libmavconn/cmake/libmavconnConfig-version.cmake
[0.249s] -- Up-to-date: /home/tardle/ntriptest/install/libmavconn/share/libmavconn/package.xml
[0.250s] Invoked command in '/home/tardle/ntriptest/build/libmavconn' returned '0': CMAKE_PREFIX_PATH=${CMAKE_PREFIX_PATH}:/home/tardle/ntriptest/install/ntrip_utils:/home/tardle/ntriptest/install/ntrip_client:/opt/ros/humble /usr/bin/cmake --install /home/tardle/ntriptest/build/libmavconn
