[0.117s] DEBUG:colcon:Command line arguments: ['/usr/bin/colcon', 'build']
[0.117s] DEBUG:colcon:Parsed command line arguments: Namespace(log_base=None, log_level=None, verb_name='build', build_base='build', install_base='install', merge_install=False, symlink_install=False, test_result_base=None, continue_on_error=False, executor='parallel', parallel_workers=32, event_handlers=None, ignore_user_meta=False, metas=['./colcon.meta'], base_paths=['.'], packages_ignore=None, packages_ignore_regex=None, paths=None, packages_up_to=None, packages_up_to_regex=None, packages_above=None, packages_above_and_dependencies=None, packages_above_depth=None, packages_select_by_dep=None, packages_skip_by_dep=None, packages_skip_up_to=None, packages_select_build_failed=False, packages_skip_build_finished=False, packages_select_test_failures=False, packages_skip_test_passed=False, packages_select=None, packages_skip=None, packages_select_regex=None, packages_skip_regex=None, packages_start=None, packages_end=None, allow_overriding=[], cmake_args=None, cmake_target=None, cmake_target_skip_unavailable=False, cmake_clean_cache=False, cmake_clean_first=False, cmake_force_configure=False, ament_cmake_args=None, catkin_cmake_args=None, catkin_skip_building_tests=False, verb_parser=<colcon_defaults.argument_parser.defaults.DefaultArgumentsDecorator object at 0x70b04bf62350>, verb_extension=<colcon_core.verb.build.BuildVerb object at 0x70b04bf61e40>, main=<bound method BuildVerb.main of <colcon_core.verb.build.BuildVerb object at 0x70b04bf61e40>>)
[0.161s] Level 1:colcon.colcon_core.package_discovery:discover_packages(colcon_meta) check parameters
[0.161s] Level 1:colcon.colcon_core.package_discovery:discover_packages(recursive) check parameters
[0.161s] Level 1:colcon.colcon_core.package_discovery:discover_packages(ignore) check parameters
[0.161s] Level 1:colcon.colcon_core.package_discovery:discover_packages(path) check parameters
[0.161s] Level 1:colcon.colcon_core.package_discovery:discover_packages(colcon_meta) discover
[0.161s] Level 1:colcon.colcon_core.package_discovery:discover_packages(recursive) discover
[0.161s] INFO:colcon.colcon_core.package_discovery:Crawling recursively for packages in '/home/tardle/ntriptest'
[0.161s] Level 1:colcon.colcon_core.package_identification:_identify(.) by extensions ['ignore', 'ignore_ament_install']
[0.161s] Level 1:colcon.colcon_core.package_identification:_identify(.) by extension 'ignore'
[0.161s] Level 1:colcon.colcon_core.package_identification:_identify(.) by extension 'ignore_ament_install'
[0.162s] Level 1:colcon.colcon_core.package_identification:_identify(.) by extensions ['colcon_pkg']
[0.162s] Level 1:colcon.colcon_core.package_identification:_identify(.) by extension 'colcon_pkg'
[0.162s] Level 1:colcon.colcon_core.package_identification:_identify(.) by extensions ['colcon_meta']
[0.162s] Level 1:colcon.colcon_core.package_identification:_identify(.) by extension 'colcon_meta'
[0.162s] Level 1:colcon.colcon_core.package_identification:_identify(.) by extensions ['ros']
[0.162s] Level 1:colcon.colcon_core.package_identification:_identify(.) by extension 'ros'
[0.172s] Level 1:colcon.colcon_core.package_identification:_identify(.) by extensions ['cmake', 'python']
[0.172s] Level 1:colcon.colcon_core.package_identification:_identify(.) by extension 'cmake'
[0.172s] Level 1:colcon.colcon_core.package_identification:_identify(.) by extension 'python'
[0.172s] Level 1:colcon.colcon_core.package_identification:_identify(.) by extensions ['python_setup_py']
[0.172s] Level 1:colcon.colcon_core.package_identification:_identify(.) by extension 'python_setup_py'
[0.172s] Level 1:colcon.colcon_core.package_identification:_identify(build) by extensions ['ignore', 'ignore_ament_install']
[0.172s] Level 1:colcon.colcon_core.package_identification:_identify(build) by extension 'ignore'
[0.172s] Level 1:colcon.colcon_core.package_identification:_identify(build) ignored
[0.172s] Level 1:colcon.colcon_core.package_identification:_identify(install) by extensions ['ignore', 'ignore_ament_install']
[0.172s] Level 1:colcon.colcon_core.package_identification:_identify(install) by extension 'ignore'
[0.172s] Level 1:colcon.colcon_core.package_identification:_identify(install) ignored
[0.172s] Level 1:colcon.colcon_core.package_identification:_identify(log) by extensions ['ignore', 'ignore_ament_install']
[0.172s] Level 1:colcon.colcon_core.package_identification:_identify(log) by extension 'ignore'
[0.172s] Level 1:colcon.colcon_core.package_identification:_identify(log) ignored
[0.172s] Level 1:colcon.colcon_core.package_identification:_identify(src) by extensions ['ignore', 'ignore_ament_install']
[0.172s] Level 1:colcon.colcon_core.package_identification:_identify(src) by extension 'ignore'
[0.172s] Level 1:colcon.colcon_core.package_identification:_identify(src) by extension 'ignore_ament_install'
[0.172s] Level 1:colcon.colcon_core.package_identification:_identify(src) by extensions ['colcon_pkg']
[0.172s] Level 1:colcon.colcon_core.package_identification:_identify(src) by extension 'colcon_pkg'
[0.172s] Level 1:colcon.colcon_core.package_identification:_identify(src) by extensions ['colcon_meta']
[0.172s] Level 1:colcon.colcon_core.package_identification:_identify(src) by extension 'colcon_meta'
[0.172s] Level 1:colcon.colcon_core.package_identification:_identify(src) by extensions ['ros']
[0.172s] Level 1:colcon.colcon_core.package_identification:_identify(src) by extension 'ros'
[0.172s] Level 1:colcon.colcon_core.package_identification:_identify(src) by extensions ['cmake', 'python']
[0.172s] Level 1:colcon.colcon_core.package_identification:_identify(src) by extension 'cmake'
[0.172s] Level 1:colcon.colcon_core.package_identification:_identify(src) by extension 'python'
[0.172s] Level 1:colcon.colcon_core.package_identification:_identify(src) by extensions ['python_setup_py']
[0.172s] Level 1:colcon.colcon_core.package_identification:_identify(src) by extension 'python_setup_py'
[0.172s] Level 1:colcon.colcon_core.package_identification:_identify(src/build) by extensions ['ignore', 'ignore_ament_install']
[0.172s] Level 1:colcon.colcon_core.package_identification:_identify(src/build) by extension 'ignore'
[0.172s] Level 1:colcon.colcon_core.package_identification:_identify(src/build) ignored
[0.173s] Level 1:colcon.colcon_core.package_identification:_identify(src/install) by extensions ['ignore', 'ignore_ament_install']
[0.173s] Level 1:colcon.colcon_core.package_identification:_identify(src/install) by extension 'ignore'
[0.173s] Level 1:colcon.colcon_core.package_identification:_identify(src/install) ignored
[0.173s] Level 1:colcon.colcon_core.package_identification:_identify(src/log) by extensions ['ignore', 'ignore_ament_install']
[0.173s] Level 1:colcon.colcon_core.package_identification:_identify(src/log) by extension 'ignore'
[0.173s] Level 1:colcon.colcon_core.package_identification:_identify(src/log) ignored
[0.173s] Level 1:colcon.colcon_core.package_identification:_identify(src/ntrip_client) by extensions ['ignore', 'ignore_ament_install']
[0.173s] Level 1:colcon.colcon_core.package_identification:_identify(src/ntrip_client) by extension 'ignore'
[0.173s] Level 1:colcon.colcon_core.package_identification:_identify(src/ntrip_client) by extension 'ignore_ament_install'
[0.173s] Level 1:colcon.colcon_core.package_identification:_identify(src/ntrip_client) by extensions ['colcon_pkg']
[0.173s] Level 1:colcon.colcon_core.package_identification:_identify(src/ntrip_client) by extension 'colcon_pkg'
[0.173s] Level 1:colcon.colcon_core.package_identification:_identify(src/ntrip_client) by extensions ['colcon_meta']
[0.173s] Level 1:colcon.colcon_core.package_identification:_identify(src/ntrip_client) by extension 'colcon_meta'
[0.173s] Level 1:colcon.colcon_core.package_identification:_identify(src/ntrip_client) by extensions ['ros']
[0.173s] Level 1:colcon.colcon_core.package_identification:_identify(src/ntrip_client) by extension 'ros'
[0.175s] DEBUG:colcon.colcon_core.package_identification:Package 'src/ntrip_client' with type 'ros.ament_python' and name 'ntrip_client'
[0.175s] Level 1:colcon.colcon_core.package_identification:_identify(src/ntrip_utils) by extensions ['ignore', 'ignore_ament_install']
[0.175s] Level 1:colcon.colcon_core.package_identification:_identify(src/ntrip_utils) by extension 'ignore'
[0.175s] Level 1:colcon.colcon_core.package_identification:_identify(src/ntrip_utils) by extension 'ignore_ament_install'
[0.175s] Level 1:colcon.colcon_core.package_identification:_identify(src/ntrip_utils) by extensions ['colcon_pkg']
[0.175s] Level 1:colcon.colcon_core.package_identification:_identify(src/ntrip_utils) by extension 'colcon_pkg'
[0.175s] Level 1:colcon.colcon_core.package_identification:_identify(src/ntrip_utils) by extensions ['colcon_meta']
[0.175s] Level 1:colcon.colcon_core.package_identification:_identify(src/ntrip_utils) by extension 'colcon_meta'
[0.175s] Level 1:colcon.colcon_core.package_identification:_identify(src/ntrip_utils) by extensions ['ros']
[0.175s] Level 1:colcon.colcon_core.package_identification:_identify(src/ntrip_utils) by extension 'ros'
[0.176s] DEBUG:colcon.colcon_core.package_identification:Package 'src/ntrip_utils' with type 'ros.ament_python' and name 'ntrip_utils'
[0.176s] Level 1:colcon.colcon_core.package_discovery:discover_packages(recursive) using defaults
[0.176s] Level 1:colcon.colcon_core.package_discovery:discover_packages(ignore) discover
[0.176s] Level 1:colcon.colcon_core.package_discovery:discover_packages(ignore) using defaults
[0.176s] Level 1:colcon.colcon_core.package_discovery:discover_packages(path) discover
[0.176s] Level 1:colcon.colcon_core.package_discovery:discover_packages(path) using defaults
[0.191s] Level 1:colcon.colcon_core.package_discovery:discover_packages(prefix_path) check parameters
[0.191s] Level 1:colcon.colcon_core.package_discovery:discover_packages(prefix_path) discover
[0.193s] DEBUG:colcon.colcon_installed_package_information.package_discovery:Found 1 installed packages in /home/tardle/ntriptest/install
[0.194s] DEBUG:colcon.colcon_installed_package_information.package_discovery:Found 440 installed packages in /opt/ros/humble
[0.195s] Level 1:colcon.colcon_core.package_discovery:discover_packages(prefix_path) using defaults
[0.219s] Level 5:colcon.colcon_core.verb:set package 'ntrip_client' build argument 'cmake_args' from command line to 'None'
[0.219s] Level 5:colcon.colcon_core.verb:set package 'ntrip_client' build argument 'cmake_target' from command line to 'None'
[0.219s] Level 5:colcon.colcon_core.verb:set package 'ntrip_client' build argument 'cmake_target_skip_unavailable' from command line to 'False'
[0.219s] Level 5:colcon.colcon_core.verb:set package 'ntrip_client' build argument 'cmake_clean_cache' from command line to 'False'
[0.219s] Level 5:colcon.colcon_core.verb:set package 'ntrip_client' build argument 'cmake_clean_first' from command line to 'False'
[0.219s] Level 5:colcon.colcon_core.verb:set package 'ntrip_client' build argument 'cmake_force_configure' from command line to 'False'
[0.219s] Level 5:colcon.colcon_core.verb:set package 'ntrip_client' build argument 'ament_cmake_args' from command line to 'None'
[0.219s] Level 5:colcon.colcon_core.verb:set package 'ntrip_client' build argument 'catkin_cmake_args' from command line to 'None'
[0.219s] Level 5:colcon.colcon_core.verb:set package 'ntrip_client' build argument 'catkin_skip_building_tests' from command line to 'False'
[0.219s] DEBUG:colcon.colcon_core.verb:Building package 'ntrip_client' with the following arguments: {'ament_cmake_args': None, 'build_base': '/home/tardle/ntriptest/build/ntrip_client', 'catkin_cmake_args': None, 'catkin_skip_building_tests': False, 'cmake_args': None, 'cmake_clean_cache': False, 'cmake_clean_first': False, 'cmake_force_configure': False, 'cmake_target': None, 'cmake_target_skip_unavailable': False, 'install_base': '/home/tardle/ntriptest/install/ntrip_client', 'merge_install': False, 'path': '/home/tardle/ntriptest/src/ntrip_client', 'symlink_install': False, 'test_result_base': None}
[0.219s] Level 5:colcon.colcon_core.verb:set package 'ntrip_utils' build argument 'cmake_args' from command line to 'None'
[0.219s] Level 5:colcon.colcon_core.verb:set package 'ntrip_utils' build argument 'cmake_target' from command line to 'None'
[0.219s] Level 5:colcon.colcon_core.verb:set package 'ntrip_utils' build argument 'cmake_target_skip_unavailable' from command line to 'False'
[0.219s] Level 5:colcon.colcon_core.verb:set package 'ntrip_utils' build argument 'cmake_clean_cache' from command line to 'False'
[0.219s] Level 5:colcon.colcon_core.verb:set package 'ntrip_utils' build argument 'cmake_clean_first' from command line to 'False'
[0.219s] Level 5:colcon.colcon_core.verb:set package 'ntrip_utils' build argument 'cmake_force_configure' from command line to 'False'
[0.219s] Level 5:colcon.colcon_core.verb:set package 'ntrip_utils' build argument 'ament_cmake_args' from command line to 'None'
[0.219s] Level 5:colcon.colcon_core.verb:set package 'ntrip_utils' build argument 'catkin_cmake_args' from command line to 'None'
[0.219s] Level 5:colcon.colcon_core.verb:set package 'ntrip_utils' build argument 'catkin_skip_building_tests' from command line to 'False'
[0.219s] DEBUG:colcon.colcon_core.verb:Building package 'ntrip_utils' with the following arguments: {'ament_cmake_args': None, 'build_base': '/home/tardle/ntriptest/build/ntrip_utils', 'catkin_cmake_args': None, 'catkin_skip_building_tests': False, 'cmake_args': None, 'cmake_clean_cache': False, 'cmake_clean_first': False, 'cmake_force_configure': False, 'cmake_target': None, 'cmake_target_skip_unavailable': False, 'install_base': '/home/tardle/ntriptest/install/ntrip_utils', 'merge_install': False, 'path': '/home/tardle/ntriptest/src/ntrip_utils', 'symlink_install': False, 'test_result_base': None}
[0.219s] INFO:colcon.colcon_core.executor:Executing jobs using 'parallel' executor
[0.220s] DEBUG:colcon.colcon_parallel_executor.executor.parallel:run_until_complete
[0.220s] INFO:colcon.colcon_ros.task.ament_python.build:Building ROS package in '/home/tardle/ntriptest/src/ntrip_client' with build type 'ament_python'
[0.220s] Level 1:colcon.colcon_core.shell:create_environment_hook('ntrip_client', 'ament_prefix_path')
[0.223s] INFO:colcon.colcon_core.plugin_system:Skipping extension 'colcon_core.shell.bat': Not used on non-Windows systems
[0.224s] INFO:colcon.colcon_core.shell:Creating environment hook '/home/tardle/ntriptest/install/ntrip_client/share/ntrip_client/hook/ament_prefix_path.ps1'
[0.224s] INFO:colcon.colcon_core.shell:Creating environment descriptor '/home/tardle/ntriptest/install/ntrip_client/share/ntrip_client/hook/ament_prefix_path.dsv'
[0.225s] INFO:colcon.colcon_core.shell:Creating environment hook '/home/tardle/ntriptest/install/ntrip_client/share/ntrip_client/hook/ament_prefix_path.sh'
[0.226s] INFO:colcon.colcon_core.shell:Skip shell extension 'powershell' for command environment: Not usable outside of PowerShell
[0.226s] DEBUG:colcon.colcon_core.shell:Skip shell extension 'dsv' for command environment
[0.228s] INFO:colcon.colcon_ros.task.ament_python.build:Building ROS package in '/home/tardle/ntriptest/src/ntrip_utils' with build type 'ament_python'
[0.228s] Level 1:colcon.colcon_core.shell:create_environment_hook('ntrip_utils', 'ament_prefix_path')
[0.228s] INFO:colcon.colcon_core.shell:Creating environment hook '/home/tardle/ntriptest/install/ntrip_utils/share/ntrip_utils/hook/ament_prefix_path.ps1'
[0.229s] INFO:colcon.colcon_core.shell:Creating environment descriptor '/home/tardle/ntriptest/install/ntrip_utils/share/ntrip_utils/hook/ament_prefix_path.dsv'
[0.229s] INFO:colcon.colcon_core.shell:Creating environment hook '/home/tardle/ntriptest/install/ntrip_utils/share/ntrip_utils/hook/ament_prefix_path.sh'
[0.229s] INFO:colcon.colcon_core.shell:Skip shell extension 'powershell' for command environment: Not usable outside of PowerShell
[0.229s] DEBUG:colcon.colcon_core.shell:Skip shell extension 'dsv' for command environment
[0.321s] INFO:colcon.colcon_core.task.python.build:Building Python package in '/home/tardle/ntriptest/src/ntrip_client'
[0.321s] INFO:colcon.colcon_core.shell:Skip shell extension 'powershell' for command environment: Not usable outside of PowerShell
[0.321s] DEBUG:colcon.colcon_core.shell:Skip shell extension 'dsv' for command environment
[0.419s] INFO:colcon.colcon_core.task.python.build:Building Python package in '/home/tardle/ntriptest/src/ntrip_utils'
[0.419s] INFO:colcon.colcon_core.shell:Skip shell extension 'powershell' for command environment: Not usable outside of PowerShell
[0.419s] DEBUG:colcon.colcon_core.shell:Skip shell extension 'dsv' for command environment
[0.633s] DEBUG:colcon.colcon_core.event_handler.log_command:Invoking command in '/home/tardle/ntriptest/src/ntrip_client': PYTHONPATH=/home/tardle/ntriptest/build/ntrip_client/prefix_override:/usr/lib/python3/dist-packages/colcon_core/task/python/colcon_distutils_commands:/home/tardle/ntriptest/install/ntrip_client/lib/python3.10/site-packages:${PYTHONPATH} /usr/bin/python3 -W ignore:setup.py install is deprecated -W ignore:easy_install command is deprecated setup.py egg_info --egg-base ../../build/ntrip_client build --build-base /home/tardle/ntriptest/build/ntrip_client/build install --record /home/tardle/ntriptest/build/ntrip_client/install.log --single-version-externally-managed install_data
[0.639s] DEBUG:colcon.colcon_core.event_handler.log_command:Invoking command in '/home/tardle/ntriptest/src/ntrip_utils': PYTHONPATH=/home/tardle/ntriptest/build/ntrip_utils/prefix_override:/usr/lib/python3/dist-packages/colcon_core/task/python/colcon_distutils_commands:/home/tardle/ntriptest/install/ntrip_utils/lib/python3.10/site-packages:${PYTHONPATH} /usr/bin/python3 -W ignore:setup.py install is deprecated -W ignore:easy_install command is deprecated setup.py egg_info --egg-base ../../build/ntrip_utils build --build-base /home/tardle/ntriptest/build/ntrip_utils/build install --record /home/tardle/ntriptest/build/ntrip_utils/install.log --single-version-externally-managed install_data
[0.796s] DEBUG:colcon.colcon_core.event_handler.log_command:Invoked command in '/home/tardle/ntriptest/src/ntrip_utils' returned '0': PYTHONPATH=/home/tardle/ntriptest/build/ntrip_utils/prefix_override:/usr/lib/python3/dist-packages/colcon_core/task/python/colcon_distutils_commands:/home/tardle/ntriptest/install/ntrip_utils/lib/python3.10/site-packages:${PYTHONPATH} /usr/bin/python3 -W ignore:setup.py install is deprecated -W ignore:easy_install command is deprecated setup.py egg_info --egg-base ../../build/ntrip_utils build --build-base /home/tardle/ntriptest/build/ntrip_utils/build install --record /home/tardle/ntriptest/build/ntrip_utils/install.log --single-version-externally-managed install_data
[0.799s] Level 1:colcon.colcon_core.environment:checking '/home/tardle/ntriptest/install/ntrip_utils' for CMake module files
[0.799s] Level 1:colcon.colcon_core.environment:checking '/home/tardle/ntriptest/install/ntrip_utils' for CMake config files
[0.799s] Level 1:colcon.colcon_core.environment:checking '/home/tardle/ntriptest/install/ntrip_utils/lib'
[0.800s] Level 1:colcon.colcon_core.environment:checking '/home/tardle/ntriptest/install/ntrip_utils/bin'
[0.800s] Level 1:colcon.colcon_core.environment:checking '/home/tardle/ntriptest/install/ntrip_utils/lib/pkgconfig/ntrip_utils.pc'
[0.800s] Level 1:colcon.colcon_core.environment:checking '/home/tardle/ntriptest/install/ntrip_utils/lib/python3.10/site-packages'
[0.800s] Level 1:colcon.colcon_core.shell:create_environment_hook('ntrip_utils', 'pythonpath')
[0.800s] INFO:colcon.colcon_core.shell:Creating environment hook '/home/tardle/ntriptest/install/ntrip_utils/share/ntrip_utils/hook/pythonpath.ps1'
[0.800s] INFO:colcon.colcon_core.shell:Creating environment descriptor '/home/tardle/ntriptest/install/ntrip_utils/share/ntrip_utils/hook/pythonpath.dsv'
[0.800s] INFO:colcon.colcon_core.shell:Creating environment hook '/home/tardle/ntriptest/install/ntrip_utils/share/ntrip_utils/hook/pythonpath.sh'
[0.800s] Level 1:colcon.colcon_core.environment:checking '/home/tardle/ntriptest/install/ntrip_utils/bin'
[0.800s] Level 1:colcon.colcon_core.environment:create_environment_scripts_only(ntrip_utils)
[0.801s] INFO:colcon.colcon_core.shell:Creating package script '/home/tardle/ntriptest/install/ntrip_utils/share/ntrip_utils/package.ps1'
[0.801s] INFO:colcon.colcon_core.shell:Creating package descriptor '/home/tardle/ntriptest/install/ntrip_utils/share/ntrip_utils/package.dsv'
[0.802s] INFO:colcon.colcon_core.shell:Creating package script '/home/tardle/ntriptest/install/ntrip_utils/share/ntrip_utils/package.sh'
[0.802s] INFO:colcon.colcon_core.shell:Creating package script '/home/tardle/ntriptest/install/ntrip_utils/share/ntrip_utils/package.bash'
[0.803s] INFO:colcon.colcon_core.shell:Creating package script '/home/tardle/ntriptest/install/ntrip_utils/share/ntrip_utils/package.zsh'
[0.803s] Level 1:colcon.colcon_core.environment:create_file_with_runtime_dependencies(/home/tardle/ntriptest/install/ntrip_utils/share/colcon-core/packages/ntrip_utils)
[0.804s] Level 1:colcon.colcon_core.environment:checking '/home/tardle/ntriptest/install/ntrip_client' for CMake module files
[0.805s] DEBUG:colcon.colcon_core.event_handler.log_command:Invoked command in '/home/tardle/ntriptest/src/ntrip_client' returned '0': PYTHONPATH=/home/tardle/ntriptest/build/ntrip_client/prefix_override:/usr/lib/python3/dist-packages/colcon_core/task/python/colcon_distutils_commands:/home/tardle/ntriptest/install/ntrip_client/lib/python3.10/site-packages:${PYTHONPATH} /usr/bin/python3 -W ignore:setup.py install is deprecated -W ignore:easy_install command is deprecated setup.py egg_info --egg-base ../../build/ntrip_client build --build-base /home/tardle/ntriptest/build/ntrip_client/build install --record /home/tardle/ntriptest/build/ntrip_client/install.log --single-version-externally-managed install_data
[0.805s] Level 1:colcon.colcon_core.environment:checking '/home/tardle/ntriptest/install/ntrip_client' for CMake config files
[0.805s] Level 1:colcon.colcon_core.environment:checking '/home/tardle/ntriptest/install/ntrip_client/lib'
[0.805s] Level 1:colcon.colcon_core.environment:checking '/home/tardle/ntriptest/install/ntrip_client/bin'
[0.805s] Level 1:colcon.colcon_core.environment:checking '/home/tardle/ntriptest/install/ntrip_client/lib/pkgconfig/ntrip_client.pc'
[0.805s] Level 1:colcon.colcon_core.environment:checking '/home/tardle/ntriptest/install/ntrip_client/lib/python3.10/site-packages'
[0.805s] Level 1:colcon.colcon_core.shell:create_environment_hook('ntrip_client', 'pythonpath')
[0.805s] INFO:colcon.colcon_core.shell:Creating environment hook '/home/tardle/ntriptest/install/ntrip_client/share/ntrip_client/hook/pythonpath.ps1'
[0.806s] INFO:colcon.colcon_core.shell:Creating environment descriptor '/home/tardle/ntriptest/install/ntrip_client/share/ntrip_client/hook/pythonpath.dsv'
[0.806s] INFO:colcon.colcon_core.shell:Creating environment hook '/home/tardle/ntriptest/install/ntrip_client/share/ntrip_client/hook/pythonpath.sh'
[0.806s] Level 1:colcon.colcon_core.environment:checking '/home/tardle/ntriptest/install/ntrip_client/bin'
[0.806s] Level 1:colcon.colcon_core.environment:create_environment_scripts_only(ntrip_client)
[0.806s] INFO:colcon.colcon_core.shell:Creating package script '/home/tardle/ntriptest/install/ntrip_client/share/ntrip_client/package.ps1'
[0.806s] INFO:colcon.colcon_core.shell:Creating package descriptor '/home/tardle/ntriptest/install/ntrip_client/share/ntrip_client/package.dsv'
[0.807s] INFO:colcon.colcon_core.shell:Creating package script '/home/tardle/ntriptest/install/ntrip_client/share/ntrip_client/package.sh'
[0.807s] INFO:colcon.colcon_core.shell:Creating package script '/home/tardle/ntriptest/install/ntrip_client/share/ntrip_client/package.bash'
[0.807s] INFO:colcon.colcon_core.shell:Creating package script '/home/tardle/ntriptest/install/ntrip_client/share/ntrip_client/package.zsh'
[0.807s] Level 1:colcon.colcon_core.environment:create_file_with_runtime_dependencies(/home/tardle/ntriptest/install/ntrip_client/share/colcon-core/packages/ntrip_client)
[0.807s] DEBUG:colcon.colcon_parallel_executor.executor.parallel:closing loop
[0.807s] DEBUG:colcon.colcon_parallel_executor.executor.parallel:loop closed
[0.808s] DEBUG:colcon.colcon_parallel_executor.executor.parallel:run_until_complete finished with '0'
[0.808s] DEBUG:colcon.colcon_core.event_reactor:joining thread
[0.838s] INFO:colcon.colcon_core.plugin_system:Skipping extension 'colcon_notification.desktop_notification.notify_send': Could not find 'notify-send'
[0.838s] INFO:colcon.colcon_core.plugin_system:Skipping extension 'colcon_notification.desktop_notification.terminal_notifier': Not used on non-Darwin systems
[0.838s] INFO:colcon.colcon_core.plugin_system:Skipping extension 'colcon_notification.desktop_notification.win32': Not used on non-Windows systems
[0.838s] INFO:colcon.colcon_notification.desktop_notification:Sending desktop notification using 'notify2'
[0.838s] DEBUG:colcon.colcon_notification.desktop_notification.notify2:Failed to initialize notify2: org.freedesktop.DBus.Error.FileNotFound: Failed to connect to socket /run/user/1000/bus: No such file or directory
[0.839s] DEBUG:colcon.colcon_core.event_reactor:joined thread
[0.839s] INFO:colcon.colcon_core.shell:Creating prefix script '/home/tardle/ntriptest/install/local_setup.ps1'
[0.839s] INFO:colcon.colcon_core.shell:Creating prefix util module '/home/tardle/ntriptest/install/_local_setup_util_ps1.py'
[0.840s] INFO:colcon.colcon_core.shell:Creating prefix chain script '/home/tardle/ntriptest/install/setup.ps1'
[0.841s] INFO:colcon.colcon_core.shell:Creating prefix script '/home/tardle/ntriptest/install/local_setup.sh'
[0.842s] INFO:colcon.colcon_core.shell:Creating prefix util module '/home/tardle/ntriptest/install/_local_setup_util_sh.py'
[0.842s] INFO:colcon.colcon_core.shell:Creating prefix chain script '/home/tardle/ntriptest/install/setup.sh'
[0.843s] INFO:colcon.colcon_core.shell:Creating prefix script '/home/tardle/ntriptest/install/local_setup.bash'
[0.843s] INFO:colcon.colcon_core.shell:Creating prefix chain script '/home/tardle/ntriptest/install/setup.bash'
[0.844s] INFO:colcon.colcon_core.shell:Creating prefix script '/home/tardle/ntriptest/install/local_setup.zsh'
[0.844s] INFO:colcon.colcon_core.shell:Creating prefix chain script '/home/tardle/ntriptest/install/setup.zsh'
