[0.844s] Invoking command in '/home/tardle/ntriptest/src/ntrip_utils': PYTHONPATH=/home/tardle/ntriptest/build/ntrip_utils/prefix_override:/usr/lib/python3/dist-packages/colcon_core/task/python/colcon_distutils_commands:/home/tardle/ntriptest/install/ntrip_utils/lib/python3.10/site-packages:${PYTHONPATH} /usr/bin/python3 -W ignore:setup.py install is deprecated -W ignore:easy_install command is deprecated setup.py egg_info --egg-base ../../build/ntrip_utils build --build-base /home/tardle/ntriptest/build/ntrip_utils/build install --record /home/tardle/ntriptest/build/ntrip_utils/install.log --single-version-externally-managed install_data
[0.946s] /home/tardle/.local/lib/python3.10/site-packages/setuptools/_distutils/dist.py:289: UserWarning: Unknown distribution option: 'tests_require'
[0.946s]   warnings.warn(msg)
[1.007s] running egg_info
[1.014s] writing ../../build/ntrip_utils/ntrip_utils.egg-info/PKG-INFO
[1.058s] writing dependency_links to ../../build/ntrip_utils/ntrip_utils.egg-info/dependency_links.txt
[1.059s] writing entry points to ../../build/ntrip_utils/ntrip_utils.egg-info/entry_points.txt
[1.059s] writing requirements to ../../build/ntrip_utils/ntrip_utils.egg-info/requires.txt
[1.059s] writing top-level names to ../../build/ntrip_utils/ntrip_utils.egg-info/top_level.txt
[1.080s] reading manifest file '../../build/ntrip_utils/ntrip_utils.egg-info/SOURCES.txt'
[1.084s] writing manifest file '../../build/ntrip_utils/ntrip_utils.egg-info/SOURCES.txt'
[1.084s] running build
[1.084s] running build_py
[1.084s] copying ntrip_utils/RTCM_bridge.py -> /home/tardle/ntriptest/build/ntrip_utils/build/lib/ntrip_utils
[1.205s] copying ntrip_utils/gga_publisher.py -> /home/tardle/ntriptest/build/ntrip_utils/build/lib/ntrip_utils
[1.235s] copying ntrip_utils/__init__.py -> /home/tardle/ntriptest/build/ntrip_utils/build/lib/ntrip_utils
[1.235s] running install
[1.237s] running install_lib
[1.245s] running install_data
[1.245s] copying resource/ntrip_utils -> /home/tardle/ntriptest/install/ntrip_utils/share/ament_index/resource_index/packages
[1.245s] copying package.xml -> /home/tardle/ntriptest/install/ntrip_utils/share/ntrip_utils
[1.246s] running install_egg_info
[1.253s] removing '/home/tardle/ntriptest/install/ntrip_utils/lib/python3.10/site-packages/ntrip_utils-0.0.0-py3.10.egg-info' (and everything under it)
[1.253s] Copying ../../build/ntrip_utils/ntrip_utils.egg-info to /home/tardle/ntriptest/install/ntrip_utils/lib/python3.10/site-packages/ntrip_utils-0.0.0-py3.10.egg-info
[1.297s] running install_scripts
[1.319s] Installing gga_publisher script to /home/tardle/ntriptest/install/ntrip_utils/lib/ntrip_utils
[1.319s] writing list of installed files to '/home/tardle/ntriptest/build/ntrip_utils/install.log'
[1.363s] Invoked command in '/home/tardle/ntriptest/src/ntrip_utils' returned '0': PYTHONPATH=/home/tardle/ntriptest/build/ntrip_utils/prefix_override:/usr/lib/python3/dist-packages/colcon_core/task/python/colcon_distutils_commands:/home/tardle/ntriptest/install/ntrip_utils/lib/python3.10/site-packages:${PYTHONPATH} /usr/bin/python3 -W ignore:setup.py install is deprecated -W ignore:easy_install command is deprecated setup.py egg_info --egg-base ../../build/ntrip_utils build --build-base /home/tardle/ntriptest/build/ntrip_utils/build install --record /home/tardle/ntriptest/build/ntrip_utils/install.log --single-version-externally-managed install_data
